#***************************************************************************

#sjplacer

#Version:            1.1

#Build Date:         Oct  1 2015 13:46:59

#File Generated:     Aug 29 2016 11:13:20

#Purpose:            

#Copyright (C) 2010-2011 by Softjin Technologies Pvt Ltd. All rights reserved.

#***************************************************************************

Executing : C:\Program Files (x86)\Cypress\PSoC Creator\3.3\PSoC Creator\bin/sjplacer.exe --proj-name AI_mini_bace --netlist-vh2 AI_mini_bace_p.vh2 --arch-file C:\Program Files (x86)\Cypress\PSoC Creator\3.3\PSoC Creator\dev/arch/p35_udb4x6.ark --rrg-file C:\Program Files (x86)\Cypress\PSoC Creator\3.3\PSoC Creator\dev/psoc5/psoc5lp/route_arch-rrg.cydata --irq-file C:\Program Files (x86)\Cypress\PSoC Creator\3.3\PSoC Creator\dev/psoc5/psoc5lp/irqconn.cydata --drq-file C:\Program Files (x86)\Cypress\PSoC Creator\3.3\PSoC Creator\dev/psoc5/psoc5lp/dmaconn.cydata --dsi-conn-file C:\Program Files (x86)\Cypress\PSoC Creator\3.3\PSoC Creator\dev/psoc5/psoc5lp/dsiconn.cydata --pins-file pins_68-QFN.xml --lib-file AI_mini_bace_p.lib --sdc-file AI_mini_bace.sdc --io-pcf AI_mini_bace.pci --outdir .

		Softjin Techologies Placer, Version 1.1

Build Date : Oct  1 2015	13:44:59

D2004: Option and Settings Summary
=============================================================
Netlist vh2 file          - AI_mini_bace_p.vh2
Architecture file         - C:\Program Files (x86)\Cypress\PSoC Creator\3.3\PSoC Creator\dev/arch/p35_udb4x6.ark
Package                   - 
Defparam file             - 
SDC file                  - AI_mini_bace.sdc
Output directory          - .
Timing library            - AI_mini_bace_p.lib
IO Placement file         - AI_mini_bace.pci

D2050: Starting reading inputs for placer
=============================================================
D2065: Reading netlist file : "AI_mini_bace_p.vh2"
D2065: Reading arch file : "C:\Program Files (x86)\Cypress\PSoC Creator\3.3\PSoC Creator\dev/arch/p35_udb4x6.ark"
D2051: Reading of inputs for placer completed successfully

D2053: Starting placement of the design
=============================================================

Phase 2
Phase 3

Design Statistics after Packing
    Number of Combinational MCs 	:	17
    Number of Sequential MCs    	:	31
    Number of DPs               	:	6
    Number of Controls          	:	2
    Number of Status            	:	4
    Number of SyncCells         	:	0
    Number of count7cells       	:	0

Device Utilization Summary after Packing
    Macrocells                  :	48/192
    UDBS                        :	9/24
    IOs                         :	13/72


D2088: Phase 3, elapsed time : 0.0 (sec)

Phase 4
D2088: Phase 4, elapsed time : 0.0 (sec)

Phase 5
D2088: Phase 5, elapsed time : 0.0 (sec)

Phase 6

######################################################################
Placement Timing Summary

The timing summary is based on estimated routing delays after
placement. For final timing report, please carry out the timing
analysis after routing.
======================================================================

######################################################################
                     Clock Summary 
======================================================================
Number of clocks: 13
Clock: ADC_SAR_Seq_theACLK  | Frequency: N/A       | Target:  12.0 MHz
Clock: ADC_SAR_Seq_theACLK(routed) | Frequency: N/A       | Target:  12.0 MHz
Clock: Clock_1              | Frequency:  59.7 MHz | Target:  24.0 MHz
Clock: Clock_2              | Frequency: N/A       | Target:   0.0 MHz
Clock: Clock_2(routed)      | Frequency: N/A       | Target:   0.0 MHz
Clock: Clock_3              | Frequency:  40.7 MHz | Target:   0.0 MHz
Clock: CyBUS_CLK            | Frequency: N/A       | Target:  24.0 MHz
Clock: CyBUS_CLK(fixed-function) | Frequency: N/A       | Target:  24.0 MHz
Clock: CyILO                | Frequency: N/A       | Target:   0.0 MHz
Clock: CyIMO                | Frequency: N/A       | Target:   3.0 MHz
Clock: CyMASTER_CLK         | Frequency: N/A       | Target:  24.0 MHz
Clock: CyPLL_OUT            | Frequency: N/A       | Target:  24.0 MHz
Clock: UART_1_IntClock      | Frequency:  55.3 MHz | Target:   0.1 MHz

======================================================================
                     End of Clock Summary
######################################################################

D2088: Phase 6, elapsed time : 0.1 (sec)

Phase 7
######################################################################
                     Clock Summary 
======================================================================
Number of clocks: 13
Clock: ADC_SAR_Seq_theACLK  | Frequency: N/A       | Target:  12.0 MHz
Clock: ADC_SAR_Seq_theACLK(routed) | Frequency: N/A       | Target:  12.0 MHz
Clock: Clock_1              | Frequency:  59.7 MHz | Target:  24.0 MHz
Clock: Clock_2              | Frequency: N/A       | Target:   0.0 MHz
Clock: Clock_2(routed)      | Frequency: N/A       | Target:   0.0 MHz
Clock: Clock_3              | Frequency:  42.6 MHz | Target:   0.0 MHz
Clock: CyBUS_CLK            | Frequency: N/A       | Target:  24.0 MHz
Clock: CyBUS_CLK(fixed-function) | Frequency: N/A       | Target:  24.0 MHz
Clock: CyILO                | Frequency: N/A       | Target:   0.0 MHz
Clock: CyIMO                | Frequency: N/A       | Target:   3.0 MHz
Clock: CyMASTER_CLK         | Frequency: N/A       | Target:  24.0 MHz
Clock: CyPLL_OUT            | Frequency: N/A       | Target:  24.0 MHz
Clock: UART_1_IntClock      | Frequency:  55.3 MHz | Target:   0.1 MHz

======================================================================
                     End of Clock Summary
######################################################################
D2088: Phase 7, elapsed time : 2.1 (sec)

Final Design Statistics
    Number of Combinational MCs 	:	17
    Number of Sequential MCs    	:	31
    Number of DPs               	:	6
    Number of Controls          	:	2
    Number of Status            	:	4
    Number of SyncCells         	:	0
    Number of count7cells       	:	0
    Number of IOs       	:	13

Device Utilization Summary
    Macrocells                  :	48/192
    IOs                         :	13/72



######################################################################
Placement Timing Summary

The timing summary is based on estimated routing delays after
placement. For final timing report, please carry out the timing
analysis after routing.
======================================================================


######################################################################
                     Clock Summary 
======================================================================
Number of clocks: 13
Clock: ADC_SAR_Seq_theACLK  | Frequency: N/A       | Target:  12.0 MHz
Clock: ADC_SAR_Seq_theACLK(routed) | Frequency: N/A       | Target:  12.0 MHz
Clock: Clock_1              | Frequency:  59.7 MHz | Target:  26.3 MHz
Clock: Clock_2              | Frequency: N/A       | Target:   0.0 MHz
Clock: Clock_2(routed)      | Frequency: N/A       | Target:   0.0 MHz
Clock: Clock_3              | Frequency:  37.2 MHz | Target:   0.0 MHz
Clock: CyBUS_CLK            | Frequency: N/A       | Target:  24.0 MHz
Clock: CyBUS_CLK(fixed-function) | Frequency: N/A       | Target:  24.0 MHz
Clock: CyILO                | Frequency: N/A       | Target:   0.0 MHz
Clock: CyIMO                | Frequency: N/A       | Target:   3.0 MHz
Clock: CyMASTER_CLK         | Frequency: N/A       | Target:  24.0 MHz
Clock: CyPLL_OUT            | Frequency: N/A       | Target:  24.0 MHz
Clock: UART_1_IntClock      | Frequency:  43.8 MHz | Target:   0.1 MHz

======================================================================
                     End of Clock Summary
######################################################################

Phase 8
D2088: Phase 8, elapsed time : 0.0 (sec)

D2054: Placement of the design completed successfully

I2076: Total run-time: 4.8 sec.

