ARM GAS  C:\Users\satomin\AppData\Local\Temp\cckPRkmn.s 			page 1


   1              		.syntax unified
   2              		.cpu cortex-m3
   3              		.fpu softvfp
   4              		.eabi_attribute 20, 1
   5              		.eabi_attribute 21, 1
   6              		.eabi_attribute 23, 3
   7              		.eabi_attribute 24, 1
   8              		.eabi_attribute 25, 1
   9              		.eabi_attribute 26, 1
  10              		.eabi_attribute 30, 1
  11              		.eabi_attribute 34, 1
  12              		.eabi_attribute 18, 4
  13              		.thumb
  14              		.file	"cymetadata.c"
  15              		.text
  16              	.Ltext0:
  17              		.cfi_sections	.debug_frame
  18              		.global	cy_metadata
  19              		.global	cy_meta_flashprotect
  20              		.global	cy_meta_wonvl
  21              		.global	cy_meta_custnvl
  22              		.global	cy_meta_configecc
  23              		.section	.cyconfigecc,"a",%progbits
  24              		.align	2
  25              		.type	cy_meta_configecc, %object
  26              		.size	cy_meta_configecc, 1864
  27              	cy_meta_configecc:
  28 0000 05       		.byte	5
  29 0001 52       		.byte	82
  30 0002 00       		.byte	0
  31 0003 40       		.byte	64
  32 0004 01       		.byte	1
  33 0005 5B       		.byte	91
  34 0006 00       		.byte	0
  35 0007 40       		.byte	64
  36 0008 03       		.byte	3
  37 0009 64       		.byte	100
  38 000a 00       		.byte	0
  39 000b 40       		.byte	64
  40 000c 01       		.byte	1
  41 000d 65       		.byte	101
  42 000e 00       		.byte	0
  43 000f 40       		.byte	64
  44 0010 5A       		.byte	90
  45 0011 02       		.byte	2
  46 0012 01       		.byte	1
  47 0013 40       		.byte	64
  48 0014 38       		.byte	56
  49 0015 03       		.byte	3
  50 0016 01       		.byte	1
  51 0017 40       		.byte	64
  52 0018 5C       		.byte	92
  53 0019 04       		.byte	4
  54 001a 01       		.byte	1
  55 001b 40       		.byte	64
  56 001c 42       		.byte	66
  57 001d 05       		.byte	5
ARM GAS  C:\Users\satomin\AppData\Local\Temp\cckPRkmn.s 			page 2


  58 001e 01       		.byte	1
  59 001f 40       		.byte	64
  60 0020 45       		.byte	69
  61 0021 06       		.byte	6
  62 0022 01       		.byte	1
  63 0023 40       		.byte	64
  64 0024 44       		.byte	68
  65 0025 07       		.byte	7
  66 0026 01       		.byte	1
  67 0027 40       		.byte	64
  68 0028 04       		.byte	4
  69 0029 08       		.byte	8
  70 002a 01       		.byte	1
  71 002b 40       		.byte	64
  72 002c 01       		.byte	1
  73 002d 09       		.byte	9
  74 002e 01       		.byte	1
  75 002f 40       		.byte	64
  76 0030 01       		.byte	1
  77 0031 0D       		.byte	13
  78 0032 01       		.byte	1
  79 0033 40       		.byte	64
  80 0034 4E       		.byte	78
  81 0035 14       		.byte	20
  82 0036 01       		.byte	1
  83 0037 40       		.byte	64
  84 0038 3F       		.byte	63
  85 0039 15       		.byte	21
  86 003a 01       		.byte	1
  87 003b 40       		.byte	64
  88 003c 58       		.byte	88
  89 003d 16       		.byte	22
  90 003e 01       		.byte	1
  91 003f 40       		.byte	64
  92 0040 42       		.byte	66
  93 0041 17       		.byte	23
  94 0042 01       		.byte	1
  95 0043 40       		.byte	64
  96 0044 01       		.byte	1
  97 0045 19       		.byte	25
  98 0046 01       		.byte	1
  99 0047 40       		.byte	64
 100 0048 03       		.byte	3
 101 0049 1B       		.byte	27
 102 004a 01       		.byte	1
 103 004b 40       		.byte	64
 104 004c 03       		.byte	3
 105 004d 40       		.byte	64
 106 004e 01       		.byte	1
 107 004f 40       		.byte	64
 108 0050 06       		.byte	6
 109 0051 41       		.byte	65
 110 0052 01       		.byte	1
 111 0053 40       		.byte	64
 112 0054 0C       		.byte	12
 113 0055 42       		.byte	66
 114 0056 01       		.byte	1
ARM GAS  C:\Users\satomin\AppData\Local\Temp\cckPRkmn.s 			page 3


 115 0057 40       		.byte	64
 116 0058 03       		.byte	3
 117 0059 43       		.byte	67
 118 005a 01       		.byte	1
 119 005b 40       		.byte	64
 120 005c 09       		.byte	9
 121 005d 45       		.byte	69
 122 005e 01       		.byte	1
 123 005f 40       		.byte	64
 124 0060 05       		.byte	5
 125 0061 46       		.byte	70
 126 0062 01       		.byte	1
 127 0063 40       		.byte	64
 128 0064 05       		.byte	5
 129 0065 47       		.byte	71
 130 0066 01       		.byte	1
 131 0067 40       		.byte	64
 132 0068 04       		.byte	4
 133 0069 48       		.byte	72
 134 006a 01       		.byte	1
 135 006b 40       		.byte	64
 136 006c 09       		.byte	9
 137 006d 49       		.byte	73
 138 006e 01       		.byte	1
 139 006f 40       		.byte	64
 140 0070 15       		.byte	21
 141 0071 4C       		.byte	76
 142 0072 01       		.byte	1
 143 0073 40       		.byte	64
 144 0074 06       		.byte	6
 145 0075 4D       		.byte	77
 146 0076 01       		.byte	1
 147 0077 40       		.byte	64
 148 0078 05       		.byte	5
 149 0079 50       		.byte	80
 150 007a 01       		.byte	1
 151 007b 40       		.byte	64
 152 007c 02       		.byte	2
 153 007d 51       		.byte	81
 154 007e 01       		.byte	1
 155 007f 40       		.byte	64
 156 0080 09       		.byte	9
 157 0081 10       		.byte	16
 158 0082 10       		.byte	16
 159 0083 01       		.byte	1
 160 0084 14       		.byte	20
 161 0085 0D       		.byte	13
 162 0086 60       		.byte	96
 163 0087 88       		.byte	-120
 164 0088 61       		.byte	97
 165 0089 8C       		.byte	-116
 166 008a 2F       		.byte	47
 167 008b 84       		.byte	-124
 168 008c 82       		.byte	-126
 169 008d 0F       		.byte	15
 170 008e 83       		.byte	-125
 171 008f 6F       		.byte	111
ARM GAS  C:\Users\satomin\AppData\Local\Temp\cckPRkmn.s 			page 4


 172 0090 85       		.byte	-123
 173 0091 0F       		.byte	15
 174 0092 84       		.byte	-124
 175 0093 0F       		.byte	15
 176 0094 01       		.byte	1
 177 0095 05       		.byte	5
 178 0096 04       		.byte	4
 179 0097 01       		.byte	1
 180 0098 0C       		.byte	12
 181 0099 01       		.byte	1
 182 009a 11       		.byte	17
 183 009b 03       		.byte	3
 184 009c 19       		.byte	25
 185 009d 06       		.byte	6
 186 009e 1D       		.byte	29
 187 009f 06       		.byte	6
 188 00a0 22       		.byte	34
 189 00a1 01       		.byte	1
 190 00a2 31       		.byte	49
 191 00a3 07       		.byte	7
 192 00a4 32       		.byte	50
 193 00a5 01       		.byte	1
 194 00a6 39       		.byte	57
 195 00a7 02       		.byte	2
 196 00a8 3E       		.byte	62
 197 00a9 04       		.byte	4
 198 00aa 40       		.byte	64
 199 00ab 61       		.byte	97
 200 00ac 41       		.byte	65
 201 00ad 05       		.byte	5
 202 00ae 49       		.byte	73
 203 00af FF       		.byte	-1
 204 00b0 4A       		.byte	74
 205 00b1 FF       		.byte	-1
 206 00b2 4B       		.byte	75
 207 00b3 FF       		.byte	-1
 208 00b4 4D       		.byte	77
 209 00b5 A0       		.byte	-96
 210 00b6 4F       		.byte	79
 211 00b7 01       		.byte	1
 212 00b8 50       		.byte	80
 213 00b9 18       		.byte	24
 214 00ba 54       		.byte	84
 215 00bb 0F       		.byte	15
 216 00bc 58       		.byte	88
 217 00bd 04       		.byte	4
 218 00be 59       		.byte	89
 219 00bf 04       		.byte	4
 220 00c0 5A       		.byte	90
 221 00c1 04       		.byte	4
 222 00c2 5B       		.byte	91
 223 00c3 04       		.byte	4
 224 00c4 5C       		.byte	92
 225 00c5 40       		.byte	64
 226 00c6 5D       		.byte	93
 227 00c7 44       		.byte	68
 228 00c8 5F       		.byte	95
ARM GAS  C:\Users\satomin\AppData\Local\Temp\cckPRkmn.s 			page 5


 229 00c9 01       		.byte	1
 230 00ca 60       		.byte	96
 231 00cb 40       		.byte	64
 232 00cc 62       		.byte	98
 233 00cd 80       		.byte	-128
 234 00ce 64       		.byte	100
 235 00cf 40       		.byte	64
 236 00d0 65       		.byte	101
 237 00d1 40       		.byte	64
 238 00d2 66       		.byte	102
 239 00d3 80       		.byte	-128
 240 00d4 68       		.byte	104
 241 00d5 40       		.byte	64
 242 00d6 6A       		.byte	106
 243 00d7 80       		.byte	-128
 244 00d8 6C       		.byte	108
 245 00d9 40       		.byte	64
 246 00da 6D       		.byte	109
 247 00db 20       		.byte	32
 248 00dc 6E       		.byte	110
 249 00dd 80       		.byte	-128
 250 00de 83       		.byte	-125
 251 00df 01       		.byte	1
 252 00e0 85       		.byte	-123
 253 00e1 06       		.byte	6
 254 00e2 87       		.byte	-121
 255 00e3 18       		.byte	24
 256 00e4 88       		.byte	-120
 257 00e5 02       		.byte	2
 258 00e6 89       		.byte	-119
 259 00e7 0A       		.byte	10
 260 00e8 8B       		.byte	-117
 261 00e9 14       		.byte	20
 262 00ea 8D       		.byte	-115
 263 00eb 1E       		.byte	30
 264 00ec 91       		.byte	-111
 265 00ed 0E       		.byte	14
 266 00ee 9D       		.byte	-99
 267 00ef 14       		.byte	20
 268 00f0 9E       		.byte	-98
 269 00f1 01       		.byte	1
 270 00f2 9F       		.byte	-97
 271 00f3 0A       		.byte	10
 272 00f4 A2       		.byte	-94
 273 00f5 04       		.byte	4
 274 00f6 A5       		.byte	-91
 275 00f7 18       		.byte	24
 276 00f8 A6       		.byte	-90
 277 00f9 02       		.byte	2
 278 00fa A7       		.byte	-89
 279 00fb 06       		.byte	6
 280 00fc A8       		.byte	-88
 281 00fd 01       		.byte	1
 282 00fe B0       		.byte	-80
 283 00ff 01       		.byte	1
 284 0100 B2       		.byte	-78
 285 0101 02       		.byte	2
ARM GAS  C:\Users\satomin\AppData\Local\Temp\cckPRkmn.s 			page 6


 286 0102 B3       		.byte	-77
 287 0103 01       		.byte	1
 288 0104 B4       		.byte	-76
 289 0105 04       		.byte	4
 290 0106 B7       		.byte	-73
 291 0107 1E       		.byte	30
 292 0108 BE       		.byte	-66
 293 0109 05       		.byte	5
 294 010a C0       		.byte	-64
 295 010b 61       		.byte	97
 296 010c C1       		.byte	-63
 297 010d 05       		.byte	5
 298 010e C5       		.byte	-59
 299 010f 23       		.byte	35
 300 0110 C6       		.byte	-58
 301 0111 C4       		.byte	-60
 302 0112 C7       		.byte	-57
 303 0113 0E       		.byte	14
 304 0114 C8       		.byte	-56
 305 0115 1F       		.byte	31
 306 0116 C9       		.byte	-55
 307 0117 FF       		.byte	-1
 308 0118 CA       		.byte	-54
 309 0119 FF       		.byte	-1
 310 011a CB       		.byte	-53
 311 011b FF       		.byte	-1
 312 011c CD       		.byte	-51
 313 011d AF       		.byte	-81
 314 011e CE       		.byte	-50
 315 011f 07       		.byte	7
 316 0120 CF       		.byte	-49
 317 0121 01       		.byte	1
 318 0122 D0       		.byte	-48
 319 0123 18       		.byte	24
 320 0124 D4       		.byte	-44
 321 0125 0F       		.byte	15
 322 0126 D8       		.byte	-40
 323 0127 04       		.byte	4
 324 0128 D9       		.byte	-39
 325 0129 04       		.byte	4
 326 012a DA       		.byte	-38
 327 012b 04       		.byte	4
 328 012c DB       		.byte	-37
 329 012d 04       		.byte	4
 330 012e DC       		.byte	-36
 331 012f 44       		.byte	68
 332 0130 DD       		.byte	-35
 333 0131 44       		.byte	68
 334 0132 DF       		.byte	-33
 335 0133 05       		.byte	5
 336 0134 E0       		.byte	-32
 337 0135 40       		.byte	64
 338 0136 E2       		.byte	-30
 339 0137 80       		.byte	-128
 340 0138 E4       		.byte	-28
 341 0139 40       		.byte	64
 342 013a E5       		.byte	-27
ARM GAS  C:\Users\satomin\AppData\Local\Temp\cckPRkmn.s 			page 7


 343 013b 40       		.byte	64
 344 013c E6       		.byte	-26
 345 013d 80       		.byte	-128
 346 013e E8       		.byte	-24
 347 013f 40       		.byte	64
 348 0140 EA       		.byte	-22
 349 0141 80       		.byte	-128
 350 0142 EC       		.byte	-20
 351 0143 40       		.byte	64
 352 0144 ED       		.byte	-19
 353 0145 20       		.byte	32
 354 0146 EE       		.byte	-18
 355 0147 80       		.byte	-128
 356 0148 00       		.byte	0
 357 0149 20       		.byte	32
 358 014a 04       		.byte	4
 359 014b 08       		.byte	8
 360 014c 05       		.byte	5
 361 014d 80       		.byte	-128
 362 014e 0B       		.byte	11
 363 014f 02       		.byte	2
 364 0150 12       		.byte	18
 365 0151 40       		.byte	64
 366 0152 13       		.byte	19
 367 0153 24       		.byte	36
 368 0154 17       		.byte	23
 369 0155 02       		.byte	2
 370 0156 18       		.byte	24
 371 0157 08       		.byte	8
 372 0158 19       		.byte	25
 373 0159 05       		.byte	5
 374 015a 1E       		.byte	30
 375 015b 20       		.byte	32
 376 015c 20       		.byte	32
 377 015d 02       		.byte	2
 378 015e 21       		.byte	33
 379 015f 40       		.byte	64
 380 0160 22       		.byte	34
 381 0161 80       		.byte	-128
 382 0162 23       		.byte	35
 383 0163 21       		.byte	33
 384 0164 24       		.byte	36
 385 0165 40       		.byte	64
 386 0166 26       		.byte	38
 387 0167 02       		.byte	2
 388 0168 28       		.byte	40
 389 0169 10       		.byte	16
 390 016a 32       		.byte	50
 391 016b 02       		.byte	2
 392 016c 33       		.byte	51
 393 016d 40       		.byte	64
 394 016e 34       		.byte	52
 395 016f 10       		.byte	16
 396 0170 36       		.byte	54
 397 0171 02       		.byte	2
 398 0172 37       		.byte	55
 399 0173 40       		.byte	64
ARM GAS  C:\Users\satomin\AppData\Local\Temp\cckPRkmn.s 			page 8


 400 0174 39       		.byte	57
 401 0175 A4       		.byte	-92
 402 0176 3B       		.byte	59
 403 0177 02       		.byte	2
 404 0178 3C       		.byte	60
 405 0179 02       		.byte	2
 406 017a 42       		.byte	66
 407 017b 02       		.byte	2
 408 017c 44       		.byte	68
 409 017d 01       		.byte	1
 410 017e 46       		.byte	70
 411 017f 02       		.byte	2
 412 0180 49       		.byte	73
 413 0181 A0       		.byte	-96
 414 0182 4B       		.byte	75
 415 0183 06       		.byte	6
 416 0184 4D       		.byte	77
 417 0185 A0       		.byte	-96
 418 0186 4E       		.byte	78
 419 0187 01       		.byte	1
 420 0188 51       		.byte	81
 421 0189 08       		.byte	8
 422 018a 52       		.byte	82
 423 018b 50       		.byte	80
 424 018c 59       		.byte	89
 425 018d 15       		.byte	21
 426 018e 5A       		.byte	90
 427 018f 80       		.byte	-128
 428 0190 5C       		.byte	92
 429 0191 08       		.byte	8
 430 0192 5D       		.byte	93
 431 0193 40       		.byte	64
 432 0194 5E       		.byte	94
 433 0195 20       		.byte	32
 434 0196 5F       		.byte	95
 435 0197 01       		.byte	1
 436 0198 61       		.byte	97
 437 0199 08       		.byte	8
 438 019a 62       		.byte	98
 439 019b 10       		.byte	16
 440 019c 7A       		.byte	122
 441 019d 02       		.byte	2
 442 019e 8C       		.byte	-116
 443 019f 48       		.byte	72
 444 01a0 C0       		.byte	-64
 445 01a1 A2       		.byte	-94
 446 01a2 C2       		.byte	-62
 447 01a3 01       		.byte	1
 448 01a4 C4       		.byte	-60
 449 01a5 1E       		.byte	30
 450 01a6 CA       		.byte	-54
 451 01a7 02       		.byte	2
 452 01a8 CC       		.byte	-52
 453 01a9 B9       		.byte	-71
 454 01aa CE       		.byte	-50
 455 01ab 8F       		.byte	-113
 456 01ac D0       		.byte	-48
ARM GAS  C:\Users\satomin\AppData\Local\Temp\cckPRkmn.s 			page 9


 457 01ad 18       		.byte	24
 458 01ae D2       		.byte	-46
 459 01af 3C       		.byte	60
 460 01b0 D6       		.byte	-42
 461 01b1 FF       		.byte	-1
 462 01b2 D8       		.byte	-40
 463 01b3 06       		.byte	6
 464 01b4 DE       		.byte	-34
 465 01b5 08       		.byte	8
 466 01b6 EA       		.byte	-22
 467 01b7 40       		.byte	64
 468 01b8 00       		.byte	0
 469 01b9 02       		.byte	2
 470 01ba 01       		.byte	1
 471 01bb 0C       		.byte	12
 472 01bc 03       		.byte	3
 473 01bd 03       		.byte	3
 474 01be 04       		.byte	4
 475 01bf 0C       		.byte	12
 476 01c0 08       		.byte	8
 477 01c1 0C       		.byte	12
 478 01c2 0C       		.byte	12
 479 01c3 08       		.byte	8
 480 01c4 0F       		.byte	15
 481 01c5 0C       		.byte	12
 482 01c6 15       		.byte	21
 483 01c7 01       		.byte	1
 484 01c8 17       		.byte	23
 485 01c9 0E       		.byte	14
 486 01ca 1B       		.byte	27
 487 01cb 08       		.byte	8
 488 01cc 1F       		.byte	31
 489 01cd 03       		.byte	3
 490 01ce 22       		.byte	34
 491 01cf 04       		.byte	4
 492 01d0 25       		.byte	37
 493 01d1 01       		.byte	1
 494 01d2 27       		.byte	39
 495 01d3 06       		.byte	6
 496 01d4 2E       		.byte	46
 497 01d5 01       		.byte	1
 498 01d6 30       		.byte	48
 499 01d7 02       		.byte	2
 500 01d8 31       		.byte	49
 501 01d9 0F       		.byte	15
 502 01da 34       		.byte	52
 503 01db 01       		.byte	1
 504 01dc 36       		.byte	54
 505 01dd 0C       		.byte	12
 506 01de 38       		.byte	56
 507 01df 80       		.byte	-128
 508 01e0 3B       		.byte	59
 509 01e1 02       		.byte	2
 510 01e2 3E       		.byte	62
 511 01e3 41       		.byte	65
 512 01e4 40       		.byte	64
 513 01e5 20       		.byte	32
ARM GAS  C:\Users\satomin\AppData\Local\Temp\cckPRkmn.s 			page 10


 514 01e6 41       		.byte	65
 515 01e7 04       		.byte	4
 516 01e8 49       		.byte	73
 517 01e9 FF       		.byte	-1
 518 01ea 4A       		.byte	74
 519 01eb FF       		.byte	-1
 520 01ec 4B       		.byte	75
 521 01ed FF       		.byte	-1
 522 01ee 4D       		.byte	77
 523 01ef A0       		.byte	-96
 524 01f0 4F       		.byte	79
 525 01f1 04       		.byte	4
 526 01f2 50       		.byte	80
 527 01f3 18       		.byte	24
 528 01f4 52       		.byte	82
 529 01f5 80       		.byte	-128
 530 01f6 58       		.byte	88
 531 01f7 04       		.byte	4
 532 01f8 59       		.byte	89
 533 01f9 04       		.byte	4
 534 01fa 5A       		.byte	90
 535 01fb 04       		.byte	4
 536 01fc 5B       		.byte	91
 537 01fd 04       		.byte	4
 538 01fe 5C       		.byte	92
 539 01ff 20       		.byte	32
 540 0200 5F       		.byte	95
 541 0201 01       		.byte	1
 542 0202 60       		.byte	96
 543 0203 40       		.byte	64
 544 0204 62       		.byte	98
 545 0205 C0       		.byte	-64
 546 0206 64       		.byte	100
 547 0207 40       		.byte	64
 548 0208 65       		.byte	101
 549 0209 40       		.byte	64
 550 020a 66       		.byte	102
 551 020b C0       		.byte	-64
 552 020c 68       		.byte	104
 553 020d C0       		.byte	-64
 554 020e 6A       		.byte	106
 555 020f C0       		.byte	-64
 556 0210 6C       		.byte	108
 557 0211 C0       		.byte	-64
 558 0212 6E       		.byte	110
 559 0213 C0       		.byte	-64
 560 0214 83       		.byte	-125
 561 0215 0C       		.byte	12
 562 0216 86       		.byte	-122
 563 0217 07       		.byte	7
 564 0218 8B       		.byte	-117
 565 0219 03       		.byte	3
 566 021a 91       		.byte	-111
 567 021b 08       		.byte	8
 568 021c 94       		.byte	-108
 569 021d 08       		.byte	8
 570 021e 99       		.byte	-103
ARM GAS  C:\Users\satomin\AppData\Local\Temp\cckPRkmn.s 			page 11


 571 021f 02       		.byte	2
 572 0220 A2       		.byte	-94
 573 0221 02       		.byte	2
 574 0222 A6       		.byte	-90
 575 0223 01       		.byte	1
 576 0224 AE       		.byte	-82
 577 0225 04       		.byte	4
 578 0226 B0       		.byte	-80
 579 0227 08       		.byte	8
 580 0228 B1       		.byte	-79
 581 0229 08       		.byte	8
 582 022a B2       		.byte	-78
 583 022b 04       		.byte	4
 584 022c B3       		.byte	-77
 585 022d 02       		.byte	2
 586 022e B4       		.byte	-76
 587 022f 02       		.byte	2
 588 0230 B5       		.byte	-75
 589 0231 01       		.byte	1
 590 0232 B6       		.byte	-74
 591 0233 01       		.byte	1
 592 0234 B7       		.byte	-73
 593 0235 04       		.byte	4
 594 0236 BE       		.byte	-66
 595 0237 11       		.byte	17
 596 0238 C0       		.byte	-64
 597 0239 60       		.byte	96
 598 023a C1       		.byte	-63
 599 023b 04       		.byte	4
 600 023c C5       		.byte	-59
 601 023d D0       		.byte	-48
 602 023e C6       		.byte	-58
 603 023f 52       		.byte	82
 604 0240 C7       		.byte	-57
 605 0241 10       		.byte	16
 606 0242 C8       		.byte	-56
 607 0243 2E       		.byte	46
 608 0244 C9       		.byte	-55
 609 0245 FF       		.byte	-1
 610 0246 CA       		.byte	-54
 611 0247 FF       		.byte	-1
 612 0248 CB       		.byte	-53
 613 0249 FF       		.byte	-1
 614 024a CD       		.byte	-51
 615 024b AF       		.byte	-81
 616 024c CE       		.byte	-50
 617 024d 0F       		.byte	15
 618 024e CF       		.byte	-49
 619 024f 04       		.byte	4
 620 0250 D0       		.byte	-48
 621 0251 18       		.byte	24
 622 0252 D4       		.byte	-44
 623 0253 07       		.byte	7
 624 0254 D8       		.byte	-40
 625 0255 04       		.byte	4
 626 0256 D9       		.byte	-39
 627 0257 04       		.byte	4
ARM GAS  C:\Users\satomin\AppData\Local\Temp\cckPRkmn.s 			page 12


 628 0258 DA       		.byte	-38
 629 0259 04       		.byte	4
 630 025a DB       		.byte	-37
 631 025b 04       		.byte	4
 632 025c DF       		.byte	-33
 633 025d 01       		.byte	1
 634 025e E0       		.byte	-32
 635 025f 40       		.byte	64
 636 0260 E2       		.byte	-30
 637 0261 C0       		.byte	-64
 638 0262 E4       		.byte	-28
 639 0263 40       		.byte	64
 640 0264 E5       		.byte	-27
 641 0265 40       		.byte	64
 642 0266 E6       		.byte	-26
 643 0267 C0       		.byte	-64
 644 0268 E8       		.byte	-24
 645 0269 C0       		.byte	-64
 646 026a EA       		.byte	-22
 647 026b C0       		.byte	-64
 648 026c EC       		.byte	-20
 649 026d C0       		.byte	-64
 650 026e EE       		.byte	-18
 651 026f C0       		.byte	-64
 652 0270 00       		.byte	0
 653 0271 8A       		.byte	-118
 654 0272 03       		.byte	3
 655 0273 24       		.byte	36
 656 0274 04       		.byte	4
 657 0275 04       		.byte	4
 658 0276 0D       		.byte	13
 659 0277 08       		.byte	8
 660 0278 10       		.byte	16
 661 0279 80       		.byte	-128
 662 027a 13       		.byte	19
 663 027b 40       		.byte	64
 664 027c 16       		.byte	22
 665 027d A2       		.byte	-94
 666 027e 18       		.byte	24
 667 027f 04       		.byte	4
 668 0280 19       		.byte	25
 669 0281 80       		.byte	-128
 670 0282 1A       		.byte	26
 671 0283 08       		.byte	8
 672 0284 1B       		.byte	27
 673 0285 01       		.byte	1
 674 0286 1C       		.byte	28
 675 0287 02       		.byte	2
 676 0288 1D       		.byte	29
 677 0289 08       		.byte	8
 678 028a 1E       		.byte	30
 679 028b 08       		.byte	8
 680 028c 1F       		.byte	31
 681 028d 02       		.byte	2
 682 028e 20       		.byte	32
 683 028f 80       		.byte	-128
 684 0290 21       		.byte	33
ARM GAS  C:\Users\satomin\AppData\Local\Temp\cckPRkmn.s 			page 13


 685 0291 01       		.byte	1
 686 0292 24       		.byte	36
 687 0293 40       		.byte	64
 688 0294 26       		.byte	38
 689 0295 20       		.byte	32
 690 0296 27       		.byte	39
 691 0297 21       		.byte	33
 692 0298 2B       		.byte	43
 693 0299 20       		.byte	32
 694 029a 30       		.byte	48
 695 029b A0       		.byte	-96
 696 029c 33       		.byte	51
 697 029d 04       		.byte	4
 698 029e 36       		.byte	54
 699 029f 20       		.byte	32
 700 02a0 37       		.byte	55
 701 02a1 01       		.byte	1
 702 02a2 39       		.byte	57
 703 02a3 02       		.byte	2
 704 02a4 3B       		.byte	59
 705 02a5 80       		.byte	-128
 706 02a6 3E       		.byte	62
 707 02a7 22       		.byte	34
 708 02a8 40       		.byte	64
 709 02a9 04       		.byte	4
 710 02aa 42       		.byte	66
 711 02ab 80       		.byte	-128
 712 02ac 46       		.byte	70
 713 02ad 80       		.byte	-128
 714 02ae 4D       		.byte	77
 715 02af 01       		.byte	1
 716 02b0 4E       		.byte	78
 717 02b1 04       		.byte	4
 718 02b2 56       		.byte	86
 719 02b3 A2       		.byte	-94
 720 02b4 5C       		.byte	92
 721 02b5 40       		.byte	64
 722 02b6 5D       		.byte	93
 723 02b7 01       		.byte	1
 724 02b8 5E       		.byte	94
 725 02b9 08       		.byte	8
 726 02ba 5F       		.byte	95
 727 02bb 20       		.byte	32
 728 02bc 73       		.byte	115
 729 02bd 40       		.byte	64
 730 02be 87       		.byte	-121
 731 02bf 02       		.byte	2
 732 02c0 90       		.byte	-112
 733 02c1 08       		.byte	8
 734 02c2 91       		.byte	-111
 735 02c3 10       		.byte	16
 736 02c4 93       		.byte	-109
 737 02c5 06       		.byte	6
 738 02c6 95       		.byte	-107
 739 02c7 64       		.byte	100
 740 02c8 96       		.byte	-106
 741 02c9 82       		.byte	-126
ARM GAS  C:\Users\satomin\AppData\Local\Temp\cckPRkmn.s 			page 14


 742 02ca 9A       		.byte	-102
 743 02cb 40       		.byte	64
 744 02cc 9C       		.byte	-100
 745 02cd 11       		.byte	17
 746 02ce 9D       		.byte	-99
 747 02cf 20       		.byte	32
 748 02d0 9F       		.byte	-97
 749 02d1 42       		.byte	66
 750 02d2 A0       		.byte	-96
 751 02d3 08       		.byte	8
 752 02d4 A2       		.byte	-94
 753 02d5 82       		.byte	-126
 754 02d6 A4       		.byte	-92
 755 02d7 10       		.byte	16
 756 02d8 A9       		.byte	-87
 757 02d9 10       		.byte	16
 758 02da AB       		.byte	-85
 759 02db 01       		.byte	1
 760 02dc AD       		.byte	-83
 761 02dd 10       		.byte	16
 762 02de B0       		.byte	-80
 763 02df 08       		.byte	8
 764 02e0 C0       		.byte	-64
 765 02e1 2F       		.byte	47
 766 02e2 C2       		.byte	-62
 767 02e3 20       		.byte	32
 768 02e4 C4       		.byte	-60
 769 02e5 B9       		.byte	-71
 770 02e6 CA       		.byte	-54
 771 02e7 02       		.byte	2
 772 02e8 CC       		.byte	-52
 773 02e9 AE       		.byte	-82
 774 02ea CE       		.byte	-50
 775 02eb A9       		.byte	-87
 776 02ec D0       		.byte	-48
 777 02ed 85       		.byte	-123
 778 02ee D2       		.byte	-46
 779 02ef 20       		.byte	32
 780 02f0 D6       		.byte	-42
 781 02f1 F0       		.byte	-16
 782 02f2 EC       		.byte	-20
 783 02f3 20       		.byte	32
 784 02f4 00       		.byte	0
 785 02f5 9E       		.byte	-98
 786 02f6 02       		.byte	2
 787 02f7 60       		.byte	96
 788 02f8 07       		.byte	7
 789 02f9 05       		.byte	5
 790 02fa 0C       		.byte	12
 791 02fb 73       		.byte	115
 792 02fc 0D       		.byte	13
 793 02fd 06       		.byte	6
 794 02fe 0F       		.byte	15
 795 02ff 01       		.byte	1
 796 0300 12       		.byte	18
 797 0301 0F       		.byte	15
 798 0302 17       		.byte	23
ARM GAS  C:\Users\satomin\AppData\Local\Temp\cckPRkmn.s 			page 15


 799 0303 03       		.byte	3
 800 0304 18       		.byte	24
 801 0305 CF       		.byte	-49
 802 0306 1A       		.byte	26
 803 0307 30       		.byte	48
 804 0308 1C       		.byte	28
 805 0309 FD       		.byte	-3
 806 030a 1E       		.byte	30
 807 030b 02       		.byte	2
 808 030c 1F       		.byte	31
 809 030d 01       		.byte	1
 810 030e 23       		.byte	35
 811 030f 06       		.byte	6
 812 0310 24       		.byte	36
 813 0311 94       		.byte	-108
 814 0312 26       		.byte	38
 815 0313 60       		.byte	96
 816 0314 27       		.byte	39
 817 0315 02       		.byte	2
 818 0316 28       		.byte	40
 819 0317 30       		.byte	48
 820 0318 2A       		.byte	42
 821 0319 C9       		.byte	-55
 822 031a 32       		.byte	50
 823 031b FF       		.byte	-1
 824 031c 35       		.byte	53
 825 031d 07       		.byte	7
 826 031e 3B       		.byte	59
 827 031f 20       		.byte	32
 828 0320 3E       		.byte	62
 829 0321 04       		.byte	4
 830 0322 58       		.byte	88
 831 0323 04       		.byte	4
 832 0324 59       		.byte	89
 833 0325 04       		.byte	4
 834 0326 5C       		.byte	92
 835 0327 20       		.byte	32
 836 0328 5F       		.byte	95
 837 0329 01       		.byte	1
 838 032a 80       		.byte	-128
 839 032b 04       		.byte	4
 840 032c 83       		.byte	-125
 841 032d 0E       		.byte	14
 842 032e 84       		.byte	-124
 843 032f 02       		.byte	2
 844 0330 87       		.byte	-121
 845 0331 40       		.byte	64
 846 0332 88       		.byte	-120
 847 0333 02       		.byte	2
 848 0334 8B       		.byte	-117
 849 0335 01       		.byte	1
 850 0336 8D       		.byte	-115
 851 0337 0E       		.byte	14
 852 0338 8E       		.byte	-114
 853 0339 02       		.byte	2
 854 033a 92       		.byte	-110
 855 033b 04       		.byte	4
ARM GAS  C:\Users\satomin\AppData\Local\Temp\cckPRkmn.s 			page 16


 856 033c 96       		.byte	-106
 857 033d 02       		.byte	2
 858 033e 97       		.byte	-105
 859 033f 20       		.byte	32
 860 0340 99       		.byte	-103
 861 0341 08       		.byte	8
 862 0342 9A       		.byte	-102
 863 0343 04       		.byte	4
 864 0344 9C       		.byte	-100
 865 0345 01       		.byte	1
 866 0346 9D       		.byte	-99
 867 0347 02       		.byte	2
 868 0348 9F       		.byte	-97
 869 0349 04       		.byte	4
 870 034a A1       		.byte	-95
 871 034b 0E       		.byte	14
 872 034c A2       		.byte	-94
 873 034d 02       		.byte	2
 874 034e A4       		.byte	-92
 875 034f 01       		.byte	1
 876 0350 A7       		.byte	-89
 877 0351 08       		.byte	8
 878 0352 AA       		.byte	-86
 879 0353 08       		.byte	8
 880 0354 AB       		.byte	-85
 881 0355 10       		.byte	16
 882 0356 AC       		.byte	-84
 883 0357 01       		.byte	1
 884 0358 AD       		.byte	-83
 885 0359 02       		.byte	2
 886 035a AF       		.byte	-81
 887 035b 04       		.byte	4
 888 035c B0       		.byte	-80
 889 035d 02       		.byte	2
 890 035e B1       		.byte	-79
 891 035f 1E       		.byte	30
 892 0360 B2       		.byte	-78
 893 0361 08       		.byte	8
 894 0362 B3       		.byte	-77
 895 0363 40       		.byte	64
 896 0364 B4       		.byte	-76
 897 0365 04       		.byte	4
 898 0366 B5       		.byte	-75
 899 0367 01       		.byte	1
 900 0368 B6       		.byte	-74
 901 0369 01       		.byte	1
 902 036a B7       		.byte	-73
 903 036b 20       		.byte	32
 904 036c B8       		.byte	-72
 905 036d 80       		.byte	-128
 906 036e BE       		.byte	-66
 907 036f 51       		.byte	81
 908 0370 D2       		.byte	-46
 909 0371 80       		.byte	-128
 910 0372 D8       		.byte	-40
 911 0373 04       		.byte	4
 912 0374 D9       		.byte	-39
ARM GAS  C:\Users\satomin\AppData\Local\Temp\cckPRkmn.s 			page 17


 913 0375 04       		.byte	4
 914 0376 DB       		.byte	-37
 915 0377 04       		.byte	4
 916 0378 DC       		.byte	-36
 917 0379 44       		.byte	68
 918 037a DD       		.byte	-35
 919 037b 40       		.byte	64
 920 037c DF       		.byte	-33
 921 037d 01       		.byte	1
 922 037e 00       		.byte	0
 923 037f 8A       		.byte	-118
 924 0380 03       		.byte	3
 925 0381 05       		.byte	5
 926 0382 06       		.byte	6
 927 0383 01       		.byte	1
 928 0384 07       		.byte	7
 929 0385 40       		.byte	64
 930 0386 08       		.byte	8
 931 0387 80       		.byte	-128
 932 0388 0A       		.byte	10
 933 0389 08       		.byte	8
 934 038a 0B       		.byte	11
 935 038b 62       		.byte	98
 936 038c 0C       		.byte	12
 937 038d 10       		.byte	16
 938 038e 0D       		.byte	13
 939 038f 01       		.byte	1
 940 0390 0E       		.byte	14
 941 0391 04       		.byte	4
 942 0392 0F       		.byte	15
 943 0393 02       		.byte	2
 944 0394 10       		.byte	16
 945 0395 C4       		.byte	-60
 946 0396 12       		.byte	18
 947 0397 03       		.byte	3
 948 0398 13       		.byte	19
 949 0399 04       		.byte	4
 950 039a 15       		.byte	21
 951 039b 24       		.byte	36
 952 039c 17       		.byte	23
 953 039d 08       		.byte	8
 954 039e 19       		.byte	25
 955 039f 24       		.byte	36
 956 03a0 1A       		.byte	26
 957 03a1 40       		.byte	64
 958 03a2 1B       		.byte	27
 959 03a3 40       		.byte	64
 960 03a4 1F       		.byte	31
 961 03a5 08       		.byte	8
 962 03a6 20       		.byte	32
 963 03a7 22       		.byte	34
 964 03a8 21       		.byte	33
 965 03a9 01       		.byte	1
 966 03aa 22       		.byte	34
 967 03ab 21       		.byte	33
 968 03ac 27       		.byte	39
 969 03ad 04       		.byte	4
ARM GAS  C:\Users\satomin\AppData\Local\Temp\cckPRkmn.s 			page 18


 970 03ae 28       		.byte	40
 971 03af 12       		.byte	18
 972 03b0 2A       		.byte	42
 973 03b1 01       		.byte	1
 974 03b2 2B       		.byte	43
 975 03b3 08       		.byte	8
 976 03b4 2C       		.byte	44
 977 03b5 20       		.byte	32
 978 03b6 2F       		.byte	47
 979 03b7 40       		.byte	64
 980 03b8 32       		.byte	50
 981 03b9 14       		.byte	20
 982 03ba 33       		.byte	51
 983 03bb 40       		.byte	64
 984 03bc 34       		.byte	52
 985 03bd 40       		.byte	64
 986 03be 37       		.byte	55
 987 03bf 04       		.byte	4
 988 03c0 39       		.byte	57
 989 03c1 12       		.byte	18
 990 03c2 3A       		.byte	58
 991 03c3 80       		.byte	-128
 992 03c4 3B       		.byte	59
 993 03c5 04       		.byte	4
 994 03c6 3C       		.byte	60
 995 03c7 88       		.byte	-120
 996 03c8 5A       		.byte	90
 997 03c9 03       		.byte	3
 998 03ca 62       		.byte	98
 999 03cb 80       		.byte	-128
 1000 03cc 63       		.byte	99
 1001 03cd 02       		.byte	2
 1002 03ce 73       		.byte	115
 1003 03cf 40       		.byte	64
 1004 03d0 78       		.byte	120
 1005 03d1 05       		.byte	5
 1006 03d2 7A       		.byte	122
 1007 03d3 20       		.byte	32
 1008 03d4 7B       		.byte	123
 1009 03d5 40       		.byte	64
 1010 03d6 88       		.byte	-120
 1011 03d7 02       		.byte	2
 1012 03d8 89       		.byte	-119
 1013 03d9 04       		.byte	4
 1014 03da 90       		.byte	-112
 1015 03db 08       		.byte	8
 1016 03dc 91       		.byte	-111
 1017 03dd 10       		.byte	16
 1018 03de 93       		.byte	-109
 1019 03df 06       		.byte	6
 1020 03e0 95       		.byte	-107
 1021 03e1 64       		.byte	100
 1022 03e2 96       		.byte	-106
 1023 03e3 82       		.byte	-126
 1024 03e4 97       		.byte	-105
 1025 03e5 80       		.byte	-128
 1026 03e6 99       		.byte	-103
ARM GAS  C:\Users\satomin\AppData\Local\Temp\cckPRkmn.s 			page 19


 1027 03e7 80       		.byte	-128
 1028 03e8 9A       		.byte	-102
 1029 03e9 40       		.byte	64
 1030 03ea 9C       		.byte	-100
 1031 03eb 11       		.byte	17
 1032 03ec 9D       		.byte	-99
 1033 03ed 20       		.byte	32
 1034 03ee 9F       		.byte	-97
 1035 03ef 46       		.byte	70
 1036 03f0 A0       		.byte	-96
 1037 03f1 48       		.byte	72
 1038 03f2 A2       		.byte	-94
 1039 03f3 82       		.byte	-126
 1040 03f4 A4       		.byte	-92
 1041 03f5 B4       		.byte	-76
 1042 03f6 B3       		.byte	-77
 1043 03f7 01       		.byte	1
 1044 03f8 C0       		.byte	-64
 1045 03f9 9F       		.byte	-97
 1046 03fa C2       		.byte	-62
 1047 03fb DF       		.byte	-33
 1048 03fc C4       		.byte	-60
 1049 03fd 6F       		.byte	111
 1050 03fe CA       		.byte	-54
 1051 03ff CF       		.byte	-49
 1052 0400 CC       		.byte	-52
 1053 0401 5E       		.byte	94
 1054 0402 CE       		.byte	-50
 1055 0403 5F       		.byte	95
 1056 0404 EA       		.byte	-22
 1057 0405 80       		.byte	-128
 1058 0406 B9       		.byte	-71
 1059 0407 80       		.byte	-128
 1060 0408 BF       		.byte	-65
 1061 0409 40       		.byte	64
 1062 040a D9       		.byte	-39
 1063 040b 04       		.byte	4
 1064 040c DF       		.byte	-33
 1065 040d 01       		.byte	1
 1066 040e 20       		.byte	32
 1067 040f 01       		.byte	1
 1068 0410 EA       		.byte	-22
 1069 0411 40       		.byte	64
 1070 0412 04       		.byte	4
 1071 0413 10       		.byte	16
 1072 0414 05       		.byte	5
 1073 0415 10       		.byte	16
 1074 0416 06       		.byte	6
 1075 0417 0C       		.byte	12
 1076 0418 09       		.byte	9
 1077 0419 03       		.byte	3
 1078 041a 0A       		.byte	10
 1079 041b 03       		.byte	3
 1080 041c 0B       		.byte	11
 1081 041d 0C       		.byte	12
 1082 041e 0C       		.byte	12
 1083 041f 1C       		.byte	28
ARM GAS  C:\Users\satomin\AppData\Local\Temp\cckPRkmn.s 			page 20


 1084 0420 0E       		.byte	14
 1085 0421 02       		.byte	2
 1086 0422 0F       		.byte	15
 1087 0423 08       		.byte	8
 1088 0424 10       		.byte	16
 1089 0425 09       		.byte	9
 1090 0426 11       		.byte	17
 1091 0427 0A       		.byte	10
 1092 0428 12       		.byte	18
 1093 0429 10       		.byte	16
 1094 042a 13       		.byte	19
 1095 042b 04       		.byte	4
 1096 042c 14       		.byte	20
 1097 042d 0C       		.byte	12
 1098 042e 15       		.byte	21
 1099 042f 03       		.byte	3
 1100 0430 16       		.byte	22
 1101 0431 11       		.byte	17
 1102 0432 17       		.byte	23
 1103 0433 04       		.byte	4
 1104 0434 19       		.byte	25
 1105 0435 20       		.byte	32
 1106 0436 23       		.byte	35
 1107 0437 05       		.byte	5
 1108 0438 24       		.byte	36
 1109 0439 10       		.byte	16
 1110 043a 25       		.byte	37
 1111 043b 40       		.byte	64
 1112 043c 28       		.byte	40
 1113 043d 14       		.byte	20
 1114 043e 29       		.byte	41
 1115 043f 03       		.byte	3
 1116 0440 2B       		.byte	43
 1117 0441 04       		.byte	4
 1118 0442 2F       		.byte	47
 1119 0443 10       		.byte	16
 1120 0444 31       		.byte	49
 1121 0445 40       		.byte	64
 1122 0446 32       		.byte	50
 1123 0447 1F       		.byte	31
 1124 0448 33       		.byte	51
 1125 0449 20       		.byte	32
 1126 044a 35       		.byte	53
 1127 044b 0F       		.byte	15
 1128 044c 37       		.byte	55
 1129 044d 10       		.byte	16
 1130 044e 3B       		.byte	59
 1131 044f 20       		.byte	32
 1132 0450 3F       		.byte	63
 1133 0451 45       		.byte	69
 1134 0452 40       		.byte	64
 1135 0453 21       		.byte	33
 1136 0454 41       		.byte	65
 1137 0455 03       		.byte	3
 1138 0456 45       		.byte	69
 1139 0457 0E       		.byte	14
 1140 0458 46       		.byte	70
ARM GAS  C:\Users\satomin\AppData\Local\Temp\cckPRkmn.s 			page 21


 1141 0459 C0       		.byte	-64
 1142 045a 47       		.byte	71
 1143 045b 0B       		.byte	11
 1144 045c 48       		.byte	72
 1145 045d 19       		.byte	25
 1146 045e 49       		.byte	73
 1147 045f FF       		.byte	-1
 1148 0460 4A       		.byte	74
 1149 0461 FF       		.byte	-1
 1150 0462 4B       		.byte	75
 1151 0463 FF       		.byte	-1
 1152 0464 4E       		.byte	78
 1153 0465 F0       		.byte	-16
 1154 0466 4F       		.byte	79
 1155 0467 44       		.byte	68
 1156 0468 50       		.byte	80
 1157 0469 0C       		.byte	12
 1158 046a 54       		.byte	84
 1159 046b 01       		.byte	1
 1160 046c 56       		.byte	86
 1161 046d 04       		.byte	4
 1162 046e 58       		.byte	88
 1163 046f 04       		.byte	4
 1164 0470 59       		.byte	89
 1165 0471 04       		.byte	4
 1166 0472 5A       		.byte	90
 1167 0473 04       		.byte	4
 1168 0474 5B       		.byte	91
 1169 0475 04       		.byte	4
 1170 0476 5C       		.byte	92
 1171 0477 22       		.byte	34
 1172 0478 5D       		.byte	93
 1173 0479 22       		.byte	34
 1174 047a 5F       		.byte	95
 1175 047b 01       		.byte	1
 1176 047c 66       		.byte	102
 1177 047d C0       		.byte	-64
 1178 047e 6A       		.byte	106
 1179 047f 40       		.byte	64
 1180 0480 6B       		.byte	107
 1181 0481 02       		.byte	2
 1182 0482 89       		.byte	-119
 1183 0483 02       		.byte	2
 1184 0484 8B       		.byte	-117
 1185 0485 05       		.byte	5
 1186 0486 8E       		.byte	-114
 1187 0487 01       		.byte	1
 1188 0488 91       		.byte	-111
 1189 0489 02       		.byte	2
 1190 048a 93       		.byte	-109
 1191 048b 04       		.byte	4
 1192 048c 95       		.byte	-107
 1193 048d 04       		.byte	4
 1194 048e 97       		.byte	-105
 1195 048f 02       		.byte	2
 1196 0490 99       		.byte	-103
 1197 0491 02       		.byte	2
ARM GAS  C:\Users\satomin\AppData\Local\Temp\cckPRkmn.s 			page 22


 1198 0492 9B       		.byte	-101
 1199 0493 0C       		.byte	12
 1200 0494 9C       		.byte	-100
 1201 0495 02       		.byte	2
 1202 0496 A4       		.byte	-92
 1203 0497 01       		.byte	1
 1204 0498 A8       		.byte	-88
 1205 0499 01       		.byte	1
 1206 049a B3       		.byte	-77
 1207 049b 01       		.byte	1
 1208 049c B5       		.byte	-75
 1209 049d 06       		.byte	6
 1210 049e B6       		.byte	-74
 1211 049f 03       		.byte	3
 1212 04a0 B7       		.byte	-73
 1213 04a1 08       		.byte	8
 1214 04a2 B8       		.byte	-72
 1215 04a3 80       		.byte	-128
 1216 04a4 BB       		.byte	-69
 1217 04a5 20       		.byte	32
 1218 04a6 D8       		.byte	-40
 1219 04a7 04       		.byte	4
 1220 04a8 D9       		.byte	-39
 1221 04a9 04       		.byte	4
 1222 04aa DC       		.byte	-36
 1223 04ab 42       		.byte	66
 1224 04ac DF       		.byte	-33
 1225 04ad 01       		.byte	1
 1226 04ae 00       		.byte	0
 1227 04af 14       		.byte	20
 1228 04b0 03       		.byte	3
 1229 04b1 01       		.byte	1
 1230 04b2 07       		.byte	7
 1231 04b3 01       		.byte	1
 1232 04b4 09       		.byte	9
 1233 04b5 08       		.byte	8
 1234 04b6 0B       		.byte	11
 1235 04b7 80       		.byte	-128
 1236 04b8 0C       		.byte	12
 1237 04b9 80       		.byte	-128
 1238 04ba 10       		.byte	16
 1239 04bb 28       		.byte	40
 1240 04bc 15       		.byte	21
 1241 04bd 20       		.byte	32
 1242 04be 17       		.byte	23
 1243 04bf 04       		.byte	4
 1244 04c0 18       		.byte	24
 1245 04c1 10       		.byte	16
 1246 04c2 19       		.byte	25
 1247 04c3 08       		.byte	8
 1248 04c4 1F       		.byte	31
 1249 04c5 40       		.byte	64
 1250 04c6 20       		.byte	32
 1251 04c7 0C       		.byte	12
 1252 04c8 21       		.byte	33
 1253 04c9 11       		.byte	17
 1254 04ca 22       		.byte	34
ARM GAS  C:\Users\satomin\AppData\Local\Temp\cckPRkmn.s 			page 23


 1255 04cb 44       		.byte	68
 1256 04cc 27       		.byte	39
 1257 04cd 2A       		.byte	42
 1258 04ce 29       		.byte	41
 1259 04cf 28       		.byte	40
 1260 04d0 2A       		.byte	42
 1261 04d1 50       		.byte	80
 1262 04d2 2B       		.byte	43
 1263 04d3 80       		.byte	-128
 1264 04d4 32       		.byte	50
 1265 04d5 20       		.byte	32
 1266 04d6 33       		.byte	51
 1267 04d7 05       		.byte	5
 1268 04d8 37       		.byte	55
 1269 04d9 2A       		.byte	42
 1270 04da 38       		.byte	56
 1271 04db 08       		.byte	8
 1272 04dc 39       		.byte	57
 1273 04dd 20       		.byte	32
 1274 04de 3B       		.byte	59
 1275 04df 80       		.byte	-128
 1276 04e0 3E       		.byte	62
 1277 04e1 10       		.byte	16
 1278 04e2 40       		.byte	64
 1279 04e3 04       		.byte	4
 1280 04e4 41       		.byte	65
 1281 04e5 08       		.byte	8
 1282 04e6 43       		.byte	67
 1283 04e7 84       		.byte	-124
 1284 04e8 4A       		.byte	74
 1285 04e9 20       		.byte	32
 1286 04ea 50       		.byte	80
 1287 04eb 08       		.byte	8
 1288 04ec 52       		.byte	82
 1289 04ed 10       		.byte	16
 1290 04ee 53       		.byte	83
 1291 04ef 10       		.byte	16
 1292 04f0 58       		.byte	88
 1293 04f1 02       		.byte	2
 1294 04f2 59       		.byte	89
 1295 04f3 20       		.byte	32
 1296 04f4 5A       		.byte	90
 1297 04f5 48       		.byte	72
 1298 04f6 63       		.byte	99
 1299 04f7 80       		.byte	-128
 1300 04f8 83       		.byte	-125
 1301 04f9 40       		.byte	64
 1302 04fa 85       		.byte	-123
 1303 04fb 01       		.byte	1
 1304 04fc 88       		.byte	-120
 1305 04fd 02       		.byte	2
 1306 04fe 8A       		.byte	-118
 1307 04ff 20       		.byte	32
 1308 0500 90       		.byte	-112
 1309 0501 08       		.byte	8
 1310 0502 92       		.byte	-110
 1311 0503 50       		.byte	80
ARM GAS  C:\Users\satomin\AppData\Local\Temp\cckPRkmn.s 			page 24


 1312 0504 96       		.byte	-106
 1313 0505 80       		.byte	-128
 1314 0506 97       		.byte	-105
 1315 0507 A0       		.byte	-96
 1316 0508 9A       		.byte	-102
 1317 0509 40       		.byte	64
 1318 050a 9B       		.byte	-101
 1319 050b 05       		.byte	5
 1320 050c 9F       		.byte	-97
 1321 050d 08       		.byte	8
 1322 050e A0       		.byte	-96
 1323 050f A0       		.byte	-96
 1324 0510 A3       		.byte	-93
 1325 0511 80       		.byte	-128
 1326 0512 A4       		.byte	-92
 1327 0513 04       		.byte	4
 1328 0514 C0       		.byte	-64
 1329 0515 87       		.byte	-121
 1330 0516 C2       		.byte	-62
 1331 0517 8C       		.byte	-116
 1332 0518 C4       		.byte	-60
 1333 0519 66       		.byte	102
 1334 051a CA       		.byte	-54
 1335 051b 0F       		.byte	15
 1336 051c CC       		.byte	-52
 1337 051d E7       		.byte	-25
 1338 051e CE       		.byte	-50
 1339 051f 2E       		.byte	46
 1340 0520 D0       		.byte	-48
 1341 0521 0E       		.byte	14
 1342 0522 D6       		.byte	-42
 1343 0523 0F       		.byte	15
 1344 0524 D8       		.byte	-40
 1345 0525 01       		.byte	1
 1346 0526 E4       		.byte	-28
 1347 0527 02       		.byte	2
 1348 0528 EA       		.byte	-22
 1349 0529 01       		.byte	1
 1350 052a EC       		.byte	-20
 1351 052b 20       		.byte	32
 1352 052c 00       		.byte	0
 1353 052d 0C       		.byte	12
 1354 052e 01       		.byte	1
 1355 052f 0B       		.byte	11
 1356 0530 02       		.byte	2
 1357 0531 01       		.byte	1
 1358 0532 03       		.byte	3
 1359 0533 04       		.byte	4
 1360 0534 04       		.byte	4
 1361 0535 20       		.byte	32
 1362 0536 0A       		.byte	10
 1363 0537 0F       		.byte	15
 1364 0538 0D       		.byte	13
 1365 0539 07       		.byte	7
 1366 053a 0E       		.byte	14
 1367 053b 20       		.byte	32
 1368 053c 10       		.byte	16
ARM GAS  C:\Users\satomin\AppData\Local\Temp\cckPRkmn.s 			page 25


 1369 053d 07       		.byte	7
 1370 053e 16       		.byte	22
 1371 053f 10       		.byte	16
 1372 0540 17       		.byte	23
 1373 0541 0F       		.byte	15
 1374 0542 18       		.byte	24
 1375 0543 0C       		.byte	12
 1376 0544 19       		.byte	25
 1377 0545 08       		.byte	8
 1378 0546 1A       		.byte	26
 1379 0547 02       		.byte	2
 1380 0548 1B       		.byte	27
 1381 0549 01       		.byte	1
 1382 054a 1D       		.byte	29
 1383 054b 0C       		.byte	12
 1384 054c 1E       		.byte	30
 1385 054d 20       		.byte	32
 1386 054e 1F       		.byte	31
 1387 054f 02       		.byte	2
 1388 0550 20       		.byte	32
 1389 0551 0B       		.byte	11
 1390 0552 22       		.byte	34
 1391 0553 04       		.byte	4
 1392 0554 25       		.byte	37
 1393 0555 0C       		.byte	12
 1394 0556 27       		.byte	39
 1395 0557 01       		.byte	1
 1396 0558 28       		.byte	40
 1397 0559 08       		.byte	8
 1398 055a 2A       		.byte	42
 1399 055b 01       		.byte	1
 1400 055c 31       		.byte	49
 1401 055d 0F       		.byte	15
 1402 055e 32       		.byte	50
 1403 055f 10       		.byte	16
 1404 0560 34       		.byte	52
 1405 0561 0F       		.byte	15
 1406 0562 36       		.byte	54
 1407 0563 20       		.byte	32
 1408 0564 3E       		.byte	62
 1409 0565 40       		.byte	64
 1410 0566 58       		.byte	88
 1411 0567 04       		.byte	4
 1412 0568 59       		.byte	89
 1413 0569 04       		.byte	4
 1414 056a 5C       		.byte	92
 1415 056b 44       		.byte	68
 1416 056c 5F       		.byte	95
 1417 056d 01       		.byte	1
 1418 056e 80       		.byte	-128
 1419 056f FE       		.byte	-2
 1420 0570 82       		.byte	-126
 1421 0571 01       		.byte	1
 1422 0572 84       		.byte	-124
 1423 0573 A3       		.byte	-93
 1424 0574 85       		.byte	-123
 1425 0575 20       		.byte	32
ARM GAS  C:\Users\satomin\AppData\Local\Temp\cckPRkmn.s 			page 26


 1426 0576 86       		.byte	-122
 1427 0577 5C       		.byte	92
 1428 0578 89       		.byte	-119
 1429 0579 04       		.byte	4
 1430 057a 8B       		.byte	-117
 1431 057b 0A       		.byte	10
 1432 057c 8D       		.byte	-115
 1433 057d 08       		.byte	8
 1434 057e 90       		.byte	-112
 1435 057f C5       		.byte	-59
 1436 0580 91       		.byte	-111
 1437 0581 02       		.byte	2
 1438 0582 92       		.byte	-110
 1439 0583 3A       		.byte	58
 1440 0584 93       		.byte	-109
 1441 0585 04       		.byte	4
 1442 0586 94       		.byte	-108
 1443 0587 96       		.byte	-106
 1444 0588 95       		.byte	-107
 1445 0589 02       		.byte	2
 1446 058a 96       		.byte	-106
 1447 058b 68       		.byte	104
 1448 058c 97       		.byte	-105
 1449 058d 05       		.byte	5
 1450 058e 99       		.byte	-103
 1451 058f 02       		.byte	2
 1452 0590 9A       		.byte	-102
 1453 0591 01       		.byte	1
 1454 0592 9B       		.byte	-101
 1455 0593 04       		.byte	4
 1456 0594 9D       		.byte	-99
 1457 0595 08       		.byte	8
 1458 0596 A1       		.byte	-95
 1459 0597 20       		.byte	32
 1460 0598 A4       		.byte	-92
 1461 0599 0E       		.byte	14
 1462 059a A5       		.byte	-91
 1463 059b 08       		.byte	8
 1464 059c A6       		.byte	-90
 1465 059d F0       		.byte	-16
 1466 059e A9       		.byte	-87
 1467 059f 08       		.byte	8
 1468 05a0 AC       		.byte	-84
 1469 05a1 7F       		.byte	127
 1470 05a2 AF       		.byte	-81
 1471 05a3 10       		.byte	16
 1472 05a4 B0       		.byte	-80
 1473 05a5 FF       		.byte	-1
 1474 05a6 B1       		.byte	-79
 1475 05a7 01       		.byte	1
 1476 05a8 B3       		.byte	-77
 1477 05a9 18       		.byte	24
 1478 05aa B5       		.byte	-75
 1479 05ab 06       		.byte	6
 1480 05ac B7       		.byte	-73
 1481 05ad 20       		.byte	32
 1482 05ae B9       		.byte	-71
ARM GAS  C:\Users\satomin\AppData\Local\Temp\cckPRkmn.s 			page 27


 1483 05af 80       		.byte	-128
 1484 05b0 BB       		.byte	-69
 1485 05b1 20       		.byte	32
 1486 05b2 BE       		.byte	-66
 1487 05b3 01       		.byte	1
 1488 05b4 C0       		.byte	-64
 1489 05b5 05       		.byte	5
 1490 05b6 C5       		.byte	-59
 1491 05b7 04       		.byte	4
 1492 05b8 C9       		.byte	-55
 1493 05b9 FF       		.byte	-1
 1494 05ba CA       		.byte	-54
 1495 05bb 07       		.byte	7
 1496 05bc CB       		.byte	-53
 1497 05bd FF       		.byte	-1
 1498 05be CC       		.byte	-52
 1499 05bf 40       		.byte	64
 1500 05c0 CD       		.byte	-51
 1501 05c1 20       		.byte	32
 1502 05c2 CE       		.byte	-50
 1503 05c3 F0       		.byte	-16
 1504 05c4 CF       		.byte	-49
 1505 05c5 05       		.byte	5
 1506 05c6 D0       		.byte	-48
 1507 05c7 08       		.byte	8
 1508 05c8 D8       		.byte	-40
 1509 05c9 04       		.byte	4
 1510 05ca D9       		.byte	-39
 1511 05cb 04       		.byte	4
 1512 05cc DA       		.byte	-38
 1513 05cd 04       		.byte	4
 1514 05ce DC       		.byte	-36
 1515 05cf 40       		.byte	64
 1516 05d0 DD       		.byte	-35
 1517 05d1 02       		.byte	2
 1518 05d2 DF       		.byte	-33
 1519 05d3 01       		.byte	1
 1520 05d4 E0       		.byte	-32
 1521 05d5 40       		.byte	64
 1522 05d6 E1       		.byte	-31
 1523 05d7 A8       		.byte	-88
 1524 05d8 E2       		.byte	-30
 1525 05d9 40       		.byte	64
 1526 05da E3       		.byte	-29
 1527 05db 20       		.byte	32
 1528 05dc 01       		.byte	1
 1529 05dd 01       		.byte	1
 1530 05de 02       		.byte	2
 1531 05df 80       		.byte	-128
 1532 05e0 03       		.byte	3
 1533 05e1 20       		.byte	32
 1534 05e2 04       		.byte	4
 1535 05e3 08       		.byte	8
 1536 05e4 07       		.byte	7
 1537 05e5 4A       		.byte	74
 1538 05e6 08       		.byte	8
 1539 05e7 04       		.byte	4
ARM GAS  C:\Users\satomin\AppData\Local\Temp\cckPRkmn.s 			page 28


 1540 05e8 09       		.byte	9
 1541 05e9 01       		.byte	1
 1542 05ea 0A       		.byte	10
 1543 05eb 28       		.byte	40
 1544 05ec 0C       		.byte	12
 1545 05ed 08       		.byte	8
 1546 05ee 0E       		.byte	14
 1547 05ef 05       		.byte	5
 1548 05f0 0F       		.byte	15
 1549 05f1 40       		.byte	64
 1550 05f2 10       		.byte	16
 1551 05f3 10       		.byte	16
 1552 05f4 12       		.byte	18
 1553 05f5 11       		.byte	17
 1554 05f6 13       		.byte	19
 1555 05f7 48       		.byte	72
 1556 05f8 15       		.byte	21
 1557 05f9 21       		.byte	33
 1558 05fa 16       		.byte	22
 1559 05fb 80       		.byte	-128
 1560 05fc 1B       		.byte	27
 1561 05fd 01       		.byte	1
 1562 05fe 1E       		.byte	30
 1563 05ff 16       		.byte	22
 1564 0600 1F       		.byte	31
 1565 0601 20       		.byte	32
 1566 0602 21       		.byte	33
 1567 0603 10       		.byte	16
 1568 0604 22       		.byte	34
 1569 0605 15       		.byte	21
 1570 0606 23       		.byte	35
 1571 0607 02       		.byte	2
 1572 0608 25       		.byte	37
 1573 0609 01       		.byte	1
 1574 060a 27       		.byte	39
 1575 060b 40       		.byte	64
 1576 060c 28       		.byte	40
 1577 060d 80       		.byte	-128
 1578 060e 2A       		.byte	42
 1579 060f 10       		.byte	16
 1580 0610 2B       		.byte	43
 1581 0611 21       		.byte	33
 1582 0612 2F       		.byte	47
 1583 0613 20       		.byte	32
 1584 0614 31       		.byte	49
 1585 0615 04       		.byte	4
 1586 0616 32       		.byte	50
 1587 0617 21       		.byte	33
 1588 0618 33       		.byte	51
 1589 0619 40       		.byte	64
 1590 061a 34       		.byte	52
 1591 061b 14       		.byte	20
 1592 061c 37       		.byte	55
 1593 061d 40       		.byte	64
 1594 061e 39       		.byte	57
 1595 061f 20       		.byte	32
 1596 0620 3A       		.byte	58
ARM GAS  C:\Users\satomin\AppData\Local\Temp\cckPRkmn.s 			page 29


 1597 0621 80       		.byte	-128
 1598 0622 3B       		.byte	59
 1599 0623 04       		.byte	4
 1600 0624 3D       		.byte	61
 1601 0625 01       		.byte	1
 1602 0626 3F       		.byte	63
 1603 0627 40       		.byte	64
 1604 0628 48       		.byte	72
 1605 0629 20       		.byte	32
 1606 062a 49       		.byte	73
 1607 062b 80       		.byte	-128
 1608 062c 50       		.byte	80
 1609 062d 80       		.byte	-128
 1610 062e 53       		.byte	83
 1611 062f 80       		.byte	-128
 1612 0630 79       		.byte	121
 1613 0631 40       		.byte	64
 1614 0632 7A       		.byte	122
 1615 0633 01       		.byte	1
 1616 0634 90       		.byte	-112
 1617 0635 08       		.byte	8
 1618 0636 92       		.byte	-110
 1619 0637 41       		.byte	65
 1620 0638 93       		.byte	-109
 1621 0639 04       		.byte	4
 1622 063a 95       		.byte	-107
 1623 063b 60       		.byte	96
 1624 063c 96       		.byte	-106
 1625 063d AC       		.byte	-84
 1626 063e 97       		.byte	-105
 1627 063f A0       		.byte	-96
 1628 0640 98       		.byte	-104
 1629 0641 80       		.byte	-128
 1630 0642 99       		.byte	-103
 1631 0643 84       		.byte	-124
 1632 0644 9A       		.byte	-102
 1633 0645 41       		.byte	65
 1634 0646 9B       		.byte	-101
 1635 0647 05       		.byte	5
 1636 0648 9E       		.byte	-98
 1637 0649 80       		.byte	-128
 1638 064a 9F       		.byte	-97
 1639 064b 4A       		.byte	74
 1640 064c A0       		.byte	-96
 1641 064d 08       		.byte	8
 1642 064e A2       		.byte	-94
 1643 064f A0       		.byte	-96
 1644 0650 A4       		.byte	-92
 1645 0651 A4       		.byte	-92
 1646 0652 C0       		.byte	-64
 1647 0653 FC       		.byte	-4
 1648 0654 C2       		.byte	-62
 1649 0655 FE       		.byte	-2
 1650 0656 C4       		.byte	-60
 1651 0657 55       		.byte	85
 1652 0658 CA       		.byte	-54
 1653 0659 4F       		.byte	79
ARM GAS  C:\Users\satomin\AppData\Local\Temp\cckPRkmn.s 			page 30


 1654 065a CC       		.byte	-52
 1655 065b 7F       		.byte	127
 1656 065c CE       		.byte	-50
 1657 065d 9E       		.byte	-98
 1658 065e D2       		.byte	-46
 1659 065f 08       		.byte	8
 1660 0660 B4       		.byte	-76
 1661 0661 01       		.byte	1
 1662 0662 E4       		.byte	-28
 1663 0663 02       		.byte	2
 1664 0664 EA       		.byte	-22
 1665 0665 01       		.byte	1
 1666 0666 EC       		.byte	-20
 1667 0667 20       		.byte	32
 1668 0668 32       		.byte	50
 1669 0669 14       		.byte	20
 1670 066a 37       		.byte	55
 1671 066b 10       		.byte	16
 1672 066c CC       		.byte	-52
 1673 066d 70       		.byte	112
 1674 066e 0B       		.byte	11
 1675 066f 08       		.byte	8
 1676 0670 0F       		.byte	15
 1677 0671 04       		.byte	4
 1678 0672 96       		.byte	-106
 1679 0673 08       		.byte	8
 1680 0674 9F       		.byte	-97
 1681 0675 10       		.byte	16
 1682 0676 B6       		.byte	-74
 1683 0677 10       		.byte	16
 1684 0678 C2       		.byte	-62
 1685 0679 C0       		.byte	-64
 1686 067a 3E       		.byte	62
 1687 067b 10       		.byte	16
 1688 067c 53       		.byte	83
 1689 067d 80       		.byte	-128
 1690 067e 56       		.byte	86
 1691 067f 20       		.byte	32
 1692 0680 86       		.byte	-122
 1693 0681 20       		.byte	32
 1694 0682 96       		.byte	-106
 1695 0683 08       		.byte	8
 1696 0684 9F       		.byte	-97
 1697 0685 10       		.byte	16
 1698 0686 AF       		.byte	-81
 1699 0687 04       		.byte	4
 1700 0688 B3       		.byte	-77
 1701 0689 04       		.byte	4
 1702 068a CE       		.byte	-50
 1703 068b 20       		.byte	32
 1704 068c D4       		.byte	-44
 1705 068d 60       		.byte	96
 1706 068e E2       		.byte	-30
 1707 068f 10       		.byte	16
 1708 0690 EC       		.byte	-20
 1709 0691 10       		.byte	16
 1710 0692 96       		.byte	-106
ARM GAS  C:\Users\satomin\AppData\Local\Temp\cckPRkmn.s 			page 31


 1711 0693 18       		.byte	24
 1712 0694 9F       		.byte	-97
 1713 0695 10       		.byte	16
 1714 0696 B3       		.byte	-77
 1715 0697 80       		.byte	-128
 1716 0698 01       		.byte	1
 1717 0699 01       		.byte	1
 1718 069a 04       		.byte	4
 1719 069b 10       		.byte	16
 1720 069c 51       		.byte	81
 1721 069d 04       		.byte	4
 1722 069e 54       		.byte	84
 1723 069f 20       		.byte	32
 1724 06a0 A7       		.byte	-89
 1725 06a1 20       		.byte	32
 1726 06a2 B7       		.byte	-73
 1727 06a3 20       		.byte	32
 1728 06a4 C0       		.byte	-64
 1729 06a5 09       		.byte	9
 1730 06a6 D4       		.byte	-44
 1731 06a7 06       		.byte	6
 1732 06a8 EA       		.byte	-22
 1733 06a9 02       		.byte	2
 1734 06aa 90       		.byte	-112
 1735 06ab 10       		.byte	16
 1736 06ac 91       		.byte	-111
 1737 06ad 01       		.byte	1
 1738 06ae 95       		.byte	-107
 1739 06af 08       		.byte	8
 1740 06b0 A4       		.byte	-92
 1741 06b1 20       		.byte	32
 1742 06b2 A7       		.byte	-89
 1743 06b3 20       		.byte	32
 1744 06b4 90       		.byte	-112
 1745 06b5 10       		.byte	16
 1746 06b6 91       		.byte	-111
 1747 06b7 01       		.byte	1
 1748 06b8 95       		.byte	-107
 1749 06b9 08       		.byte	8
 1750 06ba A4       		.byte	-92
 1751 06bb 20       		.byte	32
 1752 06bc A7       		.byte	-89
 1753 06bd 20       		.byte	32
 1754 06be 20       		.byte	32
 1755 06bf 80       		.byte	-128
 1756 06c0 96       		.byte	-106
 1757 06c1 18       		.byte	24
 1758 06c2 9F       		.byte	-97
 1759 06c3 10       		.byte	16
 1760 06c4 C8       		.byte	-56
 1761 06c5 40       		.byte	64
 1762 06c6 1A       		.byte	26
 1763 06c7 08       		.byte	8
 1764 06c8 83       		.byte	-125
 1765 06c9 10       		.byte	16
 1766 06ca 96       		.byte	-106
 1767 06cb 08       		.byte	8
ARM GAS  C:\Users\satomin\AppData\Local\Temp\cckPRkmn.s 			page 32


 1768 06cc 9F       		.byte	-97
 1769 06cd 10       		.byte	16
 1770 06ce AA       		.byte	-86
 1771 06cf 10       		.byte	16
 1772 06d0 B0       		.byte	-80
 1773 06d1 40       		.byte	64
 1774 06d2 C6       		.byte	-58
 1775 06d3 40       		.byte	64
 1776 06d4 E2       		.byte	-30
 1777 06d5 20       		.byte	32
 1778 06d6 EA       		.byte	-22
 1779 06d7 80       		.byte	-128
 1780 06d8 10       		.byte	16
 1781 06d9 20       		.byte	32
 1782 06da 13       		.byte	19
 1783 06db 20       		.byte	32
 1784 06dc 15       		.byte	21
 1785 06dd 08       		.byte	8
 1786 06de 1F       		.byte	31
 1787 06df 20       		.byte	32
 1788 06e0 34       		.byte	52
 1789 06e1 01       		.byte	1
 1790 06e2 61       		.byte	97
 1791 06e3 02       		.byte	2
 1792 06e4 79       		.byte	121
 1793 06e5 01       		.byte	1
 1794 06e6 7C       		.byte	124
 1795 06e7 10       		.byte	16
 1796 06e8 90       		.byte	-112
 1797 06e9 10       		.byte	16
 1798 06ea 91       		.byte	-111
 1799 06eb 01       		.byte	1
 1800 06ec 95       		.byte	-107
 1801 06ed 08       		.byte	8
 1802 06ee A1       		.byte	-95
 1803 06ef 02       		.byte	2
 1804 06f0 A4       		.byte	-92
 1805 06f1 20       		.byte	32
 1806 06f2 A7       		.byte	-89
 1807 06f3 20       		.byte	32
 1808 06f4 B5       		.byte	-75
 1809 06f5 02       		.byte	2
 1810 06f6 C4       		.byte	-60
 1811 06f7 0E       		.byte	14
 1812 06f8 C6       		.byte	-58
 1813 06f9 01       		.byte	1
 1814 06fa CC       		.byte	-52
 1815 06fb 01       		.byte	1
 1816 06fc D8       		.byte	-40
 1817 06fd 02       		.byte	2
 1818 06fe DE       		.byte	-34
 1819 06ff 03       		.byte	3
 1820 0700 EC       		.byte	-20
 1821 0701 08       		.byte	8
 1822 0702 74       		.byte	116
 1823 0703 04       		.byte	4
 1824 0704 84       		.byte	-124
ARM GAS  C:\Users\satomin\AppData\Local\Temp\cckPRkmn.s 			page 33


 1825 0705 04       		.byte	4
 1826 0706 AB       		.byte	-85
 1827 0707 20       		.byte	32
 1828 0708 B0       		.byte	-80
 1829 0709 01       		.byte	1
 1830 070a DE       		.byte	-34
 1831 070b 04       		.byte	4
 1832 070c EC       		.byte	-20
 1833 070d 04       		.byte	4
 1834 070e 00       		.byte	0
 1835 070f 15       		.byte	21
 1836 0710 08       		.byte	8
 1837 0711 10       		.byte	16
 1838 0712 0A       		.byte	10
 1839 0713 15       		.byte	21
 1840 0714 10       		.byte	16
 1841 0715 14       		.byte	20
 1842 0716 1A       		.byte	26
 1843 0717 14       		.byte	20
 1844 0718 00       		.byte	0
 1845 0719 3F       		.byte	63
 1846 071a 03       		.byte	3
 1847 071b C0       		.byte	-64
 1848 071c C0       		.byte	-64
 1849 071d 00       		.byte	0
 1850 071e 00       		.byte	0
 1851 071f 00       		.byte	0
 1852 0720 00       		.byte	0
 1853 0721 00       		.byte	0
 1854 0722 04       		.byte	4
 1855 0723 00       		.byte	0
 1856 0724 80       		.byte	-128
 1857 0725 00       		.byte	0
 1858 0726 00       		.byte	0
 1859 0727 8C       		.byte	-116
 1860 0728 8C       		.byte	-116
 1861 0729 00       		.byte	0
 1862 072a 8C       		.byte	-116
 1863 072b 00       		.byte	0
 1864 072c 00       		.byte	0
 1865 072d 00       		.byte	0
 1866 072e 00       		.byte	0
 1867 072f 00       		.byte	0
 1868 0730 50       		.byte	80
 1869 0731 00       		.byte	0
 1870 0732 00       		.byte	0
 1871 0733 50       		.byte	80
 1872 0734 50       		.byte	80
 1873 0735 00       		.byte	0
 1874 0736 10       		.byte	16
 1875 0737 00       		.byte	0
 1876 0738 00       		.byte	0
 1877 0739 00       		.byte	0
 1878 073a 00       		.byte	0
 1879 073b 00       		.byte	0
 1880 073c 0F       		.byte	15
 1881 073d 00       		.byte	0
ARM GAS  C:\Users\satomin\AppData\Local\Temp\cckPRkmn.s 			page 34


 1882 073e 00       		.byte	0
 1883 073f 06       		.byte	6
 1884 0740 0B       		.byte	11
 1885 0741 00       		.byte	0
 1886 0742 09       		.byte	9
 1887 0743 00       		.byte	0
 1888 0744 40       		.byte	64
 1889 0745 00       		.byte	0
 1890 0746 00       		.byte	0
 1891 0747 00       		.byte	0
 1892              		.section	.cywolatch,"a",%progbits
 1893              		.align	2
 1894              		.type	cy_meta_wonvl, %object
 1895              		.size	cy_meta_wonvl, 4
 1896              	cy_meta_wonvl:
 1897 0000 BC       		.byte	-68
 1898 0001 90       		.byte	-112
 1899 0002 AC       		.byte	-84
 1900 0003 AF       		.byte	-81
 1901              		.section	.cycustnvl,"a",%progbits
 1902              		.align	2
 1903              		.type	cy_meta_custnvl, %object
 1904              		.size	cy_meta_custnvl, 4
 1905              	cy_meta_custnvl:
 1906 0000 00       		.byte	0
 1907 0001 00       		.byte	0
 1908 0002 40       		.byte	64
 1909 0003 05       		.byte	5
 1910              		.section	.cymeta,"a",%progbits
 1911              		.align	2
 1912              		.type	cy_metadata, %object
 1913              		.size	cy_metadata, 12
 1914              	cy_metadata:
 1915 0000 00       		.byte	0
 1916 0001 01       		.byte	1
 1917 0002 2E       		.byte	46
 1918 0003 16       		.byte	22
 1919 0004 10       		.byte	16
 1920 0005 69       		.byte	105
 1921 0006 00       		.byte	0
 1922 0007 01       		.byte	1
 1923 0008 00       		.byte	0
 1924 0009 00       		.byte	0
 1925 000a 00       		.byte	0
 1926 000b 00       		.byte	0
 1927              		.section	.cyflashprotect,"a",%progbits
 1928              		.align	2
 1929              		.type	cy_meta_flashprotect, %object
 1930              		.size	cy_meta_flashprotect, 256
 1931              	cy_meta_flashprotect:
 1932 0000 00000000 		.space	256
 1932      00000000 
 1932      00000000 
 1932      00000000 
 1932      00000000 
 1933              		.text
 1934              	.Letext0:
ARM GAS  C:\Users\satomin\AppData\Local\Temp\cckPRkmn.s 			page 35


 1935              		.file 1 ".\\Generated_Source\\PSoC5\\cymetadata.c"
 1936              		.file 2 ".\\Generated_Source\\PSoC5\\cytypes.h"
 1937              		.section	.debug_info,"",%progbits
 1938              	.Ldebug_info0:
 1939 0000 3B010000 		.4byte	0x13b
 1940 0004 0400     		.2byte	0x4
 1941 0006 00000000 		.4byte	.Ldebug_abbrev0
 1942 000a 04       		.byte	0x4
 1943 000b 01       		.uleb128 0x1
 1944 000c 53010000 		.4byte	.LASF18
 1945 0010 01       		.byte	0x1
 1946 0011 00000000 		.4byte	.LASF19
 1947 0015 94000000 		.4byte	.LASF20
 1948 0019 00000000 		.4byte	.Ldebug_line0
 1949 001d 02       		.uleb128 0x2
 1950 001e 01       		.byte	0x1
 1951 001f 06       		.byte	0x6
 1952 0020 F5010000 		.4byte	.LASF0
 1953 0024 02       		.uleb128 0x2
 1954 0025 01       		.byte	0x1
 1955 0026 08       		.byte	0x8
 1956 0027 38000000 		.4byte	.LASF1
 1957 002b 02       		.uleb128 0x2
 1958 002c 02       		.byte	0x2
 1959 002d 05       		.byte	0x5
 1960 002e 43010000 		.4byte	.LASF2
 1961 0032 02       		.uleb128 0x2
 1962 0033 02       		.byte	0x2
 1963 0034 07       		.byte	0x7
 1964 0035 58000000 		.4byte	.LASF3
 1965 0039 02       		.uleb128 0x2
 1966 003a 04       		.byte	0x4
 1967 003b 05       		.byte	0x5
 1968 003c EC010000 		.4byte	.LASF4
 1969 0040 02       		.uleb128 0x2
 1970 0041 04       		.byte	0x4
 1971 0042 07       		.byte	0x7
 1972 0043 46000000 		.4byte	.LASF5
 1973 0047 02       		.uleb128 0x2
 1974 0048 08       		.byte	0x8
 1975 0049 05       		.byte	0x5
 1976 004a 30010000 		.4byte	.LASF6
 1977 004e 02       		.uleb128 0x2
 1978 004f 08       		.byte	0x8
 1979 0050 07       		.byte	0x7
 1980 0051 ED000000 		.4byte	.LASF7
 1981 0055 03       		.uleb128 0x3
 1982 0056 04       		.byte	0x4
 1983 0057 05       		.byte	0x5
 1984 0058 696E7400 		.ascii	"int\000"
 1985 005c 02       		.uleb128 0x2
 1986 005d 04       		.byte	0x4
 1987 005e 07       		.byte	0x7
 1988 005f E0000000 		.4byte	.LASF8
 1989 0063 04       		.uleb128 0x4
 1990 0064 4D010000 		.4byte	.LASF21
 1991 0068 02       		.byte	0x2
ARM GAS  C:\Users\satomin\AppData\Local\Temp\cckPRkmn.s 			page 36


 1992 0069 3801     		.2byte	0x138
 1993 006b 24000000 		.4byte	0x24
 1994 006f 02       		.uleb128 0x2
 1995 0070 04       		.byte	0x4
 1996 0071 04       		.byte	0x4
 1997 0072 32000000 		.4byte	.LASF9
 1998 0076 02       		.uleb128 0x2
 1999 0077 08       		.byte	0x8
 2000 0078 04       		.byte	0x4
 2001 0079 6B000000 		.4byte	.LASF10
 2002 007d 02       		.uleb128 0x2
 2003 007e 01       		.byte	0x1
 2004 007f 08       		.byte	0x8
 2005 0080 3E010000 		.4byte	.LASF11
 2006 0084 05       		.uleb128 0x5
 2007 0085 63000000 		.4byte	0x63
 2008 0089 95000000 		.4byte	0x95
 2009 008d 06       		.uleb128 0x6
 2010 008e 95000000 		.4byte	0x95
 2011 0092 4707     		.2byte	0x747
 2012 0094 00       		.byte	0
 2013 0095 02       		.uleb128 0x2
 2014 0096 04       		.byte	0x4
 2015 0097 07       		.byte	0x7
 2016 0098 27010000 		.4byte	.LASF12
 2017 009c 07       		.uleb128 0x7
 2018 009d 82000000 		.4byte	.LASF13
 2019 00a1 01       		.byte	0x1
 2020 00a2 1F       		.byte	0x1f
 2021 00a3 AD000000 		.4byte	0xad
 2022 00a7 05       		.uleb128 0x5
 2023 00a8 03       		.byte	0x3
 2024 00a9 00000000 		.4byte	cy_meta_configecc
 2025 00ad 08       		.uleb128 0x8
 2026 00ae 84000000 		.4byte	0x84
 2027 00b2 05       		.uleb128 0x5
 2028 00b3 63000000 		.4byte	0x63
 2029 00b7 C2000000 		.4byte	0xc2
 2030 00bb 09       		.uleb128 0x9
 2031 00bc 95000000 		.4byte	0x95
 2032 00c0 03       		.byte	0x3
 2033 00c1 00       		.byte	0
 2034 00c2 0A       		.uleb128 0xa
 2035 00c3 72000000 		.4byte	.LASF14
 2036 00c7 01       		.byte	0x1
 2037 00c8 1501     		.2byte	0x115
 2038 00ca D4000000 		.4byte	0xd4
 2039 00ce 05       		.uleb128 0x5
 2040 00cf 03       		.byte	0x3
 2041 00d0 00000000 		.4byte	cy_meta_custnvl
 2042 00d4 08       		.uleb128 0x8
 2043 00d5 B2000000 		.4byte	0xb2
 2044 00d9 0A       		.uleb128 0xa
 2045 00da 19010000 		.4byte	.LASF15
 2046 00de 01       		.byte	0x1
 2047 00df 2301     		.2byte	0x123
 2048 00e1 EB000000 		.4byte	0xeb
ARM GAS  C:\Users\satomin\AppData\Local\Temp\cckPRkmn.s 			page 37


 2049 00e5 05       		.uleb128 0x5
 2050 00e6 03       		.byte	0x3
 2051 00e7 00000000 		.4byte	cy_meta_wonvl
 2052 00eb 08       		.uleb128 0x8
 2053 00ec B2000000 		.4byte	0xb2
 2054 00f0 05       		.uleb128 0x5
 2055 00f1 63000000 		.4byte	0x63
 2056 00f5 00010000 		.4byte	0x100
 2057 00f9 09       		.uleb128 0x9
 2058 00fa 95000000 		.4byte	0x95
 2059 00fe FF       		.byte	0xff
 2060 00ff 00       		.byte	0
 2061 0100 0A       		.uleb128 0xa
 2062 0101 04010000 		.4byte	.LASF16
 2063 0105 01       		.byte	0x1
 2064 0106 3101     		.2byte	0x131
 2065 0108 12010000 		.4byte	0x112
 2066 010c 05       		.uleb128 0x5
 2067 010d 03       		.byte	0x3
 2068 010e 00000000 		.4byte	cy_meta_flashprotect
 2069 0112 08       		.uleb128 0x8
 2070 0113 F0000000 		.4byte	0xf0
 2071 0117 05       		.uleb128 0x5
 2072 0118 63000000 		.4byte	0x63
 2073 011c 27010000 		.4byte	0x127
 2074 0120 09       		.uleb128 0x9
 2075 0121 95000000 		.4byte	0x95
 2076 0125 0B       		.byte	0xb
 2077 0126 00       		.byte	0
 2078 0127 0A       		.uleb128 0xa
 2079 0128 26000000 		.4byte	.LASF17
 2080 012c 01       		.byte	0x1
 2081 012d 5E01     		.2byte	0x15e
 2082 012f 39010000 		.4byte	0x139
 2083 0133 05       		.uleb128 0x5
 2084 0134 03       		.byte	0x3
 2085 0135 00000000 		.4byte	cy_metadata
 2086 0139 08       		.uleb128 0x8
 2087 013a 17010000 		.4byte	0x117
 2088 013e 00       		.byte	0
 2089              		.section	.debug_abbrev,"",%progbits
 2090              	.Ldebug_abbrev0:
 2091 0000 01       		.uleb128 0x1
 2092 0001 11       		.uleb128 0x11
 2093 0002 01       		.byte	0x1
 2094 0003 25       		.uleb128 0x25
 2095 0004 0E       		.uleb128 0xe
 2096 0005 13       		.uleb128 0x13
 2097 0006 0B       		.uleb128 0xb
 2098 0007 03       		.uleb128 0x3
 2099 0008 0E       		.uleb128 0xe
 2100 0009 1B       		.uleb128 0x1b
 2101 000a 0E       		.uleb128 0xe
 2102 000b 10       		.uleb128 0x10
 2103 000c 17       		.uleb128 0x17
 2104 000d 00       		.byte	0
 2105 000e 00       		.byte	0
ARM GAS  C:\Users\satomin\AppData\Local\Temp\cckPRkmn.s 			page 38


 2106 000f 02       		.uleb128 0x2
 2107 0010 24       		.uleb128 0x24
 2108 0011 00       		.byte	0
 2109 0012 0B       		.uleb128 0xb
 2110 0013 0B       		.uleb128 0xb
 2111 0014 3E       		.uleb128 0x3e
 2112 0015 0B       		.uleb128 0xb
 2113 0016 03       		.uleb128 0x3
 2114 0017 0E       		.uleb128 0xe
 2115 0018 00       		.byte	0
 2116 0019 00       		.byte	0
 2117 001a 03       		.uleb128 0x3
 2118 001b 24       		.uleb128 0x24
 2119 001c 00       		.byte	0
 2120 001d 0B       		.uleb128 0xb
 2121 001e 0B       		.uleb128 0xb
 2122 001f 3E       		.uleb128 0x3e
 2123 0020 0B       		.uleb128 0xb
 2124 0021 03       		.uleb128 0x3
 2125 0022 08       		.uleb128 0x8
 2126 0023 00       		.byte	0
 2127 0024 00       		.byte	0
 2128 0025 04       		.uleb128 0x4
 2129 0026 16       		.uleb128 0x16
 2130 0027 00       		.byte	0
 2131 0028 03       		.uleb128 0x3
 2132 0029 0E       		.uleb128 0xe
 2133 002a 3A       		.uleb128 0x3a
 2134 002b 0B       		.uleb128 0xb
 2135 002c 3B       		.uleb128 0x3b
 2136 002d 05       		.uleb128 0x5
 2137 002e 49       		.uleb128 0x49
 2138 002f 13       		.uleb128 0x13
 2139 0030 00       		.byte	0
 2140 0031 00       		.byte	0
 2141 0032 05       		.uleb128 0x5
 2142 0033 01       		.uleb128 0x1
 2143 0034 01       		.byte	0x1
 2144 0035 49       		.uleb128 0x49
 2145 0036 13       		.uleb128 0x13
 2146 0037 01       		.uleb128 0x1
 2147 0038 13       		.uleb128 0x13
 2148 0039 00       		.byte	0
 2149 003a 00       		.byte	0
 2150 003b 06       		.uleb128 0x6
 2151 003c 21       		.uleb128 0x21
 2152 003d 00       		.byte	0
 2153 003e 49       		.uleb128 0x49
 2154 003f 13       		.uleb128 0x13
 2155 0040 2F       		.uleb128 0x2f
 2156 0041 05       		.uleb128 0x5
 2157 0042 00       		.byte	0
 2158 0043 00       		.byte	0
 2159 0044 07       		.uleb128 0x7
 2160 0045 34       		.uleb128 0x34
 2161 0046 00       		.byte	0
 2162 0047 03       		.uleb128 0x3
ARM GAS  C:\Users\satomin\AppData\Local\Temp\cckPRkmn.s 			page 39


 2163 0048 0E       		.uleb128 0xe
 2164 0049 3A       		.uleb128 0x3a
 2165 004a 0B       		.uleb128 0xb
 2166 004b 3B       		.uleb128 0x3b
 2167 004c 0B       		.uleb128 0xb
 2168 004d 49       		.uleb128 0x49
 2169 004e 13       		.uleb128 0x13
 2170 004f 3F       		.uleb128 0x3f
 2171 0050 19       		.uleb128 0x19
 2172 0051 02       		.uleb128 0x2
 2173 0052 18       		.uleb128 0x18
 2174 0053 00       		.byte	0
 2175 0054 00       		.byte	0
 2176 0055 08       		.uleb128 0x8
 2177 0056 26       		.uleb128 0x26
 2178 0057 00       		.byte	0
 2179 0058 49       		.uleb128 0x49
 2180 0059 13       		.uleb128 0x13
 2181 005a 00       		.byte	0
 2182 005b 00       		.byte	0
 2183 005c 09       		.uleb128 0x9
 2184 005d 21       		.uleb128 0x21
 2185 005e 00       		.byte	0
 2186 005f 49       		.uleb128 0x49
 2187 0060 13       		.uleb128 0x13
 2188 0061 2F       		.uleb128 0x2f
 2189 0062 0B       		.uleb128 0xb
 2190 0063 00       		.byte	0
 2191 0064 00       		.byte	0
 2192 0065 0A       		.uleb128 0xa
 2193 0066 34       		.uleb128 0x34
 2194 0067 00       		.byte	0
 2195 0068 03       		.uleb128 0x3
 2196 0069 0E       		.uleb128 0xe
 2197 006a 3A       		.uleb128 0x3a
 2198 006b 0B       		.uleb128 0xb
 2199 006c 3B       		.uleb128 0x3b
 2200 006d 05       		.uleb128 0x5
 2201 006e 49       		.uleb128 0x49
 2202 006f 13       		.uleb128 0x13
 2203 0070 3F       		.uleb128 0x3f
 2204 0071 19       		.uleb128 0x19
 2205 0072 02       		.uleb128 0x2
 2206 0073 18       		.uleb128 0x18
 2207 0074 00       		.byte	0
 2208 0075 00       		.byte	0
 2209 0076 00       		.byte	0
 2210              		.section	.debug_aranges,"",%progbits
 2211 0000 14000000 		.4byte	0x14
 2212 0004 0200     		.2byte	0x2
 2213 0006 00000000 		.4byte	.Ldebug_info0
 2214 000a 04       		.byte	0x4
 2215 000b 00       		.byte	0
 2216 000c 0000     		.2byte	0
 2217 000e 0000     		.2byte	0
 2218 0010 00000000 		.4byte	0
 2219 0014 00000000 		.4byte	0
ARM GAS  C:\Users\satomin\AppData\Local\Temp\cckPRkmn.s 			page 40


 2220              		.section	.debug_line,"",%progbits
 2221              	.Ldebug_line0:
 2222 0000 4F000000 		.section	.debug_str,"MS",%progbits,1
 2222      02004900 
 2222      00000201 
 2222      FB0E0D00 
 2222      01010101 
 2223              	.LASF19:
 2224 0000 2E5C4765 		.ascii	".\\Generated_Source\\PSoC5\\cymetadata.c\000"
 2224      6E657261 
 2224      7465645F 
 2224      536F7572 
 2224      63655C50 
 2225              	.LASF17:
 2226 0026 63795F6D 		.ascii	"cy_metadata\000"
 2226      65746164 
 2226      61746100 
 2227              	.LASF9:
 2228 0032 666C6F61 		.ascii	"float\000"
 2228      7400
 2229              	.LASF1:
 2230 0038 756E7369 		.ascii	"unsigned char\000"
 2230      676E6564 
 2230      20636861 
 2230      7200
 2231              	.LASF5:
 2232 0046 6C6F6E67 		.ascii	"long unsigned int\000"
 2232      20756E73 
 2232      69676E65 
 2232      6420696E 
 2232      7400
 2233              	.LASF3:
 2234 0058 73686F72 		.ascii	"short unsigned int\000"
 2234      7420756E 
 2234      7369676E 
 2234      65642069 
 2234      6E7400
 2235              	.LASF10:
 2236 006b 646F7562 		.ascii	"double\000"
 2236      6C6500
 2237              	.LASF14:
 2238 0072 63795F6D 		.ascii	"cy_meta_custnvl\000"
 2238      6574615F 
 2238      63757374 
 2238      6E766C00 
 2239              	.LASF13:
 2240 0082 63795F6D 		.ascii	"cy_meta_configecc\000"
 2240      6574615F 
 2240      636F6E66 
 2240      69676563 
 2240      6300
 2241              	.LASF20:
 2242 0094 433A5C55 		.ascii	"C:\\Users\\satomin\\Documents\\PSoC Creator\\AI_min"
 2242      73657273 
 2242      5C736174 
 2242      6F6D696E 
 2242      5C446F63 
ARM GAS  C:\Users\satomin\AppData\Local\Temp\cckPRkmn.s 			page 41


 2243 00c2 695F3230 		.ascii	"i_2016_9_1\\AI_mini_bace.cydsn\000"
 2243      31365F39 
 2243      5F315C41 
 2243      495F6D69 
 2243      6E695F62 
 2244              	.LASF8:
 2245 00e0 756E7369 		.ascii	"unsigned int\000"
 2245      676E6564 
 2245      20696E74 
 2245      00
 2246              	.LASF7:
 2247 00ed 6C6F6E67 		.ascii	"long long unsigned int\000"
 2247      206C6F6E 
 2247      6720756E 
 2247      7369676E 
 2247      65642069 
 2248              	.LASF16:
 2249 0104 63795F6D 		.ascii	"cy_meta_flashprotect\000"
 2249      6574615F 
 2249      666C6173 
 2249      6870726F 
 2249      74656374 
 2250              	.LASF15:
 2251 0119 63795F6D 		.ascii	"cy_meta_wonvl\000"
 2251      6574615F 
 2251      776F6E76 
 2251      6C00
 2252              	.LASF12:
 2253 0127 73697A65 		.ascii	"sizetype\000"
 2253      74797065 
 2253      00
 2254              	.LASF6:
 2255 0130 6C6F6E67 		.ascii	"long long int\000"
 2255      206C6F6E 
 2255      6720696E 
 2255      7400
 2256              	.LASF11:
 2257 013e 63686172 		.ascii	"char\000"
 2257      00
 2258              	.LASF2:
 2259 0143 73686F72 		.ascii	"short int\000"
 2259      7420696E 
 2259      7400
 2260              	.LASF21:
 2261 014d 75696E74 		.ascii	"uint8\000"
 2261      3800
 2262              	.LASF18:
 2263 0153 474E5520 		.ascii	"GNU C 4.9.3 20150303 (release) [ARM/embedded-4_9-br"
 2263      4320342E 
 2263      392E3320 
 2263      32303135 
 2263      30333033 
 2264 0186 616E6368 		.ascii	"anch revision 221220] -mcpu=cortex-m3 -mthumb -g -O"
 2264      20726576 
 2264      6973696F 
 2264      6E203232 
 2264      31323230 
ARM GAS  C:\Users\satomin\AppData\Local\Temp\cckPRkmn.s 			page 42


 2265 01b9 67202D73 		.ascii	"g -std=gnu99 -ffunction-sections -ffat-lto-objects\000"
 2265      74643D67 
 2265      6E753939 
 2265      202D6666 
 2265      756E6374 
 2266              	.LASF4:
 2267 01ec 6C6F6E67 		.ascii	"long int\000"
 2267      20696E74 
 2267      00
 2268              	.LASF0:
 2269 01f5 7369676E 		.ascii	"signed char\000"
 2269      65642063 
 2269      68617200 
 2270              		.ident	"GCC: (GNU Tools for ARM Embedded Processors) 4.9.3 20150303 (release) [ARM/embedded-4_9-br
