ARM GAS  C:\Users\satomin\AppData\Local\Temp\cccHZF4S.s 			page 1


   1              		.syntax unified
   2              		.cpu cortex-m3
   3              		.fpu softvfp
   4              		.eabi_attribute 20, 1
   5              		.eabi_attribute 21, 1
   6              		.eabi_attribute 23, 3
   7              		.eabi_attribute 24, 1
   8              		.eabi_attribute 25, 1
   9              		.eabi_attribute 26, 1
  10              		.eabi_attribute 30, 1
  11              		.eabi_attribute 34, 1
  12              		.eabi_attribute 18, 4
  13              		.thumb
  14              		.file	"cymetadata.c"
  15              		.text
  16              	.Ltext0:
  17              		.cfi_sections	.debug_frame
  18              		.global	cy_metadata
  19              		.global	cy_meta_flashprotect
  20              		.global	cy_meta_wonvl
  21              		.global	cy_meta_custnvl
  22              		.global	cy_meta_configecc
  23              		.section	.cyconfigecc,"a",%progbits
  24              		.align	2
  25              		.type	cy_meta_configecc, %object
  26              		.size	cy_meta_configecc, 1840
  27              	cy_meta_configecc:
  28 0000 06       		.byte	6
  29 0001 52       		.byte	82
  30 0002 00       		.byte	0
  31 0003 40       		.byte	64
  32 0004 01       		.byte	1
  33 0005 5B       		.byte	91
  34 0006 00       		.byte	0
  35 0007 40       		.byte	64
  36 0008 03       		.byte	3
  37 0009 64       		.byte	100
  38 000a 00       		.byte	0
  39 000b 40       		.byte	64
  40 000c 01       		.byte	1
  41 000d 65       		.byte	101
  42 000e 00       		.byte	0
  43 000f 40       		.byte	64
  44 0010 3B       		.byte	59
  45 0011 02       		.byte	2
  46 0012 01       		.byte	1
  47 0013 40       		.byte	64
  48 0014 32       		.byte	50
  49 0015 03       		.byte	3
  50 0016 01       		.byte	1
  51 0017 40       		.byte	64
  52 0018 5D       		.byte	93
  53 0019 04       		.byte	4
  54 001a 01       		.byte	1
  55 001b 40       		.byte	64
  56 001c 3E       		.byte	62
  57 001d 05       		.byte	5
ARM GAS  C:\Users\satomin\AppData\Local\Temp\cccHZF4S.s 			page 2


  58 001e 01       		.byte	1
  59 001f 40       		.byte	64
  60 0020 67       		.byte	103
  61 0021 06       		.byte	6
  62 0022 01       		.byte	1
  63 0023 40       		.byte	64
  64 0024 3B       		.byte	59
  65 0025 07       		.byte	7
  66 0026 01       		.byte	1
  67 0027 40       		.byte	64
  68 0028 04       		.byte	4
  69 0029 08       		.byte	8
  70 002a 01       		.byte	1
  71 002b 40       		.byte	64
  72 002c 01       		.byte	1
  73 002d 09       		.byte	9
  74 002e 01       		.byte	1
  75 002f 40       		.byte	64
  76 0030 01       		.byte	1
  77 0031 0D       		.byte	13
  78 0032 01       		.byte	1
  79 0033 40       		.byte	64
  80 0034 5E       		.byte	94
  81 0035 14       		.byte	20
  82 0036 01       		.byte	1
  83 0037 40       		.byte	64
  84 0038 4D       		.byte	77
  85 0039 15       		.byte	21
  86 003a 01       		.byte	1
  87 003b 40       		.byte	64
  88 003c 47       		.byte	71
  89 003d 16       		.byte	22
  90 003e 01       		.byte	1
  91 003f 40       		.byte	64
  92 0040 2F       		.byte	47
  93 0041 17       		.byte	23
  94 0042 01       		.byte	1
  95 0043 40       		.byte	64
  96 0044 01       		.byte	1
  97 0045 19       		.byte	25
  98 0046 01       		.byte	1
  99 0047 40       		.byte	64
 100 0048 03       		.byte	3
 101 0049 1B       		.byte	27
 102 004a 01       		.byte	1
 103 004b 40       		.byte	64
 104 004c 03       		.byte	3
 105 004d 40       		.byte	64
 106 004e 01       		.byte	1
 107 004f 40       		.byte	64
 108 0050 07       		.byte	7
 109 0051 41       		.byte	65
 110 0052 01       		.byte	1
 111 0053 40       		.byte	64
 112 0054 0B       		.byte	11
 113 0055 42       		.byte	66
 114 0056 01       		.byte	1
ARM GAS  C:\Users\satomin\AppData\Local\Temp\cccHZF4S.s 			page 3


 115 0057 40       		.byte	64
 116 0058 04       		.byte	4
 117 0059 43       		.byte	67
 118 005a 01       		.byte	1
 119 005b 40       		.byte	64
 120 005c 07       		.byte	7
 121 005d 45       		.byte	69
 122 005e 01       		.byte	1
 123 005f 40       		.byte	64
 124 0060 05       		.byte	5
 125 0061 46       		.byte	70
 126 0062 01       		.byte	1
 127 0063 40       		.byte	64
 128 0064 05       		.byte	5
 129 0065 47       		.byte	71
 130 0066 01       		.byte	1
 131 0067 40       		.byte	64
 132 0068 04       		.byte	4
 133 0069 48       		.byte	72
 134 006a 01       		.byte	1
 135 006b 40       		.byte	64
 136 006c 0C       		.byte	12
 137 006d 49       		.byte	73
 138 006e 01       		.byte	1
 139 006f 40       		.byte	64
 140 0070 15       		.byte	21
 141 0071 4C       		.byte	76
 142 0072 01       		.byte	1
 143 0073 40       		.byte	64
 144 0074 07       		.byte	7
 145 0075 4D       		.byte	77
 146 0076 01       		.byte	1
 147 0077 40       		.byte	64
 148 0078 05       		.byte	5
 149 0079 50       		.byte	80
 150 007a 01       		.byte	1
 151 007b 40       		.byte	64
 152 007c 02       		.byte	2
 153 007d 51       		.byte	81
 154 007e 01       		.byte	1
 155 007f 40       		.byte	64
 156 0080 08       		.byte	8
 157 0081 10       		.byte	16
 158 0082 09       		.byte	9
 159 0083 10       		.byte	16
 160 0084 10       		.byte	16
 161 0085 01       		.byte	1
 162 0086 14       		.byte	20
 163 0087 0D       		.byte	13
 164 0088 60       		.byte	96
 165 0089 08       		.byte	8
 166 008a 61       		.byte	97
 167 008b 8C       		.byte	-116
 168 008c 2F       		.byte	47
 169 008d 84       		.byte	-124
 170 008e 82       		.byte	-126
 171 008f 0F       		.byte	15
ARM GAS  C:\Users\satomin\AppData\Local\Temp\cccHZF4S.s 			page 4


 172 0090 83       		.byte	-125
 173 0091 6F       		.byte	111
 174 0092 85       		.byte	-123
 175 0093 0F       		.byte	15
 176 0094 85       		.byte	-123
 177 0095 0F       		.byte	15
 178 0096 06       		.byte	6
 179 0097 01       		.byte	1
 180 0098 09       		.byte	9
 181 0099 04       		.byte	4
 182 009a 16       		.byte	22
 183 009b 01       		.byte	1
 184 009c 17       		.byte	23
 185 009d 04       		.byte	4
 186 009e 18       		.byte	24
 187 009f 01       		.byte	1
 188 00a0 1D       		.byte	29
 189 00a1 02       		.byte	2
 190 00a2 25       		.byte	37
 191 00a3 04       		.byte	4
 192 00a4 2A       		.byte	42
 193 00a5 02       		.byte	2
 194 00a6 2B       		.byte	43
 195 00a7 03       		.byte	3
 196 00a8 30       		.byte	48
 197 00a9 01       		.byte	1
 198 00aa 31       		.byte	49
 199 00ab 01       		.byte	1
 200 00ac 32       		.byte	50
 201 00ad 02       		.byte	2
 202 00ae 33       		.byte	51
 203 00af 04       		.byte	4
 204 00b0 35       		.byte	53
 205 00b1 02       		.byte	2
 206 00b2 3E       		.byte	62
 207 00b3 01       		.byte	1
 208 00b4 3F       		.byte	63
 209 00b5 04       		.byte	4
 210 00b6 54       		.byte	84
 211 00b7 0F       		.byte	15
 212 00b8 58       		.byte	88
 213 00b9 04       		.byte	4
 214 00ba 59       		.byte	89
 215 00bb 04       		.byte	4
 216 00bc 5B       		.byte	91
 217 00bd 04       		.byte	4
 218 00be 5C       		.byte	92
 219 00bf 04       		.byte	4
 220 00c0 5D       		.byte	93
 221 00c1 40       		.byte	64
 222 00c2 5F       		.byte	95
 223 00c3 01       		.byte	1
 224 00c4 81       		.byte	-127
 225 00c5 04       		.byte	4
 226 00c6 83       		.byte	-125
 227 00c7 02       		.byte	2
 228 00c8 85       		.byte	-123
ARM GAS  C:\Users\satomin\AppData\Local\Temp\cccHZF4S.s 			page 5


 229 00c9 02       		.byte	2
 230 00ca 87       		.byte	-121
 231 00cb 04       		.byte	4
 232 00cc 89       		.byte	-119
 233 00cd 02       		.byte	2
 234 00ce 8A       		.byte	-118
 235 00cf 01       		.byte	1
 236 00d0 8B       		.byte	-117
 237 00d1 04       		.byte	4
 238 00d2 97       		.byte	-105
 239 00d3 01       		.byte	1
 240 00d4 99       		.byte	-103
 241 00d5 10       		.byte	16
 242 00d6 9A       		.byte	-102
 243 00d7 04       		.byte	4
 244 00d8 9F       		.byte	-97
 245 00d9 10       		.byte	16
 246 00da A1       		.byte	-95
 247 00db 08       		.byte	8
 248 00dc A2       		.byte	-94
 249 00dd 08       		.byte	8
 250 00de A4       		.byte	-92
 251 00df 02       		.byte	2
 252 00e0 A5       		.byte	-91
 253 00e1 02       		.byte	2
 254 00e2 A7       		.byte	-89
 255 00e3 04       		.byte	4
 256 00e4 AA       		.byte	-86
 257 00e5 02       		.byte	2
 258 00e6 AF       		.byte	-81
 259 00e7 08       		.byte	8
 260 00e8 B0       		.byte	-80
 261 00e9 02       		.byte	2
 262 00ea B1       		.byte	-79
 263 00eb 06       		.byte	6
 264 00ec B2       		.byte	-78
 265 00ed 04       		.byte	4
 266 00ee B3       		.byte	-77
 267 00ef 08       		.byte	8
 268 00f0 B4       		.byte	-76
 269 00f1 01       		.byte	1
 270 00f2 B5       		.byte	-75
 271 00f3 01       		.byte	1
 272 00f4 B6       		.byte	-74
 273 00f5 08       		.byte	8
 274 00f6 B7       		.byte	-73
 275 00f7 10       		.byte	16
 276 00f8 BB       		.byte	-69
 277 00f9 02       		.byte	2
 278 00fa BE       		.byte	-66
 279 00fb 01       		.byte	1
 280 00fc BF       		.byte	-65
 281 00fd 44       		.byte	68
 282 00fe D4       		.byte	-44
 283 00ff 0F       		.byte	15
 284 0100 D8       		.byte	-40
 285 0101 04       		.byte	4
ARM GAS  C:\Users\satomin\AppData\Local\Temp\cccHZF4S.s 			page 6


 286 0102 D9       		.byte	-39
 287 0103 04       		.byte	4
 288 0104 DB       		.byte	-37
 289 0105 04       		.byte	4
 290 0106 DC       		.byte	-36
 291 0107 44       		.byte	68
 292 0108 DD       		.byte	-35
 293 0109 40       		.byte	64
 294 010a DF       		.byte	-33
 295 010b 05       		.byte	5
 296 010c 00       		.byte	0
 297 010d 10       		.byte	16
 298 010e 05       		.byte	5
 299 010f 08       		.byte	8
 300 0110 0B       		.byte	11
 301 0111 08       		.byte	8
 302 0112 0C       		.byte	12
 303 0113 20       		.byte	32
 304 0114 0F       		.byte	15
 305 0115 20       		.byte	32
 306 0116 12       		.byte	18
 307 0117 48       		.byte	72
 308 0118 13       		.byte	19
 309 0119 08       		.byte	8
 310 011a 14       		.byte	20
 311 011b 04       		.byte	4
 312 011c 18       		.byte	24
 313 011d 10       		.byte	16
 314 011e 19       		.byte	25
 315 011f 01       		.byte	1
 316 0120 1B       		.byte	27
 317 0121 60       		.byte	96
 318 0122 1E       		.byte	30
 319 0123 80       		.byte	-128
 320 0124 1F       		.byte	31
 321 0125 04       		.byte	4
 322 0126 21       		.byte	33
 323 0127 01       		.byte	1
 324 0128 22       		.byte	34
 325 0129 44       		.byte	68
 326 012a 23       		.byte	35
 327 012b 48       		.byte	72
 328 012c 26       		.byte	38
 329 012d 10       		.byte	16
 330 012e 27       		.byte	39
 331 012f 60       		.byte	96
 332 0130 2A       		.byte	42
 333 0131 40       		.byte	64
 334 0132 2B       		.byte	43
 335 0133 60       		.byte	96
 336 0134 2C       		.byte	44
 337 0135 20       		.byte	32
 338 0136 2E       		.byte	46
 339 0137 20       		.byte	32
 340 0138 30       		.byte	48
 341 0139 A0       		.byte	-96
 342 013a 32       		.byte	50
ARM GAS  C:\Users\satomin\AppData\Local\Temp\cccHZF4S.s 			page 7


 343 013b 18       		.byte	24
 344 013c 35       		.byte	53
 345 013d 08       		.byte	8
 346 013e 37       		.byte	55
 347 013f 40       		.byte	64
 348 0140 38       		.byte	56
 349 0141 10       		.byte	16
 350 0142 39       		.byte	57
 351 0143 02       		.byte	2
 352 0144 3B       		.byte	59
 353 0145 08       		.byte	8
 354 0146 3C       		.byte	60
 355 0147 20       		.byte	32
 356 0148 3F       		.byte	63
 357 0149 20       		.byte	32
 358 014a 59       		.byte	89
 359 014b 01       		.byte	1
 360 014c 5A       		.byte	90
 361 014d 88       		.byte	-120
 362 014e 5B       		.byte	91
 363 014f 10       		.byte	16
 364 0150 5C       		.byte	92
 365 0151 0E       		.byte	14
 366 0152 5E       		.byte	94
 367 0153 80       		.byte	-128
 368 0154 5F       		.byte	95
 369 0155 20       		.byte	32
 370 0156 61       		.byte	97
 371 0157 04       		.byte	4
 372 0158 62       		.byte	98
 373 0159 10       		.byte	16
 374 015a 78       		.byte	120
 375 015b 08       		.byte	8
 376 015c C0       		.byte	-64
 377 015d 22       		.byte	34
 378 015e C2       		.byte	-62
 379 015f 62       		.byte	98
 380 0160 C4       		.byte	-60
 381 0161 4E       		.byte	78
 382 0162 CA       		.byte	-54
 383 0163 6B       		.byte	107
 384 0164 CC       		.byte	-52
 385 0165 5E       		.byte	94
 386 0166 CE       		.byte	-50
 387 0167 27       		.byte	39
 388 0168 D6       		.byte	-42
 389 0169 FF       		.byte	-1
 390 016a D8       		.byte	-40
 391 016b 06       		.byte	6
 392 016c DE       		.byte	-34
 393 016d 02       		.byte	2
 394 016e E6       		.byte	-26
 395 016f 04       		.byte	4
 396 0170 00       		.byte	0
 397 0171 08       		.byte	8
 398 0172 05       		.byte	5
 399 0173 07       		.byte	7
ARM GAS  C:\Users\satomin\AppData\Local\Temp\cccHZF4S.s 			page 8


 400 0174 09       		.byte	9
 401 0175 0C       		.byte	12
 402 0176 0B       		.byte	11
 403 0177 02       		.byte	2
 404 0178 0F       		.byte	15
 405 0179 0F       		.byte	15
 406 017a 11       		.byte	17
 407 017b 0B       		.byte	11
 408 017c 13       		.byte	19
 409 017d 04       		.byte	4
 410 017e 14       		.byte	20
 411 017f 06       		.byte	6
 412 0180 15       		.byte	21
 413 0181 08       		.byte	8
 414 0182 17       		.byte	23
 415 0183 01       		.byte	1
 416 0184 18       		.byte	24
 417 0185 03       		.byte	3
 418 0186 1F       		.byte	31
 419 0187 10       		.byte	16
 420 0188 20       		.byte	32
 421 0189 06       		.byte	6
 422 018a 21       		.byte	33
 423 018b 0C       		.byte	12
 424 018c 23       		.byte	35
 425 018d 01       		.byte	1
 426 018e 28       		.byte	40
 427 018f 08       		.byte	8
 428 0190 2C       		.byte	44
 429 0191 05       		.byte	5
 430 0192 32       		.byte	50
 431 0193 08       		.byte	8
 432 0194 33       		.byte	51
 433 0195 0F       		.byte	15
 434 0196 34       		.byte	52
 435 0197 07       		.byte	7
 436 0198 35       		.byte	53
 437 0199 10       		.byte	16
 438 019a 38       		.byte	56
 439 019b 28       		.byte	40
 440 019c 40       		.byte	64
 441 019d 30       		.byte	48
 442 019e 41       		.byte	65
 443 019f 04       		.byte	4
 444 01a0 49       		.byte	73
 445 01a1 FF       		.byte	-1
 446 01a2 4A       		.byte	74
 447 01a3 FF       		.byte	-1
 448 01a4 4B       		.byte	75
 449 01a5 FF       		.byte	-1
 450 01a6 4D       		.byte	77
 451 01a7 A0       		.byte	-96
 452 01a8 4F       		.byte	79
 453 01a9 04       		.byte	4
 454 01aa 50       		.byte	80
 455 01ab 18       		.byte	24
 456 01ac 58       		.byte	88
ARM GAS  C:\Users\satomin\AppData\Local\Temp\cccHZF4S.s 			page 9


 457 01ad 04       		.byte	4
 458 01ae 59       		.byte	89
 459 01af 04       		.byte	4
 460 01b0 5A       		.byte	90
 461 01b1 04       		.byte	4
 462 01b2 5C       		.byte	92
 463 01b3 44       		.byte	68
 464 01b4 5F       		.byte	95
 465 01b5 01       		.byte	1
 466 01b6 60       		.byte	96
 467 01b7 40       		.byte	64
 468 01b8 62       		.byte	98
 469 01b9 C0       		.byte	-64
 470 01ba 64       		.byte	100
 471 01bb 40       		.byte	64
 472 01bc 65       		.byte	101
 473 01bd 40       		.byte	64
 474 01be 66       		.byte	102
 475 01bf C0       		.byte	-64
 476 01c0 68       		.byte	104
 477 01c1 C0       		.byte	-64
 478 01c2 6A       		.byte	106
 479 01c3 C0       		.byte	-64
 480 01c4 6C       		.byte	108
 481 01c5 C0       		.byte	-64
 482 01c6 6E       		.byte	110
 483 01c7 C0       		.byte	-64
 484 01c8 82       		.byte	-126
 485 01c9 01       		.byte	1
 486 01ca 87       		.byte	-121
 487 01cb 0C       		.byte	12
 488 01cc 8A       		.byte	-118
 489 01cd 04       		.byte	4
 490 01ce 8B       		.byte	-117
 491 01cf 01       		.byte	1
 492 01d0 96       		.byte	-106
 493 01d1 06       		.byte	6
 494 01d2 99       		.byte	-103
 495 01d3 08       		.byte	8
 496 01d4 9C       		.byte	-100
 497 01d5 08       		.byte	8
 498 01d6 A2       		.byte	-94
 499 01d7 02       		.byte	2
 500 01d8 AB       		.byte	-85
 501 01d9 01       		.byte	1
 502 01da AD       		.byte	-83
 503 01db 02       		.byte	2
 504 01dc B0       		.byte	-80
 505 01dd 04       		.byte	4
 506 01de B1       		.byte	-79
 507 01df 01       		.byte	1
 508 01e0 B2       		.byte	-78
 509 01e1 01       		.byte	1
 510 01e2 B3       		.byte	-77
 511 01e3 04       		.byte	4
 512 01e4 B4       		.byte	-76
 513 01e5 02       		.byte	2
ARM GAS  C:\Users\satomin\AppData\Local\Temp\cccHZF4S.s 			page 10


 514 01e6 B5       		.byte	-75
 515 01e7 02       		.byte	2
 516 01e8 B6       		.byte	-74
 517 01e9 08       		.byte	8
 518 01ea B7       		.byte	-73
 519 01eb 08       		.byte	8
 520 01ec BE       		.byte	-66
 521 01ed 50       		.byte	80
 522 01ee BF       		.byte	-65
 523 01ef 10       		.byte	16
 524 01f0 C0       		.byte	-64
 525 01f1 30       		.byte	48
 526 01f2 C1       		.byte	-63
 527 01f3 04       		.byte	4
 528 01f4 C5       		.byte	-59
 529 01f5 D0       		.byte	-48
 530 01f6 C6       		.byte	-58
 531 01f7 52       		.byte	82
 532 01f8 C7       		.byte	-57
 533 01f9 01       		.byte	1
 534 01fa C8       		.byte	-56
 535 01fb 1E       		.byte	30
 536 01fc C9       		.byte	-55
 537 01fd FF       		.byte	-1
 538 01fe CA       		.byte	-54
 539 01ff FF       		.byte	-1
 540 0200 CB       		.byte	-53
 541 0201 FF       		.byte	-1
 542 0202 CD       		.byte	-51
 543 0203 AF       		.byte	-81
 544 0204 CE       		.byte	-50
 545 0205 0F       		.byte	15
 546 0206 CF       		.byte	-49
 547 0207 04       		.byte	4
 548 0208 D0       		.byte	-48
 549 0209 18       		.byte	24
 550 020a D2       		.byte	-46
 551 020b 80       		.byte	-128
 552 020c D4       		.byte	-44
 553 020d 07       		.byte	7
 554 020e D8       		.byte	-40
 555 020f 04       		.byte	4
 556 0210 D9       		.byte	-39
 557 0211 04       		.byte	4
 558 0212 DA       		.byte	-38
 559 0213 04       		.byte	4
 560 0214 DB       		.byte	-37
 561 0215 04       		.byte	4
 562 0216 DF       		.byte	-33
 563 0217 01       		.byte	1
 564 0218 E0       		.byte	-32
 565 0219 40       		.byte	64
 566 021a E2       		.byte	-30
 567 021b C0       		.byte	-64
 568 021c E4       		.byte	-28
 569 021d 40       		.byte	64
 570 021e E5       		.byte	-27
ARM GAS  C:\Users\satomin\AppData\Local\Temp\cccHZF4S.s 			page 11


 571 021f 40       		.byte	64
 572 0220 E6       		.byte	-26
 573 0221 C0       		.byte	-64
 574 0222 E8       		.byte	-24
 575 0223 C0       		.byte	-64
 576 0224 EA       		.byte	-22
 577 0225 C0       		.byte	-64
 578 0226 EC       		.byte	-20
 579 0227 C0       		.byte	-64
 580 0228 EE       		.byte	-18
 581 0229 C0       		.byte	-64
 582 022a 02       		.byte	2
 583 022b 40       		.byte	64
 584 022c 06       		.byte	6
 585 022d 08       		.byte	8
 586 022e 07       		.byte	7
 587 022f 40       		.byte	64
 588 0230 0A       		.byte	10
 589 0231 04       		.byte	4
 590 0232 0B       		.byte	11
 591 0233 10       		.byte	16
 592 0234 0E       		.byte	14
 593 0235 12       		.byte	18
 594 0236 10       		.byte	16
 595 0237 40       		.byte	64
 596 0238 12       		.byte	18
 597 0239 0A       		.byte	10
 598 023a 16       		.byte	22
 599 023b 80       		.byte	-128
 600 023c 18       		.byte	24
 601 023d 04       		.byte	4
 602 023e 19       		.byte	25
 603 023f 08       		.byte	8
 604 0240 1A       		.byte	26
 605 0241 04       		.byte	4
 606 0242 1C       		.byte	28
 607 0243 12       		.byte	18
 608 0244 1D       		.byte	29
 609 0245 08       		.byte	8
 610 0246 1E       		.byte	30
 611 0247 18       		.byte	24
 612 0248 1F       		.byte	31
 613 0249 02       		.byte	2
 614 024a 22       		.byte	34
 615 024b 10       		.byte	16
 616 024c 23       		.byte	35
 617 024d 10       		.byte	16
 618 024e 26       		.byte	38
 619 024f 41       		.byte	65
 620 0250 27       		.byte	39
 621 0251 14       		.byte	20
 622 0252 28       		.byte	40
 623 0253 40       		.byte	64
 624 0254 2E       		.byte	46
 625 0255 10       		.byte	16
 626 0256 2F       		.byte	47
 627 0257 02       		.byte	2
ARM GAS  C:\Users\satomin\AppData\Local\Temp\cccHZF4S.s 			page 12


 628 0258 30       		.byte	48
 629 0259 84       		.byte	-124
 630 025a 31       		.byte	49
 631 025b 01       		.byte	1
 632 025c 32       		.byte	50
 633 025d 02       		.byte	2
 634 025e 37       		.byte	55
 635 025f 10       		.byte	16
 636 0260 38       		.byte	56
 637 0261 04       		.byte	4
 638 0262 3B       		.byte	59
 639 0263 50       		.byte	80
 640 0264 3E       		.byte	62
 641 0265 28       		.byte	40
 642 0266 40       		.byte	64
 643 0267 10       		.byte	16
 644 0268 42       		.byte	66
 645 0269 80       		.byte	-128
 646 026a 45       		.byte	69
 647 026b 08       		.byte	8
 648 026c 46       		.byte	70
 649 026d 80       		.byte	-128
 650 026e 4D       		.byte	77
 651 026f 01       		.byte	1
 652 0270 56       		.byte	86
 653 0271 A8       		.byte	-88
 654 0272 58       		.byte	88
 655 0273 02       		.byte	2
 656 0274 59       		.byte	89
 657 0275 01       		.byte	1
 658 0276 5D       		.byte	93
 659 0277 01       		.byte	1
 660 0278 5E       		.byte	94
 661 0279 A8       		.byte	-88
 662 027a 77       		.byte	119
 663 027b 40       		.byte	64
 664 027c 83       		.byte	-125
 665 027d 04       		.byte	4
 666 027e 93       		.byte	-109
 667 027f 40       		.byte	64
 668 0280 94       		.byte	-108
 669 0281 04       		.byte	4
 670 0282 96       		.byte	-106
 671 0283 20       		.byte	32
 672 0284 9C       		.byte	-100
 673 0285 02       		.byte	2
 674 0286 9D       		.byte	-99
 675 0287 0C       		.byte	12
 676 0288 9E       		.byte	-98
 677 0289 70       		.byte	112
 678 028a A2       		.byte	-94
 679 028b 10       		.byte	16
 680 028c A4       		.byte	-92
 681 028d 90       		.byte	-112
 682 028e A6       		.byte	-90
 683 028f 08       		.byte	8
 684 0290 AA       		.byte	-86
ARM GAS  C:\Users\satomin\AppData\Local\Temp\cccHZF4S.s 			page 13


 685 0291 08       		.byte	8
 686 0292 AB       		.byte	-85
 687 0293 10       		.byte	16
 688 0294 AC       		.byte	-84
 689 0295 04       		.byte	4
 690 0296 C0       		.byte	-64
 691 0297 58       		.byte	88
 692 0298 C2       		.byte	-62
 693 0299 A6       		.byte	-90
 694 029a C4       		.byte	-60
 695 029b 1B       		.byte	27
 696 029c CA       		.byte	-54
 697 029d 31       		.byte	49
 698 029e CC       		.byte	-52
 699 029f 2B       		.byte	43
 700 02a0 CE       		.byte	-50
 701 02a1 6E       		.byte	110
 702 02a2 D0       		.byte	-48
 703 02a3 C3       		.byte	-61
 704 02a4 D6       		.byte	-42
 705 02a5 F0       		.byte	-16
 706 02a6 00       		.byte	0
 707 02a7 07       		.byte	7
 708 02a8 05       		.byte	5
 709 02a9 73       		.byte	115
 710 02aa 09       		.byte	9
 711 02ab 9E       		.byte	-98
 712 02ac 0B       		.byte	11
 713 02ad 60       		.byte	96
 714 02ae 0D       		.byte	13
 715 02af 30       		.byte	48
 716 02b0 0F       		.byte	15
 717 02b1 C9       		.byte	-55
 718 02b2 10       		.byte	16
 719 02b3 04       		.byte	4
 720 02b4 11       		.byte	17
 721 02b5 FD       		.byte	-3
 722 02b6 13       		.byte	19
 723 02b7 02       		.byte	2
 724 02b8 14       		.byte	20
 725 02b9 01       		.byte	1
 726 02ba 16       		.byte	22
 727 02bb 02       		.byte	2
 728 02bc 1A       		.byte	26
 729 02bd 07       		.byte	7
 730 02be 1B       		.byte	27
 731 02bf 0F       		.byte	15
 732 02c0 1D       		.byte	29
 733 02c1 CF       		.byte	-49
 734 02c2 1E       		.byte	30
 735 02c3 08       		.byte	8
 736 02c4 1F       		.byte	31
 737 02c5 30       		.byte	48
 738 02c6 22       		.byte	34
 739 02c7 04       		.byte	4
 740 02c8 24       		.byte	36
 741 02c9 07       		.byte	7
ARM GAS  C:\Users\satomin\AppData\Local\Temp\cccHZF4S.s 			page 14


 742 02ca 28       		.byte	40
 743 02cb 01       		.byte	1
 744 02cc 29       		.byte	41
 745 02cd 94       		.byte	-108
 746 02ce 2A       		.byte	42
 747 02cf 02       		.byte	2
 748 02d0 2B       		.byte	43
 749 02d1 60       		.byte	96
 750 02d2 31       		.byte	49
 751 02d3 FF       		.byte	-1
 752 02d4 32       		.byte	50
 753 02d5 0F       		.byte	15
 754 02d6 3F       		.byte	63
 755 02d7 01       		.byte	1
 756 02d8 40       		.byte	64
 757 02d9 54       		.byte	84
 758 02da 41       		.byte	65
 759 02db 03       		.byte	3
 760 02dc 49       		.byte	73
 761 02dd FF       		.byte	-1
 762 02de 4A       		.byte	74
 763 02df FF       		.byte	-1
 764 02e0 4B       		.byte	75
 765 02e1 FF       		.byte	-1
 766 02e2 4D       		.byte	77
 767 02e3 A0       		.byte	-96
 768 02e4 4F       		.byte	79
 769 02e5 01       		.byte	1
 770 02e6 50       		.byte	80
 771 02e7 18       		.byte	24
 772 02e8 58       		.byte	88
 773 02e9 04       		.byte	4
 774 02ea 59       		.byte	89
 775 02eb 04       		.byte	4
 776 02ec 5A       		.byte	90
 777 02ed 04       		.byte	4
 778 02ee 5C       		.byte	92
 779 02ef 04       		.byte	4
 780 02f0 5D       		.byte	93
 781 02f1 04       		.byte	4
 782 02f2 5F       		.byte	95
 783 02f3 01       		.byte	1
 784 02f4 60       		.byte	96
 785 02f5 40       		.byte	64
 786 02f6 62       		.byte	98
 787 02f7 80       		.byte	-128
 788 02f8 64       		.byte	100
 789 02f9 40       		.byte	64
 790 02fa 65       		.byte	101
 791 02fb 40       		.byte	64
 792 02fc 66       		.byte	102
 793 02fd 80       		.byte	-128
 794 02fe 68       		.byte	104
 795 02ff 40       		.byte	64
 796 0300 6A       		.byte	106
 797 0301 80       		.byte	-128
 798 0302 6C       		.byte	108
ARM GAS  C:\Users\satomin\AppData\Local\Temp\cccHZF4S.s 			page 15


 799 0303 40       		.byte	64
 800 0304 6D       		.byte	109
 801 0305 20       		.byte	32
 802 0306 6E       		.byte	110
 803 0307 80       		.byte	-128
 804 0308 85       		.byte	-123
 805 0309 7F       		.byte	127
 806 030a 88       		.byte	-120
 807 030b 02       		.byte	2
 808 030c 89       		.byte	-119
 809 030d C5       		.byte	-59
 810 030e 8B       		.byte	-117
 811 030f 3A       		.byte	58
 812 0310 8D       		.byte	-115
 813 0311 96       		.byte	-106
 814 0312 8E       		.byte	-114
 815 0313 02       		.byte	2
 816 0314 8F       		.byte	-113
 817 0315 68       		.byte	104
 818 0316 93       		.byte	-109
 819 0317 01       		.byte	1
 820 0318 95       		.byte	-107
 821 0319 0E       		.byte	14
 822 031a 97       		.byte	-105
 823 031b F0       		.byte	-16
 824 031c 98       		.byte	-104
 825 031d 01       		.byte	1
 826 031e 9D       		.byte	-99
 827 031f A3       		.byte	-93
 828 0320 9F       		.byte	-97
 829 0321 5C       		.byte	92
 830 0322 A0       		.byte	-96
 831 0323 01       		.byte	1
 832 0324 A1       		.byte	-95
 833 0325 FE       		.byte	-2
 834 0326 A3       		.byte	-93
 835 0327 01       		.byte	1
 836 0328 A8       		.byte	-88
 837 0329 01       		.byte	1
 838 032a AE       		.byte	-82
 839 032b 02       		.byte	2
 840 032c B0       		.byte	-80
 841 032d 01       		.byte	1
 842 032e B5       		.byte	-75
 843 032f FF       		.byte	-1
 844 0330 B6       		.byte	-74
 845 0331 02       		.byte	2
 846 0332 B8       		.byte	-72
 847 0333 02       		.byte	2
 848 0334 BE       		.byte	-66
 849 0335 41       		.byte	65
 850 0336 BF       		.byte	-65
 851 0337 10       		.byte	16
 852 0338 C0       		.byte	-64
 853 0339 15       		.byte	21
 854 033a C1       		.byte	-63
 855 033b 03       		.byte	3
ARM GAS  C:\Users\satomin\AppData\Local\Temp\cccHZF4S.s 			page 16


 856 033c C5       		.byte	-59
 857 033d 4E       		.byte	78
 858 033e C6       		.byte	-58
 859 033f C3       		.byte	-61
 860 0340 C7       		.byte	-57
 861 0341 02       		.byte	2
 862 0342 C8       		.byte	-56
 863 0343 1F       		.byte	31
 864 0344 C9       		.byte	-55
 865 0345 FF       		.byte	-1
 866 0346 CA       		.byte	-54
 867 0347 FF       		.byte	-1
 868 0348 CB       		.byte	-53
 869 0349 FF       		.byte	-1
 870 034a CD       		.byte	-51
 871 034b AF       		.byte	-81
 872 034c CE       		.byte	-50
 873 034d 07       		.byte	7
 874 034e CF       		.byte	-49
 875 034f 01       		.byte	1
 876 0350 D0       		.byte	-48
 877 0351 18       		.byte	24
 878 0352 D2       		.byte	-46
 879 0353 80       		.byte	-128
 880 0354 D8       		.byte	-40
 881 0355 04       		.byte	4
 882 0356 D9       		.byte	-39
 883 0357 04       		.byte	4
 884 0358 DA       		.byte	-38
 885 0359 04       		.byte	4
 886 035a DB       		.byte	-37
 887 035b 04       		.byte	4
 888 035c DD       		.byte	-35
 889 035d 44       		.byte	68
 890 035e DF       		.byte	-33
 891 035f 01       		.byte	1
 892 0360 E0       		.byte	-32
 893 0361 40       		.byte	64
 894 0362 E2       		.byte	-30
 895 0363 80       		.byte	-128
 896 0364 E4       		.byte	-28
 897 0365 40       		.byte	64
 898 0366 E5       		.byte	-27
 899 0367 40       		.byte	64
 900 0368 E6       		.byte	-26
 901 0369 80       		.byte	-128
 902 036a E8       		.byte	-24
 903 036b 40       		.byte	64
 904 036c EA       		.byte	-22
 905 036d 80       		.byte	-128
 906 036e EC       		.byte	-20
 907 036f 40       		.byte	64
 908 0370 ED       		.byte	-19
 909 0371 20       		.byte	32
 910 0372 EE       		.byte	-18
 911 0373 80       		.byte	-128
 912 0374 00       		.byte	0
ARM GAS  C:\Users\satomin\AppData\Local\Temp\cccHZF4S.s 			page 17


 913 0375 10       		.byte	16
 914 0376 02       		.byte	2
 915 0377 02       		.byte	2
 916 0378 05       		.byte	5
 917 0379 01       		.byte	1
 918 037a 08       		.byte	8
 919 037b 20       		.byte	32
 920 037c 0A       		.byte	10
 921 037d 04       		.byte	4
 922 037e 0B       		.byte	11
 923 037f 08       		.byte	8
 924 0380 0C       		.byte	12
 925 0381 10       		.byte	16
 926 0382 0E       		.byte	14
 927 0383 02       		.byte	2
 928 0384 0F       		.byte	15
 929 0385 50       		.byte	80
 930 0386 12       		.byte	18
 931 0387 48       		.byte	72
 932 0388 13       		.byte	19
 933 0389 80       		.byte	-128
 934 038a 14       		.byte	20
 935 038b 64       		.byte	100
 936 038c 1A       		.byte	26
 937 038d 01       		.byte	1
 938 038e 1B       		.byte	27
 939 038f 42       		.byte	66
 940 0390 1C       		.byte	28
 941 0391 20       		.byte	32
 942 0392 1D       		.byte	29
 943 0393 08       		.byte	8
 944 0394 1E       		.byte	30
 945 0395 20       		.byte	32
 946 0396 23       		.byte	35
 947 0397 04       		.byte	4
 948 0398 26       		.byte	38
 949 0399 01       		.byte	1
 950 039a 29       		.byte	41
 951 039b 01       		.byte	1
 952 039c 2C       		.byte	44
 953 039d 04       		.byte	4
 954 039e 2D       		.byte	45
 955 039f 80       		.byte	-128
 956 03a0 2E       		.byte	46
 957 03a1 80       		.byte	-128
 958 03a2 2F       		.byte	47
 959 03a3 0A       		.byte	10
 960 03a4 30       		.byte	48
 961 03a5 40       		.byte	64
 962 03a6 32       		.byte	50
 963 03a7 82       		.byte	-126
 964 03a8 33       		.byte	51
 965 03a9 08       		.byte	8
 966 03aa 34       		.byte	52
 967 03ab 10       		.byte	16
 968 03ac 35       		.byte	53
 969 03ad 01       		.byte	1
ARM GAS  C:\Users\satomin\AppData\Local\Temp\cccHZF4S.s 			page 18


 970 03ae 36       		.byte	54
 971 03af 90       		.byte	-112
 972 03b0 38       		.byte	56
 973 03b1 80       		.byte	-128
 974 03b2 3B       		.byte	59
 975 03b3 58       		.byte	88
 976 03b4 3E       		.byte	62
 977 03b5 04       		.byte	4
 978 03b6 3F       		.byte	63
 979 03b7 50       		.byte	80
 980 03b8 41       		.byte	65
 981 03b9 08       		.byte	8
 982 03ba 42       		.byte	66
 983 03bb 01       		.byte	1
 984 03bc 45       		.byte	69
 985 03bd 08       		.byte	8
 986 03be 46       		.byte	70
 987 03bf 80       		.byte	-128
 988 03c0 48       		.byte	72
 989 03c1 80       		.byte	-128
 990 03c2 49       		.byte	73
 991 03c3 84       		.byte	-124
 992 03c4 4F       		.byte	79
 993 03c5 80       		.byte	-128
 994 03c6 52       		.byte	82
 995 03c7 58       		.byte	88
 996 03c8 73       		.byte	115
 997 03c9 80       		.byte	-128
 998 03ca 92       		.byte	-110
 999 03cb 04       		.byte	4
 1000 03cc 93       		.byte	-109
 1001 03cd 50       		.byte	80
 1002 03ce 9C       		.byte	-100
 1003 03cf 44       		.byte	68
 1004 03d0 9D       		.byte	-99
 1005 03d1 05       		.byte	5
 1006 03d2 9E       		.byte	-98
 1007 03d3 50       		.byte	80
 1008 03d4 A4       		.byte	-92
 1009 03d5 90       		.byte	-112
 1010 03d6 A6       		.byte	-90
 1011 03d7 08       		.byte	8
 1012 03d8 AC       		.byte	-84
 1013 03d9 01       		.byte	1
 1014 03da C0       		.byte	-64
 1015 03db 13       		.byte	19
 1016 03dc C2       		.byte	-62
 1017 03dd F2       		.byte	-14
 1018 03de C4       		.byte	-60
 1019 03df 7B       		.byte	123
 1020 03e0 CA       		.byte	-54
 1021 03e1 21       		.byte	33
 1022 03e2 CC       		.byte	-52
 1023 03e3 BB       		.byte	-69
 1024 03e4 CE       		.byte	-50
 1025 03e5 7E       		.byte	126
 1026 03e6 D0       		.byte	-48
ARM GAS  C:\Users\satomin\AppData\Local\Temp\cccHZF4S.s 			page 19


 1027 03e7 CA       		.byte	-54
 1028 03e8 D2       		.byte	-46
 1029 03e9 18       		.byte	24
 1030 03ea 38       		.byte	56
 1031 03eb 02       		.byte	2
 1032 03ec 3E       		.byte	62
 1033 03ed 01       		.byte	1
 1034 03ee 58       		.byte	88
 1035 03ef 04       		.byte	4
 1036 03f0 5F       		.byte	95
 1037 03f1 01       		.byte	1
 1038 03f2 1C       		.byte	28
 1039 03f3 40       		.byte	64
 1040 03f4 E6       		.byte	-26
 1041 03f5 04       		.byte	4
 1042 03f6 01       		.byte	1
 1043 03f7 02       		.byte	2
 1044 03f8 02       		.byte	2
 1045 03f9 05       		.byte	5
 1046 03fa 03       		.byte	3
 1047 03fb 0C       		.byte	12
 1048 03fc 05       		.byte	5
 1049 03fd 02       		.byte	2
 1050 03fe 07       		.byte	7
 1051 03ff 1C       		.byte	28
 1052 0400 16       		.byte	22
 1053 0401 06       		.byte	6
 1054 0402 17       		.byte	23
 1055 0403 18       		.byte	24
 1056 0404 19       		.byte	25
 1057 0405 18       		.byte	24
 1058 0406 1A       		.byte	26
 1059 0407 03       		.byte	3
 1060 0408 1B       		.byte	27
 1061 0409 06       		.byte	6
 1062 040a 1E       		.byte	30
 1063 040b 02       		.byte	2
 1064 040c 1F       		.byte	31
 1065 040d 10       		.byte	16
 1066 040e 24       		.byte	36
 1067 040f 06       		.byte	6
 1068 0410 26       		.byte	38
 1069 0411 01       		.byte	1
 1070 0412 27       		.byte	39
 1071 0413 06       		.byte	6
 1072 0414 29       		.byte	41
 1073 0415 01       		.byte	1
 1074 0416 2A       		.byte	42
 1075 0417 01       		.byte	1
 1076 0418 33       		.byte	51
 1077 0419 01       		.byte	1
 1078 041a 34       		.byte	52
 1079 041b 07       		.byte	7
 1080 041c 35       		.byte	53
 1081 041d 1E       		.byte	30
 1082 041e 3A       		.byte	58
 1083 041f 20       		.byte	32
ARM GAS  C:\Users\satomin\AppData\Local\Temp\cccHZF4S.s 			page 20


 1084 0420 3B       		.byte	59
 1085 0421 20       		.byte	32
 1086 0422 3F       		.byte	63
 1087 0423 04       		.byte	4
 1088 0424 40       		.byte	64
 1089 0425 06       		.byte	6
 1090 0426 46       		.byte	70
 1091 0427 04       		.byte	4
 1092 0428 49       		.byte	73
 1093 0429 FF       		.byte	-1
 1094 042a 4A       		.byte	74
 1095 042b 07       		.byte	7
 1096 042c 4B       		.byte	75
 1097 042d FF       		.byte	-1
 1098 042e 4C       		.byte	76
 1099 042f 40       		.byte	64
 1100 0430 4D       		.byte	77
 1101 0431 20       		.byte	32
 1102 0432 4E       		.byte	78
 1103 0433 F0       		.byte	-16
 1104 0434 4F       		.byte	79
 1105 0435 05       		.byte	5
 1106 0436 50       		.byte	80
 1107 0437 08       		.byte	8
 1108 0438 58       		.byte	88
 1109 0439 04       		.byte	4
 1110 043a 59       		.byte	89
 1111 043b 04       		.byte	4
 1112 043c 5A       		.byte	90
 1113 043d 04       		.byte	4
 1114 043e 5C       		.byte	92
 1115 043f 22       		.byte	34
 1116 0440 5D       		.byte	93
 1117 0441 02       		.byte	2
 1118 0442 5F       		.byte	95
 1119 0443 01       		.byte	1
 1120 0444 60       		.byte	96
 1121 0445 40       		.byte	64
 1122 0446 61       		.byte	97
 1123 0447 A8       		.byte	-88
 1124 0448 62       		.byte	98
 1125 0449 40       		.byte	64
 1126 044a 63       		.byte	99
 1127 044b 20       		.byte	32
 1128 044c 84       		.byte	-124
 1129 044d 09       		.byte	9
 1130 044e 85       		.byte	-123
 1131 044f 03       		.byte	3
 1132 0450 86       		.byte	-122
 1133 0451 10       		.byte	16
 1134 0452 87       		.byte	-121
 1135 0453 04       		.byte	4
 1136 0454 88       		.byte	-120
 1137 0455 0C       		.byte	12
 1138 0456 8A       		.byte	-118
 1139 0457 11       		.byte	17
 1140 0458 8B       		.byte	-117
ARM GAS  C:\Users\satomin\AppData\Local\Temp\cccHZF4S.s 			page 21


 1141 0459 08       		.byte	8
 1142 045a 8C       		.byte	-116
 1143 045b 20       		.byte	32
 1144 045c 90       		.byte	-112
 1145 045d 10       		.byte	16
 1146 045e 92       		.byte	-110
 1147 045f 0C       		.byte	12
 1148 0460 95       		.byte	-107
 1149 0461 0A       		.byte	10
 1150 0462 96       		.byte	-106
 1151 0463 03       		.byte	3
 1152 0464 97       		.byte	-105
 1153 0465 04       		.byte	4
 1154 0466 9C       		.byte	-100
 1155 0467 10       		.byte	16
 1156 0468 9D       		.byte	-99
 1157 0469 03       		.byte	3
 1158 046a 9F       		.byte	-97
 1159 046b 0C       		.byte	12
 1160 046c A0       		.byte	-96
 1161 046d 14       		.byte	20
 1162 046e A4       		.byte	-92
 1163 046f 1C       		.byte	28
 1164 0470 A5       		.byte	-91
 1165 0471 03       		.byte	3
 1166 0472 A6       		.byte	-90
 1167 0473 02       		.byte	2
 1168 0474 A7       		.byte	-89
 1169 0475 04       		.byte	4
 1170 0476 AB       		.byte	-85
 1171 0477 05       		.byte	5
 1172 0478 B2       		.byte	-78
 1173 0479 1F       		.byte	31
 1174 047a B4       		.byte	-76
 1175 047b 20       		.byte	32
 1176 047c B7       		.byte	-73
 1177 047d 0F       		.byte	15
 1178 047e BB       		.byte	-69
 1179 047f 80       		.byte	-128
 1180 0480 BE       		.byte	-66
 1181 0481 10       		.byte	16
 1182 0482 C0       		.byte	-64
 1183 0483 52       		.byte	82
 1184 0484 C1       		.byte	-63
 1185 0485 06       		.byte	6
 1186 0486 C5       		.byte	-59
 1187 0487 E0       		.byte	-32
 1188 0488 C6       		.byte	-58
 1189 0489 0B       		.byte	11
 1190 048a C7       		.byte	-57
 1191 048b 0C       		.byte	12
 1192 048c C8       		.byte	-56
 1193 048d 16       		.byte	22
 1194 048e C9       		.byte	-55
 1195 048f FF       		.byte	-1
 1196 0490 CA       		.byte	-54
 1197 0491 FF       		.byte	-1
ARM GAS  C:\Users\satomin\AppData\Local\Temp\cccHZF4S.s 			page 22


 1198 0492 CB       		.byte	-53
 1199 0493 FF       		.byte	-1
 1200 0494 CE       		.byte	-50
 1201 0495 F0       		.byte	-16
 1202 0496 CF       		.byte	-49
 1203 0497 44       		.byte	68
 1204 0498 D0       		.byte	-48
 1205 0499 0C       		.byte	12
 1206 049a D4       		.byte	-44
 1207 049b 01       		.byte	1
 1208 049c D6       		.byte	-42
 1209 049d 04       		.byte	4
 1210 049e D8       		.byte	-40
 1211 049f 04       		.byte	4
 1212 04a0 D9       		.byte	-39
 1213 04a1 04       		.byte	4
 1214 04a2 DA       		.byte	-38
 1215 04a3 04       		.byte	4
 1216 04a4 DB       		.byte	-37
 1217 04a5 04       		.byte	4
 1218 04a6 DC       		.byte	-36
 1219 04a7 22       		.byte	34
 1220 04a8 DD       		.byte	-35
 1221 04a9 22       		.byte	34
 1222 04aa DF       		.byte	-33
 1223 04ab 01       		.byte	1
 1224 04ac E6       		.byte	-26
 1225 04ad C0       		.byte	-64
 1226 04ae EA       		.byte	-22
 1227 04af 40       		.byte	64
 1228 04b0 EB       		.byte	-21
 1229 04b1 02       		.byte	2
 1230 04b2 02       		.byte	2
 1231 04b3 80       		.byte	-128
 1232 04b4 04       		.byte	4
 1233 04b5 80       		.byte	-128
 1234 04b6 05       		.byte	5
 1235 04b7 20       		.byte	32
 1236 04b8 06       		.byte	6
 1237 04b9 20       		.byte	32
 1238 04ba 08       		.byte	8
 1239 04bb 04       		.byte	4
 1240 04bc 09       		.byte	9
 1241 04bd 80       		.byte	-128
 1242 04be 0A       		.byte	10
 1243 04bf 14       		.byte	20
 1244 04c0 0D       		.byte	13
 1245 04c1 88       		.byte	-120
 1246 04c2 0E       		.byte	14
 1247 04c3 80       		.byte	-128
 1248 04c4 12       		.byte	18
 1249 04c5 04       		.byte	4
 1250 04c6 13       		.byte	19
 1251 04c7 08       		.byte	8
 1252 04c8 16       		.byte	22
 1253 04c9 80       		.byte	-128
 1254 04ca 17       		.byte	23
ARM GAS  C:\Users\satomin\AppData\Local\Temp\cccHZF4S.s 			page 23


 1255 04cb 08       		.byte	8
 1256 04cc 18       		.byte	24
 1257 04cd 08       		.byte	8
 1258 04ce 19       		.byte	25
 1259 04cf 20       		.byte	32
 1260 04d0 1A       		.byte	26
 1261 04d1 04       		.byte	4
 1262 04d2 1D       		.byte	29
 1263 04d3 08       		.byte	8
 1264 04d4 1E       		.byte	30
 1265 04d5 08       		.byte	8
 1266 04d6 1F       		.byte	31
 1267 04d7 08       		.byte	8
 1268 04d8 22       		.byte	34
 1269 04d9 14       		.byte	20
 1270 04da 23       		.byte	35
 1271 04db 08       		.byte	8
 1272 04dc 24       		.byte	36
 1273 04dd 02       		.byte	2
 1274 04de 26       		.byte	38
 1275 04df C0       		.byte	-64
 1276 04e0 2A       		.byte	42
 1277 04e1 04       		.byte	4
 1278 04e2 2B       		.byte	43
 1279 04e3 08       		.byte	8
 1280 04e4 2C       		.byte	44
 1281 04e5 08       		.byte	8
 1282 04e6 2E       		.byte	46
 1283 04e7 04       		.byte	4
 1284 04e8 30       		.byte	48
 1285 04e9 04       		.byte	4
 1286 04ea 31       		.byte	49
 1287 04eb 80       		.byte	-128
 1288 04ec 32       		.byte	50
 1289 04ed 10       		.byte	16
 1290 04ee 36       		.byte	54
 1291 04ef 40       		.byte	64
 1292 04f0 37       		.byte	55
 1293 04f1 08       		.byte	8
 1294 04f2 38       		.byte	56
 1295 04f3 0A       		.byte	10
 1296 04f4 3D       		.byte	61
 1297 04f5 08       		.byte	8
 1298 04f6 3E       		.byte	62
 1299 04f7 30       		.byte	48
 1300 04f8 44       		.byte	68
 1301 04f9 20       		.byte	32
 1302 04fa 45       		.byte	69
 1303 04fb 04       		.byte	4
 1304 04fc 46       		.byte	70
 1305 04fd 04       		.byte	4
 1306 04fe 48       		.byte	72
 1307 04ff 04       		.byte	4
 1308 0500 4C       		.byte	76
 1309 0501 41       		.byte	65
 1310 0502 4D       		.byte	77
 1311 0503 21       		.byte	33
ARM GAS  C:\Users\satomin\AppData\Local\Temp\cccHZF4S.s 			page 24


 1312 0504 50       		.byte	80
 1313 0505 08       		.byte	8
 1314 0506 51       		.byte	81
 1315 0507 80       		.byte	-128
 1316 0508 52       		.byte	82
 1317 0509 04       		.byte	4
 1318 050a 55       		.byte	85
 1319 050b 04       		.byte	4
 1320 050c 56       		.byte	86
 1321 050d 80       		.byte	-128
 1322 050e 5C       		.byte	92
 1323 050f A0       		.byte	-96
 1324 0510 5D       		.byte	93
 1325 0511 01       		.byte	1
 1326 0512 5E       		.byte	94
 1327 0513 08       		.byte	8
 1328 0514 66       		.byte	102
 1329 0515 01       		.byte	1
 1330 0516 82       		.byte	-126
 1331 0517 01       		.byte	1
 1332 0518 8A       		.byte	-118
 1333 0519 04       		.byte	4
 1334 051a 92       		.byte	-110
 1335 051b 10       		.byte	16
 1336 051c 94       		.byte	-108
 1337 051d 02       		.byte	2
 1338 051e 96       		.byte	-106
 1339 051f 24       		.byte	36
 1340 0520 98       		.byte	-104
 1341 0521 80       		.byte	-128
 1342 0522 9D       		.byte	-99
 1343 0523 20       		.byte	32
 1344 0524 9E       		.byte	-98
 1345 0525 04       		.byte	4
 1346 0526 A0       		.byte	-96
 1347 0527 04       		.byte	4
 1348 0528 A5       		.byte	-91
 1349 0529 04       		.byte	4
 1350 052a A8       		.byte	-88
 1351 052b 84       		.byte	-124
 1352 052c AA       		.byte	-86
 1353 052d 12       		.byte	18
 1354 052e B3       		.byte	-77
 1355 052f 02       		.byte	2
 1356 0530 B5       		.byte	-75
 1357 0531 01       		.byte	1
 1358 0532 B7       		.byte	-73
 1359 0533 10       		.byte	16
 1360 0534 C0       		.byte	-64
 1361 0535 E8       		.byte	-24
 1362 0536 C2       		.byte	-62
 1363 0537 B7       		.byte	-73
 1364 0538 C4       		.byte	-60
 1365 0539 36       		.byte	54
 1366 053a CA       		.byte	-54
 1367 053b 66       		.byte	102
 1368 053c CC       		.byte	-52
ARM GAS  C:\Users\satomin\AppData\Local\Temp\cccHZF4S.s 			page 25


 1369 053d 5E       		.byte	94
 1370 053e CE       		.byte	-50
 1371 053f 63       		.byte	99
 1372 0540 D0       		.byte	-48
 1373 0541 20       		.byte	32
 1374 0542 D2       		.byte	-46
 1375 0543 34       		.byte	52
 1376 0544 D6       		.byte	-42
 1377 0545 F0       		.byte	-16
 1378 0546 D8       		.byte	-40
 1379 0547 80       		.byte	-128
 1380 0548 EA       		.byte	-22
 1381 0549 01       		.byte	1
 1382 054a EC       		.byte	-20
 1383 054b A0       		.byte	-96
 1384 054c 01       		.byte	1
 1385 054d 20       		.byte	32
 1386 054e 04       		.byte	4
 1387 054f 0F       		.byte	15
 1388 0550 07       		.byte	7
 1389 0551 20       		.byte	32
 1390 0552 08       		.byte	8
 1391 0553 10       		.byte	16
 1392 0554 09       		.byte	9
 1393 0555 18       		.byte	24
 1394 0556 0A       		.byte	10
 1395 0557 20       		.byte	32
 1396 0558 0B       		.byte	11
 1397 0559 02       		.byte	2
 1398 055a 0C       		.byte	12
 1399 055b 05       		.byte	5
 1400 055c 0D       		.byte	13
 1401 055d 10       		.byte	16
 1402 055e 0E       		.byte	14
 1403 055f 0A       		.byte	10
 1404 0560 0F       		.byte	15
 1405 0561 02       		.byte	2
 1406 0562 11       		.byte	17
 1407 0563 16       		.byte	22
 1408 0564 13       		.byte	19
 1409 0565 08       		.byte	8
 1410 0566 14       		.byte	20
 1411 0567 0A       		.byte	10
 1412 0568 16       		.byte	22
 1413 0569 05       		.byte	5
 1414 056a 17       		.byte	23
 1415 056b 20       		.byte	32
 1416 056c 18       		.byte	24
 1417 056d 10       		.byte	16
 1418 056e 19       		.byte	25
 1419 056f 0E       		.byte	14
 1420 0570 1A       		.byte	26
 1421 0571 A0       		.byte	-96
 1422 0572 1C       		.byte	28
 1423 0573 10       		.byte	16
 1424 0574 1D       		.byte	29
 1425 0575 18       		.byte	24
ARM GAS  C:\Users\satomin\AppData\Local\Temp\cccHZF4S.s 			page 26


 1426 0576 1E       		.byte	30
 1427 0577 60       		.byte	96
 1428 0578 1F       		.byte	31
 1429 0579 04       		.byte	4
 1430 057a 20       		.byte	32
 1431 057b 0C       		.byte	12
 1432 057c 22       		.byte	34
 1433 057d 03       		.byte	3
 1434 057e 23       		.byte	35
 1435 057f 20       		.byte	32
 1436 0580 24       		.byte	36
 1437 0581 07       		.byte	7
 1438 0582 25       		.byte	37
 1439 0583 20       		.byte	32
 1440 0584 28       		.byte	40
 1441 0585 23       		.byte	35
 1442 0586 2A       		.byte	42
 1443 0587 1C       		.byte	28
 1444 0588 2B       		.byte	43
 1445 0589 1E       		.byte	30
 1446 058a 2F       		.byte	47
 1447 058b 01       		.byte	1
 1448 058c 30       		.byte	48
 1449 058d 0F       		.byte	15
 1450 058e 32       		.byte	50
 1451 058f 30       		.byte	48
 1452 0590 33       		.byte	51
 1453 0591 01       		.byte	1
 1454 0592 34       		.byte	52
 1455 0593 40       		.byte	64
 1456 0594 35       		.byte	53
 1457 0595 20       		.byte	32
 1458 0596 36       		.byte	54
 1459 0597 80       		.byte	-128
 1460 0598 37       		.byte	55
 1461 0599 1E       		.byte	30
 1462 059a 3A       		.byte	58
 1463 059b 08       		.byte	8
 1464 059c 3F       		.byte	63
 1465 059d 10       		.byte	16
 1466 059e 58       		.byte	88
 1467 059f 04       		.byte	4
 1468 05a0 59       		.byte	89
 1469 05a1 04       		.byte	4
 1470 05a2 5C       		.byte	92
 1471 05a3 44       		.byte	68
 1472 05a4 5F       		.byte	95
 1473 05a5 01       		.byte	1
 1474 05a6 81       		.byte	-127
 1475 05a7 06       		.byte	6
 1476 05a8 87       		.byte	-121
 1477 05a9 10       		.byte	16
 1478 05aa 88       		.byte	-120
 1479 05ab 01       		.byte	1
 1480 05ac 89       		.byte	-119
 1481 05ad 08       		.byte	8
 1482 05ae 8F       		.byte	-113
ARM GAS  C:\Users\satomin\AppData\Local\Temp\cccHZF4S.s 			page 27


 1483 05af 08       		.byte	8
 1484 05b0 93       		.byte	-109
 1485 05b1 01       		.byte	1
 1486 05b2 95       		.byte	-107
 1487 05b3 08       		.byte	8
 1488 05b4 96       		.byte	-106
 1489 05b5 01       		.byte	1
 1490 05b6 99       		.byte	-103
 1491 05b7 04       		.byte	4
 1492 05b8 9D       		.byte	-99
 1493 05b9 08       		.byte	8
 1494 05ba A0       		.byte	-96
 1495 05bb 01       		.byte	1
 1496 05bc A1       		.byte	-95
 1497 05bd 08       		.byte	8
 1498 05be A7       		.byte	-89
 1499 05bf 02       		.byte	2
 1500 05c0 A8       		.byte	-88
 1501 05c1 02       		.byte	2
 1502 05c2 A9       		.byte	-87
 1503 05c3 06       		.byte	6
 1504 05c4 B1       		.byte	-79
 1505 05c5 18       		.byte	24
 1506 05c6 B2       		.byte	-78
 1507 05c7 03       		.byte	3
 1508 05c8 B3       		.byte	-77
 1509 05c9 01       		.byte	1
 1510 05ca B5       		.byte	-75
 1511 05cb 06       		.byte	6
 1512 05cc B8       		.byte	-72
 1513 05cd 08       		.byte	8
 1514 05ce B9       		.byte	-71
 1515 05cf 20       		.byte	32
 1516 05d0 BF       		.byte	-65
 1517 05d1 10       		.byte	16
 1518 05d2 D8       		.byte	-40
 1519 05d3 04       		.byte	4
 1520 05d4 D9       		.byte	-39
 1521 05d5 04       		.byte	4
 1522 05d6 DC       		.byte	-36
 1523 05d7 42       		.byte	66
 1524 05d8 DF       		.byte	-33
 1525 05d9 01       		.byte	1
 1526 05da 01       		.byte	1
 1527 05db 20       		.byte	32
 1528 05dc 04       		.byte	4
 1529 05dd 80       		.byte	-128
 1530 05de 05       		.byte	5
 1531 05df 10       		.byte	16
 1532 05e0 07       		.byte	7
 1533 05e1 10       		.byte	16
 1534 05e2 0A       		.byte	10
 1535 05e3 20       		.byte	32
 1536 05e4 0E       		.byte	14
 1537 05e5 0A       		.byte	10
 1538 05e6 0F       		.byte	15
 1539 05e7 10       		.byte	16
ARM GAS  C:\Users\satomin\AppData\Local\Temp\cccHZF4S.s 			page 28


 1540 05e8 11       		.byte	17
 1541 05e9 01       		.byte	1
 1542 05ea 12       		.byte	18
 1543 05eb 04       		.byte	4
 1544 05ec 14       		.byte	20
 1545 05ed 24       		.byte	36
 1546 05ee 17       		.byte	23
 1547 05ef 02       		.byte	2
 1548 05f0 1A       		.byte	26
 1549 05f1 10       		.byte	16
 1550 05f2 1D       		.byte	29
 1551 05f3 11       		.byte	17
 1552 05f4 1E       		.byte	30
 1553 05f5 02       		.byte	2
 1554 05f6 1F       		.byte	31
 1555 05f7 08       		.byte	8
 1556 05f8 20       		.byte	32
 1557 05f9 18       		.byte	24
 1558 05fa 22       		.byte	34
 1559 05fb 02       		.byte	2
 1560 05fc 24       		.byte	36
 1561 05fd 08       		.byte	8
 1562 05fe 26       		.byte	38
 1563 05ff 84       		.byte	-124
 1564 0600 27       		.byte	39
 1565 0601 02       		.byte	2
 1566 0602 29       		.byte	41
 1567 0603 29       		.byte	41
 1568 0604 2A       		.byte	42
 1569 0605 04       		.byte	4
 1570 0606 2E       		.byte	46
 1571 0607 06       		.byte	6
 1572 0608 2F       		.byte	47
 1573 0609 0A       		.byte	10
 1574 060a 32       		.byte	50
 1575 060b 92       		.byte	-110
 1576 060c 33       		.byte	51
 1577 060d 08       		.byte	8
 1578 060e 34       		.byte	52
 1579 060f 20       		.byte	32
 1580 0610 35       		.byte	53
 1581 0611 09       		.byte	9
 1582 0612 36       		.byte	54
 1583 0613 80       		.byte	-128
 1584 0614 38       		.byte	56
 1585 0615 82       		.byte	-126
 1586 0616 39       		.byte	57
 1587 0617 01       		.byte	1
 1588 0618 3B       		.byte	59
 1589 0619 14       		.byte	20
 1590 061a 3D       		.byte	61
 1591 061b 09       		.byte	9
 1592 061c 3F       		.byte	63
 1593 061d 50       		.byte	80
 1594 061e 90       		.byte	-112
 1595 061f 80       		.byte	-128
 1596 0620 93       		.byte	-109
ARM GAS  C:\Users\satomin\AppData\Local\Temp\cccHZF4S.s 			page 29


 1597 0621 54       		.byte	84
 1598 0622 94       		.byte	-108
 1599 0623 10       		.byte	16
 1600 0624 98       		.byte	-104
 1601 0625 24       		.byte	36
 1602 0626 9D       		.byte	-99
 1603 0627 01       		.byte	1
 1604 0628 A6       		.byte	-90
 1605 0629 82       		.byte	-126
 1606 062a A7       		.byte	-89
 1607 062b 08       		.byte	8
 1608 062c C0       		.byte	-64
 1609 062d E2       		.byte	-30
 1610 062e C2       		.byte	-62
 1611 062f E4       		.byte	-28
 1612 0630 C4       		.byte	-60
 1613 0631 7A       		.byte	122
 1614 0632 CA       		.byte	-54
 1615 0633 F7       		.byte	-9
 1616 0634 CC       		.byte	-52
 1617 0635 FF       		.byte	-1
 1618 0636 CE       		.byte	-50
 1619 0637 FF       		.byte	-1
 1620 0638 B4       		.byte	-76
 1621 0639 40       		.byte	64
 1622 063a E0       		.byte	-32
 1623 063b 80       		.byte	-128
 1624 063c EA       		.byte	-22
 1625 063d 01       		.byte	1
 1626 063e EC       		.byte	-20
 1627 063f 20       		.byte	32
 1628 0640 32       		.byte	50
 1629 0641 84       		.byte	-124
 1630 0642 37       		.byte	55
 1631 0643 10       		.byte	16
 1632 0644 CC       		.byte	-52
 1633 0645 70       		.byte	112
 1634 0646 0A       		.byte	10
 1635 0647 01       		.byte	1
 1636 0648 82       		.byte	-126
 1637 0649 80       		.byte	-128
 1638 064a 96       		.byte	-106
 1639 064b 08       		.byte	8
 1640 064c 9F       		.byte	-97
 1641 064d 10       		.byte	16
 1642 064e A6       		.byte	-90
 1643 064f 80       		.byte	-128
 1644 0650 C2       		.byte	-62
 1645 0651 40       		.byte	64
 1646 0652 E6       		.byte	-26
 1647 0653 20       		.byte	32
 1648 0654 3E       		.byte	62
 1649 0655 10       		.byte	16
 1650 0656 52       		.byte	82
 1651 0657 80       		.byte	-128
 1652 0658 56       		.byte	86
 1653 0659 80       		.byte	-128
ARM GAS  C:\Users\satomin\AppData\Local\Temp\cccHZF4S.s 			page 30


 1654 065a 82       		.byte	-126
 1655 065b 80       		.byte	-128
 1656 065c 96       		.byte	-106
 1657 065d 08       		.byte	8
 1658 065e 9F       		.byte	-97
 1659 065f 10       		.byte	16
 1660 0660 AE       		.byte	-82
 1661 0661 01       		.byte	1
 1662 0662 CE       		.byte	-50
 1663 0663 20       		.byte	32
 1664 0664 D4       		.byte	-44
 1665 0665 60       		.byte	96
 1666 0666 E2       		.byte	-30
 1667 0667 80       		.byte	-128
 1668 0668 E8       		.byte	-24
 1669 0669 10       		.byte	16
 1670 066a 96       		.byte	-106
 1671 066b 18       		.byte	24
 1672 066c 9F       		.byte	-97
 1673 066d 10       		.byte	16
 1674 066e AE       		.byte	-82
 1675 066f 80       		.byte	-128
 1676 0670 EE       		.byte	-18
 1677 0671 10       		.byte	16
 1678 0672 01       		.byte	1
 1679 0673 01       		.byte	1
 1680 0674 04       		.byte	4
 1681 0675 10       		.byte	16
 1682 0676 51       		.byte	81
 1683 0677 04       		.byte	4
 1684 0678 54       		.byte	84
 1685 0679 20       		.byte	32
 1686 067a 83       		.byte	-125
 1687 067b 80       		.byte	-128
 1688 067c C0       		.byte	-64
 1689 067d 09       		.byte	9
 1690 067e D4       		.byte	-44
 1691 067f 06       		.byte	6
 1692 0680 90       		.byte	-112
 1693 0681 10       		.byte	16
 1694 0682 91       		.byte	-111
 1695 0683 01       		.byte	1
 1696 0684 95       		.byte	-107
 1697 0685 08       		.byte	8
 1698 0686 A4       		.byte	-92
 1699 0687 20       		.byte	32
 1700 0688 A7       		.byte	-89
 1701 0689 80       		.byte	-128
 1702 068a 90       		.byte	-112
 1703 068b 10       		.byte	16
 1704 068c 91       		.byte	-111
 1705 068d 01       		.byte	1
 1706 068e 95       		.byte	-107
 1707 068f 08       		.byte	8
 1708 0690 A4       		.byte	-92
 1709 0691 20       		.byte	32
 1710 0692 A7       		.byte	-89
ARM GAS  C:\Users\satomin\AppData\Local\Temp\cccHZF4S.s 			page 31


 1711 0693 80       		.byte	-128
 1712 0694 20       		.byte	32
 1713 0695 80       		.byte	-128
 1714 0696 96       		.byte	-106
 1715 0697 18       		.byte	24
 1716 0698 9F       		.byte	-97
 1717 0699 10       		.byte	16
 1718 069a C8       		.byte	-56
 1719 069b 40       		.byte	64
 1720 069c 0A       		.byte	10
 1721 069d 01       		.byte	1
 1722 069e 1A       		.byte	26
 1723 069f 08       		.byte	8
 1724 06a0 83       		.byte	-125
 1725 06a1 10       		.byte	16
 1726 06a2 96       		.byte	-106
 1727 06a3 09       		.byte	9
 1728 06a4 9F       		.byte	-97
 1729 06a5 10       		.byte	16
 1730 06a6 AA       		.byte	-86
 1731 06a7 10       		.byte	16
 1732 06a8 B0       		.byte	-80
 1733 06a9 40       		.byte	64
 1734 06aa B2       		.byte	-78
 1735 06ab 01       		.byte	1
 1736 06ac C2       		.byte	-62
 1737 06ad 40       		.byte	64
 1738 06ae C6       		.byte	-58
 1739 06af 40       		.byte	64
 1740 06b0 E2       		.byte	-30
 1741 06b1 20       		.byte	32
 1742 06b2 EA       		.byte	-22
 1743 06b3 80       		.byte	-128
 1744 06b4 10       		.byte	16
 1745 06b5 20       		.byte	32
 1746 06b6 13       		.byte	19
 1747 06b7 20       		.byte	32
 1748 06b8 15       		.byte	21
 1749 06b9 08       		.byte	8
 1750 06ba 1F       		.byte	31
 1751 06bb 80       		.byte	-128
 1752 06bc 34       		.byte	52
 1753 06bd 01       		.byte	1
 1754 06be 64       		.byte	100
 1755 06bf 20       		.byte	32
 1756 06c0 79       		.byte	121
 1757 06c1 01       		.byte	1
 1758 06c2 7C       		.byte	124
 1759 06c3 10       		.byte	16
 1760 06c4 90       		.byte	-112
 1761 06c5 10       		.byte	16
 1762 06c6 91       		.byte	-111
 1763 06c7 01       		.byte	1
 1764 06c8 95       		.byte	-107
 1765 06c9 08       		.byte	8
 1766 06ca 98       		.byte	-104
 1767 06cb 20       		.byte	32
ARM GAS  C:\Users\satomin\AppData\Local\Temp\cccHZF4S.s 			page 32


 1768 06cc A4       		.byte	-92
 1769 06cd 20       		.byte	32
 1770 06ce A7       		.byte	-89
 1771 06cf 80       		.byte	-128
 1772 06d0 B4       		.byte	-76
 1773 06d1 20       		.byte	32
 1774 06d2 C4       		.byte	-60
 1775 06d3 0E       		.byte	14
 1776 06d4 C6       		.byte	-58
 1777 06d5 01       		.byte	1
 1778 06d6 CC       		.byte	-52
 1779 06d7 01       		.byte	1
 1780 06d8 D8       		.byte	-40
 1781 06d9 01       		.byte	1
 1782 06da DE       		.byte	-34
 1783 06db 03       		.byte	3
 1784 06dc E8       		.byte	-24
 1785 06dd 02       		.byte	2
 1786 06de 7B       		.byte	123
 1787 06df 01       		.byte	1
 1788 06e0 8B       		.byte	-117
 1789 06e1 01       		.byte	1
 1790 06e2 AB       		.byte	-85
 1791 06e3 20       		.byte	32
 1792 06e4 B0       		.byte	-80
 1793 06e5 01       		.byte	1
 1794 06e6 DC       		.byte	-36
 1795 06e7 01       		.byte	1
 1796 06e8 E0       		.byte	-32
 1797 06e9 01       		.byte	1
 1798 06ea EC       		.byte	-20
 1799 06eb 04       		.byte	4
 1800 06ec 00       		.byte	0
 1801 06ed 11       		.byte	17
 1802 06ee 08       		.byte	8
 1803 06ef 11       		.byte	17
 1804 06f0 0A       		.byte	10
 1805 06f1 11       		.byte	17
 1806 06f2 10       		.byte	16
 1807 06f3 14       		.byte	20
 1808 06f4 1A       		.byte	26
 1809 06f5 14       		.byte	20
 1810 06f6 00       		.byte	0
 1811 06f7 3F       		.byte	63
 1812 06f8 03       		.byte	3
 1813 06f9 C0       		.byte	-64
 1814 06fa 00       		.byte	0
 1815 06fb 00       		.byte	0
 1816 06fc C0       		.byte	-64
 1817 06fd 00       		.byte	0
 1818 06fe 00       		.byte	0
 1819 06ff 00       		.byte	0
 1820 0700 00       		.byte	0
 1821 0701 00       		.byte	0
 1822 0702 04       		.byte	4
 1823 0703 00       		.byte	0
 1824 0704 80       		.byte	-128
ARM GAS  C:\Users\satomin\AppData\Local\Temp\cccHZF4S.s 			page 33


 1825 0705 00       		.byte	0
 1826 0706 00       		.byte	0
 1827 0707 8C       		.byte	-116
 1828 0708 8C       		.byte	-116
 1829 0709 00       		.byte	0
 1830 070a 8C       		.byte	-116
 1831 070b 00       		.byte	0
 1832 070c 00       		.byte	0
 1833 070d 00       		.byte	0
 1834 070e 00       		.byte	0
 1835 070f 00       		.byte	0
 1836 0710 10       		.byte	16
 1837 0711 00       		.byte	0
 1838 0712 00       		.byte	0
 1839 0713 10       		.byte	16
 1840 0714 10       		.byte	16
 1841 0715 00       		.byte	0
 1842 0716 10       		.byte	16
 1843 0717 00       		.byte	0
 1844 0718 00       		.byte	0
 1845 0719 00       		.byte	0
 1846 071a 00       		.byte	0
 1847 071b 00       		.byte	0
 1848 071c 0F       		.byte	15
 1849 071d 00       		.byte	0
 1850 071e 00       		.byte	0
 1851 071f 06       		.byte	6
 1852 0720 0B       		.byte	11
 1853 0721 00       		.byte	0
 1854 0722 09       		.byte	9
 1855 0723 00       		.byte	0
 1856 0724 40       		.byte	64
 1857 0725 00       		.byte	0
 1858 0726 00       		.byte	0
 1859 0727 00       		.byte	0
 1860 0728 40       		.byte	64
 1861 0729 00       		.byte	0
 1862 072a 00       		.byte	0
 1863 072b 00       		.byte	0
 1864 072c 00       		.byte	0
 1865 072d 00       		.byte	0
 1866 072e 00       		.byte	0
 1867 072f 00       		.byte	0
 1868              		.section	.cywolatch,"a",%progbits
 1869              		.align	2
 1870              		.type	cy_meta_wonvl, %object
 1871              		.size	cy_meta_wonvl, 4
 1872              	cy_meta_wonvl:
 1873 0000 BC       		.byte	-68
 1874 0001 90       		.byte	-112
 1875 0002 AC       		.byte	-84
 1876 0003 AF       		.byte	-81
 1877              		.section	.cycustnvl,"a",%progbits
 1878              		.align	2
 1879              		.type	cy_meta_custnvl, %object
 1880              		.size	cy_meta_custnvl, 4
 1881              	cy_meta_custnvl:
ARM GAS  C:\Users\satomin\AppData\Local\Temp\cccHZF4S.s 			page 34


 1882 0000 00       		.byte	0
 1883 0001 00       		.byte	0
 1884 0002 40       		.byte	64
 1885 0003 05       		.byte	5
 1886              		.section	.cymeta,"a",%progbits
 1887              		.align	2
 1888              		.type	cy_metadata, %object
 1889              		.size	cy_metadata, 12
 1890              	cy_metadata:
 1891 0000 00       		.byte	0
 1892 0001 01       		.byte	1
 1893 0002 2E       		.byte	46
 1894 0003 16       		.byte	22
 1895 0004 10       		.byte	16
 1896 0005 69       		.byte	105
 1897 0006 00       		.byte	0
 1898 0007 01       		.byte	1
 1899 0008 00       		.byte	0
 1900 0009 00       		.byte	0
 1901 000a 00       		.byte	0
 1902 000b 00       		.byte	0
 1903              		.section	.cyflashprotect,"a",%progbits
 1904              		.align	2
 1905              		.type	cy_meta_flashprotect, %object
 1906              		.size	cy_meta_flashprotect, 256
 1907              	cy_meta_flashprotect:
 1908 0000 00000000 		.space	256
 1908      00000000 
 1908      00000000 
 1908      00000000 
 1908      00000000 
 1909              		.text
 1910              	.Letext0:
 1911              		.file 1 ".\\Generated_Source\\PSoC5\\cymetadata.c"
 1912              		.file 2 ".\\Generated_Source\\PSoC5\\cytypes.h"
 1913              		.section	.debug_info,"",%progbits
 1914              	.Ldebug_info0:
 1915 0000 3B010000 		.4byte	0x13b
 1916 0004 0400     		.2byte	0x4
 1917 0006 00000000 		.4byte	.Ldebug_abbrev0
 1918 000a 04       		.byte	0x4
 1919 000b 01       		.uleb128 0x1
 1920 000c 56010000 		.4byte	.LASF18
 1921 0010 01       		.byte	0x1
 1922 0011 00000000 		.4byte	.LASF19
 1923 0015 07010000 		.4byte	.LASF20
 1924 0019 00000000 		.4byte	.Ldebug_line0
 1925 001d 02       		.uleb128 0x2
 1926 001e 01       		.byte	0x1
 1927 001f 06       		.byte	0x6
 1928 0020 F8010000 		.4byte	.LASF0
 1929 0024 02       		.uleb128 0x2
 1930 0025 01       		.byte	0x1
 1931 0026 08       		.byte	0x8
 1932 0027 38000000 		.4byte	.LASF1
 1933 002b 02       		.uleb128 0x2
 1934 002c 02       		.byte	0x2
ARM GAS  C:\Users\satomin\AppData\Local\Temp\cccHZF4S.s 			page 35


 1935 002d 05       		.byte	0x5
 1936 002e F7000000 		.4byte	.LASF2
 1937 0032 02       		.uleb128 0x2
 1938 0033 02       		.byte	0x2
 1939 0034 07       		.byte	0x7
 1940 0035 58000000 		.4byte	.LASF3
 1941 0039 02       		.uleb128 0x2
 1942 003a 04       		.byte	0x4
 1943 003b 05       		.byte	0x5
 1944 003c EF010000 		.4byte	.LASF4
 1945 0040 02       		.uleb128 0x2
 1946 0041 04       		.byte	0x4
 1947 0042 07       		.byte	0x7
 1948 0043 46000000 		.4byte	.LASF5
 1949 0047 02       		.uleb128 0x2
 1950 0048 08       		.byte	0x8
 1951 0049 05       		.byte	0x5
 1952 004a E4000000 		.4byte	.LASF6
 1953 004e 02       		.uleb128 0x2
 1954 004f 08       		.byte	0x8
 1955 0050 07       		.byte	0x7
 1956 0051 A1000000 		.4byte	.LASF7
 1957 0055 03       		.uleb128 0x3
 1958 0056 04       		.byte	0x4
 1959 0057 05       		.byte	0x5
 1960 0058 696E7400 		.ascii	"int\000"
 1961 005c 02       		.uleb128 0x2
 1962 005d 04       		.byte	0x4
 1963 005e 07       		.byte	0x7
 1964 005f 94000000 		.4byte	.LASF8
 1965 0063 04       		.uleb128 0x4
 1966 0064 01010000 		.4byte	.LASF21
 1967 0068 02       		.byte	0x2
 1968 0069 3801     		.2byte	0x138
 1969 006b 24000000 		.4byte	0x24
 1970 006f 02       		.uleb128 0x2
 1971 0070 04       		.byte	0x4
 1972 0071 04       		.byte	0x4
 1973 0072 32000000 		.4byte	.LASF9
 1974 0076 02       		.uleb128 0x2
 1975 0077 08       		.byte	0x8
 1976 0078 04       		.byte	0x4
 1977 0079 6B000000 		.4byte	.LASF10
 1978 007d 02       		.uleb128 0x2
 1979 007e 01       		.byte	0x1
 1980 007f 08       		.byte	0x8
 1981 0080 F2000000 		.4byte	.LASF11
 1982 0084 05       		.uleb128 0x5
 1983 0085 63000000 		.4byte	0x63
 1984 0089 95000000 		.4byte	0x95
 1985 008d 06       		.uleb128 0x6
 1986 008e 95000000 		.4byte	0x95
 1987 0092 2F07     		.2byte	0x72f
 1988 0094 00       		.byte	0
 1989 0095 02       		.uleb128 0x2
 1990 0096 04       		.byte	0x4
 1991 0097 07       		.byte	0x7
ARM GAS  C:\Users\satomin\AppData\Local\Temp\cccHZF4S.s 			page 36


 1992 0098 DB000000 		.4byte	.LASF12
 1993 009c 07       		.uleb128 0x7
 1994 009d 82000000 		.4byte	.LASF13
 1995 00a1 01       		.byte	0x1
 1996 00a2 1F       		.byte	0x1f
 1997 00a3 AD000000 		.4byte	0xad
 1998 00a7 05       		.uleb128 0x5
 1999 00a8 03       		.byte	0x3
 2000 00a9 00000000 		.4byte	cy_meta_configecc
 2001 00ad 08       		.uleb128 0x8
 2002 00ae 84000000 		.4byte	0x84
 2003 00b2 05       		.uleb128 0x5
 2004 00b3 63000000 		.4byte	0x63
 2005 00b7 C2000000 		.4byte	0xc2
 2006 00bb 09       		.uleb128 0x9
 2007 00bc 95000000 		.4byte	0x95
 2008 00c0 03       		.byte	0x3
 2009 00c1 00       		.byte	0
 2010 00c2 0A       		.uleb128 0xa
 2011 00c3 72000000 		.4byte	.LASF14
 2012 00c7 01       		.byte	0x1
 2013 00c8 1201     		.2byte	0x112
 2014 00ca D4000000 		.4byte	0xd4
 2015 00ce 05       		.uleb128 0x5
 2016 00cf 03       		.byte	0x3
 2017 00d0 00000000 		.4byte	cy_meta_custnvl
 2018 00d4 08       		.uleb128 0x8
 2019 00d5 B2000000 		.4byte	0xb2
 2020 00d9 0A       		.uleb128 0xa
 2021 00da CD000000 		.4byte	.LASF15
 2022 00de 01       		.byte	0x1
 2023 00df 2001     		.2byte	0x120
 2024 00e1 EB000000 		.4byte	0xeb
 2025 00e5 05       		.uleb128 0x5
 2026 00e6 03       		.byte	0x3
 2027 00e7 00000000 		.4byte	cy_meta_wonvl
 2028 00eb 08       		.uleb128 0x8
 2029 00ec B2000000 		.4byte	0xb2
 2030 00f0 05       		.uleb128 0x5
 2031 00f1 63000000 		.4byte	0x63
 2032 00f5 00010000 		.4byte	0x100
 2033 00f9 09       		.uleb128 0x9
 2034 00fa 95000000 		.4byte	0x95
 2035 00fe FF       		.byte	0xff
 2036 00ff 00       		.byte	0
 2037 0100 0A       		.uleb128 0xa
 2038 0101 B8000000 		.4byte	.LASF16
 2039 0105 01       		.byte	0x1
 2040 0106 2E01     		.2byte	0x12e
 2041 0108 12010000 		.4byte	0x112
 2042 010c 05       		.uleb128 0x5
 2043 010d 03       		.byte	0x3
 2044 010e 00000000 		.4byte	cy_meta_flashprotect
 2045 0112 08       		.uleb128 0x8
 2046 0113 F0000000 		.4byte	0xf0
 2047 0117 05       		.uleb128 0x5
 2048 0118 63000000 		.4byte	0x63
ARM GAS  C:\Users\satomin\AppData\Local\Temp\cccHZF4S.s 			page 37


 2049 011c 27010000 		.4byte	0x127
 2050 0120 09       		.uleb128 0x9
 2051 0121 95000000 		.4byte	0x95
 2052 0125 0B       		.byte	0xb
 2053 0126 00       		.byte	0
 2054 0127 0A       		.uleb128 0xa
 2055 0128 26000000 		.4byte	.LASF17
 2056 012c 01       		.byte	0x1
 2057 012d 5B01     		.2byte	0x15b
 2058 012f 39010000 		.4byte	0x139
 2059 0133 05       		.uleb128 0x5
 2060 0134 03       		.byte	0x3
 2061 0135 00000000 		.4byte	cy_metadata
 2062 0139 08       		.uleb128 0x8
 2063 013a 17010000 		.4byte	0x117
 2064 013e 00       		.byte	0
 2065              		.section	.debug_abbrev,"",%progbits
 2066              	.Ldebug_abbrev0:
 2067 0000 01       		.uleb128 0x1
 2068 0001 11       		.uleb128 0x11
 2069 0002 01       		.byte	0x1
 2070 0003 25       		.uleb128 0x25
 2071 0004 0E       		.uleb128 0xe
 2072 0005 13       		.uleb128 0x13
 2073 0006 0B       		.uleb128 0xb
 2074 0007 03       		.uleb128 0x3
 2075 0008 0E       		.uleb128 0xe
 2076 0009 1B       		.uleb128 0x1b
 2077 000a 0E       		.uleb128 0xe
 2078 000b 10       		.uleb128 0x10
 2079 000c 17       		.uleb128 0x17
 2080 000d 00       		.byte	0
 2081 000e 00       		.byte	0
 2082 000f 02       		.uleb128 0x2
 2083 0010 24       		.uleb128 0x24
 2084 0011 00       		.byte	0
 2085 0012 0B       		.uleb128 0xb
 2086 0013 0B       		.uleb128 0xb
 2087 0014 3E       		.uleb128 0x3e
 2088 0015 0B       		.uleb128 0xb
 2089 0016 03       		.uleb128 0x3
 2090 0017 0E       		.uleb128 0xe
 2091 0018 00       		.byte	0
 2092 0019 00       		.byte	0
 2093 001a 03       		.uleb128 0x3
 2094 001b 24       		.uleb128 0x24
 2095 001c 00       		.byte	0
 2096 001d 0B       		.uleb128 0xb
 2097 001e 0B       		.uleb128 0xb
 2098 001f 3E       		.uleb128 0x3e
 2099 0020 0B       		.uleb128 0xb
 2100 0021 03       		.uleb128 0x3
 2101 0022 08       		.uleb128 0x8
 2102 0023 00       		.byte	0
 2103 0024 00       		.byte	0
 2104 0025 04       		.uleb128 0x4
 2105 0026 16       		.uleb128 0x16
ARM GAS  C:\Users\satomin\AppData\Local\Temp\cccHZF4S.s 			page 38


 2106 0027 00       		.byte	0
 2107 0028 03       		.uleb128 0x3
 2108 0029 0E       		.uleb128 0xe
 2109 002a 3A       		.uleb128 0x3a
 2110 002b 0B       		.uleb128 0xb
 2111 002c 3B       		.uleb128 0x3b
 2112 002d 05       		.uleb128 0x5
 2113 002e 49       		.uleb128 0x49
 2114 002f 13       		.uleb128 0x13
 2115 0030 00       		.byte	0
 2116 0031 00       		.byte	0
 2117 0032 05       		.uleb128 0x5
 2118 0033 01       		.uleb128 0x1
 2119 0034 01       		.byte	0x1
 2120 0035 49       		.uleb128 0x49
 2121 0036 13       		.uleb128 0x13
 2122 0037 01       		.uleb128 0x1
 2123 0038 13       		.uleb128 0x13
 2124 0039 00       		.byte	0
 2125 003a 00       		.byte	0
 2126 003b 06       		.uleb128 0x6
 2127 003c 21       		.uleb128 0x21
 2128 003d 00       		.byte	0
 2129 003e 49       		.uleb128 0x49
 2130 003f 13       		.uleb128 0x13
 2131 0040 2F       		.uleb128 0x2f
 2132 0041 05       		.uleb128 0x5
 2133 0042 00       		.byte	0
 2134 0043 00       		.byte	0
 2135 0044 07       		.uleb128 0x7
 2136 0045 34       		.uleb128 0x34
 2137 0046 00       		.byte	0
 2138 0047 03       		.uleb128 0x3
 2139 0048 0E       		.uleb128 0xe
 2140 0049 3A       		.uleb128 0x3a
 2141 004a 0B       		.uleb128 0xb
 2142 004b 3B       		.uleb128 0x3b
 2143 004c 0B       		.uleb128 0xb
 2144 004d 49       		.uleb128 0x49
 2145 004e 13       		.uleb128 0x13
 2146 004f 3F       		.uleb128 0x3f
 2147 0050 19       		.uleb128 0x19
 2148 0051 02       		.uleb128 0x2
 2149 0052 18       		.uleb128 0x18
 2150 0053 00       		.byte	0
 2151 0054 00       		.byte	0
 2152 0055 08       		.uleb128 0x8
 2153 0056 26       		.uleb128 0x26
 2154 0057 00       		.byte	0
 2155 0058 49       		.uleb128 0x49
 2156 0059 13       		.uleb128 0x13
 2157 005a 00       		.byte	0
 2158 005b 00       		.byte	0
 2159 005c 09       		.uleb128 0x9
 2160 005d 21       		.uleb128 0x21
 2161 005e 00       		.byte	0
 2162 005f 49       		.uleb128 0x49
ARM GAS  C:\Users\satomin\AppData\Local\Temp\cccHZF4S.s 			page 39


 2163 0060 13       		.uleb128 0x13
 2164 0061 2F       		.uleb128 0x2f
 2165 0062 0B       		.uleb128 0xb
 2166 0063 00       		.byte	0
 2167 0064 00       		.byte	0
 2168 0065 0A       		.uleb128 0xa
 2169 0066 34       		.uleb128 0x34
 2170 0067 00       		.byte	0
 2171 0068 03       		.uleb128 0x3
 2172 0069 0E       		.uleb128 0xe
 2173 006a 3A       		.uleb128 0x3a
 2174 006b 0B       		.uleb128 0xb
 2175 006c 3B       		.uleb128 0x3b
 2176 006d 05       		.uleb128 0x5
 2177 006e 49       		.uleb128 0x49
 2178 006f 13       		.uleb128 0x13
 2179 0070 3F       		.uleb128 0x3f
 2180 0071 19       		.uleb128 0x19
 2181 0072 02       		.uleb128 0x2
 2182 0073 18       		.uleb128 0x18
 2183 0074 00       		.byte	0
 2184 0075 00       		.byte	0
 2185 0076 00       		.byte	0
 2186              		.section	.debug_aranges,"",%progbits
 2187 0000 14000000 		.4byte	0x14
 2188 0004 0200     		.2byte	0x2
 2189 0006 00000000 		.4byte	.Ldebug_info0
 2190 000a 04       		.byte	0x4
 2191 000b 00       		.byte	0
 2192 000c 0000     		.2byte	0
 2193 000e 0000     		.2byte	0
 2194 0010 00000000 		.4byte	0
 2195 0014 00000000 		.4byte	0
 2196              		.section	.debug_line,"",%progbits
 2197              	.Ldebug_line0:
 2198 0000 4F000000 		.section	.debug_str,"MS",%progbits,1
 2198      02004900 
 2198      00000201 
 2198      FB0E0D00 
 2198      01010101 
 2199              	.LASF19:
 2200 0000 2E5C4765 		.ascii	".\\Generated_Source\\PSoC5\\cymetadata.c\000"
 2200      6E657261 
 2200      7465645F 
 2200      536F7572 
 2200      63655C50 
 2201              	.LASF17:
 2202 0026 63795F6D 		.ascii	"cy_metadata\000"
 2202      65746164 
 2202      61746100 
 2203              	.LASF9:
 2204 0032 666C6F61 		.ascii	"float\000"
 2204      7400
 2205              	.LASF1:
 2206 0038 756E7369 		.ascii	"unsigned char\000"
 2206      676E6564 
 2206      20636861 
ARM GAS  C:\Users\satomin\AppData\Local\Temp\cccHZF4S.s 			page 40


 2206      7200
 2207              	.LASF5:
 2208 0046 6C6F6E67 		.ascii	"long unsigned int\000"
 2208      20756E73 
 2208      69676E65 
 2208      6420696E 
 2208      7400
 2209              	.LASF3:
 2210 0058 73686F72 		.ascii	"short unsigned int\000"
 2210      7420756E 
 2210      7369676E 
 2210      65642069 
 2210      6E7400
 2211              	.LASF10:
 2212 006b 646F7562 		.ascii	"double\000"
 2212      6C6500
 2213              	.LASF14:
 2214 0072 63795F6D 		.ascii	"cy_meta_custnvl\000"
 2214      6574615F 
 2214      63757374 
 2214      6E766C00 
 2215              	.LASF13:
 2216 0082 63795F6D 		.ascii	"cy_meta_configecc\000"
 2216      6574615F 
 2216      636F6E66 
 2216      69676563 
 2216      6300
 2217              	.LASF8:
 2218 0094 756E7369 		.ascii	"unsigned int\000"
 2218      676E6564 
 2218      20696E74 
 2218      00
 2219              	.LASF7:
 2220 00a1 6C6F6E67 		.ascii	"long long unsigned int\000"
 2220      206C6F6E 
 2220      6720756E 
 2220      7369676E 
 2220      65642069 
 2221              	.LASF16:
 2222 00b8 63795F6D 		.ascii	"cy_meta_flashprotect\000"
 2222      6574615F 
 2222      666C6173 
 2222      6870726F 
 2222      74656374 
 2223              	.LASF15:
 2224 00cd 63795F6D 		.ascii	"cy_meta_wonvl\000"
 2224      6574615F 
 2224      776F6E76 
 2224      6C00
 2225              	.LASF12:
 2226 00db 73697A65 		.ascii	"sizetype\000"
 2226      74797065 
 2226      00
 2227              	.LASF6:
 2228 00e4 6C6F6E67 		.ascii	"long long int\000"
 2228      206C6F6E 
 2228      6720696E 
ARM GAS  C:\Users\satomin\AppData\Local\Temp\cccHZF4S.s 			page 41


 2228      7400
 2229              	.LASF11:
 2230 00f2 63686172 		.ascii	"char\000"
 2230      00
 2231              	.LASF2:
 2232 00f7 73686F72 		.ascii	"short int\000"
 2232      7420696E 
 2232      7400
 2233              	.LASF21:
 2234 0101 75696E74 		.ascii	"uint8\000"
 2234      3800
 2235              	.LASF20:
 2236 0107 433A5C55 		.ascii	"C:\\Users\\satomin\\Documents\\PSoC Creator\\AI_min"
 2236      73657273 
 2236      5C736174 
 2236      6F6D696E 
 2236      5C446F63 
 2237 0135 695F3230 		.ascii	"i_2016_9_1\\AI_mini_gatData.cydsn\000"
 2237      31365F39 
 2237      5F315C41 
 2237      495F6D69 
 2237      6E695F67 
 2238              	.LASF18:
 2239 0156 474E5520 		.ascii	"GNU C 4.9.3 20150303 (release) [ARM/embedded-4_9-br"
 2239      4320342E 
 2239      392E3320 
 2239      32303135 
 2239      30333033 
 2240 0189 616E6368 		.ascii	"anch revision 221220] -mcpu=cortex-m3 -mthumb -g -O"
 2240      20726576 
 2240      6973696F 
 2240      6E203232 
 2240      31323230 
 2241 01bc 67202D73 		.ascii	"g -std=gnu99 -ffunction-sections -ffat-lto-objects\000"
 2241      74643D67 
 2241      6E753939 
 2241      202D6666 
 2241      756E6374 
 2242              	.LASF4:
 2243 01ef 6C6F6E67 		.ascii	"long int\000"
 2243      20696E74 
 2243      00
 2244              	.LASF0:
 2245 01f8 7369676E 		.ascii	"signed char\000"
 2245      65642063 
 2245      68617200 
 2246              		.ident	"GCC: (GNU Tools for ARM Embedded Processors) 4.9.3 20150303 (release) [ARM/embedded-4_9-br
